#
# There is insufficient memory for the Java Runtime Environment to continue.
# Native memory allocation (malloc) failed to allocate 2450736 bytes for Chunk::new
# Possible reasons:
#   The system is out of physical RAM or swap space
#   In 32 bit mode, the process size limit was hit
# Possible solutions:
#   Reduce memory load on the system
#   Increase physical memory or swap space
#   Check if swap backing store is full
#   Use 64 bit Java on a 64 bit OS
#   Decrease Java heap size (-Xmx/-Xms)
#   Decrease number of Java threads
#   Decrease Java thread stack sizes (-Xss)
#   Set larger code cache with -XX:ReservedCodeCacheSize=
# This output file may be truncated or incomplete.
#
#  Out of Memory Error (allocation.cpp:390), pid=16060, tid=15896
#
# JRE version: Java(TM) SE Runtime Environment (8.0_73-b02) (build 1.8.0_73-b02)
# Java VM: Java HotSpot(TM) 64-Bit Server VM (25.73-b02 mixed mode windows-amd64 compressed oops)
# Failed to write core dump. Minidumps are not enabled by default on client versions of Windows
#

---------------  T H R E A D  ---------------

Current thread (0x00000000152cb000):  JavaThread "C2 CompilerThread0" daemon [_thread_in_native, id=15896, stack(0x0000000016b30000,0x0000000016c30000)]

Stack: [0x0000000016b30000,0x0000000016c30000]
[error occurred during error reporting (printing stack bounds), id 0xc0000005]

Native frames: (J=compiled Java code, j=interpreted, Vv=VM code, C=native code)


Current CompileTask:
C2:  10032 1846   !   4       com.android.dx.cf.cst.ConstantPoolParser::parse0 (731 bytes)


---------------  P R O C E S S  ---------------

Java Threads: ( => current thread )
  0x0000000016eae800 JavaThread "pool-1-thread-1" [_thread_in_Java, id=11524, stack(0x0000000017530000,0x0000000017630000)]
  0x0000000016c92000 JavaThread "Service Thread" daemon [_thread_blocked, id=13088, stack(0x0000000017230000,0x0000000017330000)]
  0x0000000016c89000 JavaThread "C1 CompilerThread2" daemon [_thread_blocked, id=14788, stack(0x0000000017130000,0x0000000017230000)]
  0x0000000016c85800 JavaThread "C2 CompilerThread1" daemon [_thread_in_native, id=17232, stack(0x0000000017030000,0x0000000017130000)]
=>0x00000000152cb000 JavaThread "C2 CompilerThread0" daemon [_thread_in_native, id=15896, stack(0x0000000016b30000,0x0000000016c30000)]
  0x00000000152c9000 JavaThread "Attach Listener" daemon [_thread_blocked, id=3020, stack(0x0000000016a30000,0x0000000016b30000)]
  0x000000001527e800 JavaThread "Signal Dispatcher" daemon [_thread_blocked, id=9356, stack(0x0000000016930000,0x0000000016a30000)]
  0x0000000002b96000 JavaThread "Finalizer" daemon [_thread_blocked, id=16496, stack(0x00000000164d0000,0x00000000165d0000)]
  0x0000000002b8d000 JavaThread "Reference Handler" daemon [_thread_blocked, id=11092, stack(0x00000000163d0000,0x00000000164d0000)]
  0x0000000000f0e000 JavaThread "main" [_thread_blocked, id=9444, stack(0x00000000029a0000,0x0000000002aa0000)]

Other Threads:
  0x0000000015237800 VMThread [stack: 0x00000000162d0000,0x00000000163d0000] [id=12888]
  0x0000000016cb5000 WatcherThread [stack: 0x0000000017330000,0x0000000017430000] [id=16920]

VM state:not at safepoint (normal execution)

VM Mutex/Monitor currently owned by a thread: None

Heap:
 PSYoungGen      total 283648K, used 48749K [0x00000000eab00000, 0x00000000ff400000, 0x0000000100000000)
  eden space 253440K, 7% used [0x00000000eab00000,0x00000000ebd1d908,0x00000000fa280000)
  from space 30208K, 99% used [0x00000000fc780000,0x00000000fe4fddd8,0x00000000fe500000)
  to   space 37888K, 0% used [0x00000000fa280000,0x00000000fa280000,0x00000000fc780000)
 ParOldGen       total 87552K, used 46288K [0x00000000c0000000, 0x00000000c5580000, 0x00000000eab00000)
  object space 87552K, 52% used [0x00000000c0000000,0x00000000c2d34188,0x00000000c5580000)
 Metaspace       used 6915K, capacity 7512K, committed 7680K, reserved 1056768K
  class space    used 644K, capacity 656K, committed 768K, reserved 1048576K

Card table byte_map: [0x0000000011f60000,0x0000000012170000] byte_map_base: 0x0000000011960000

Marking Bits: (ParMarkBitMap*) 0x000000005e3f0600
 Begin Bits: [0x00000000126d0000, 0x00000000136d0000)
 End Bits:   [0x00000000136d0000, 0x00000000146d0000)

Polling page: 0x0000000000f10000

CodeCache: size=245760Kb used=10067Kb max_used=10067Kb free=235692Kb
 bounds [0x0000000002ba0000, 0x0000000003580000, 0x0000000011ba0000]
 total_blobs=2748 nmethods=2476 adapters=184
 compilation: enabled

Compilation events (10 events):
Event: 9.728 Thread 0x0000000016c89000 2522       2       com.android.dx.dex.code.form.Form35c::compatibleRegs (69 bytes)
Event: 9.728 Thread 0x0000000016c89000 nmethod 2522 0x0000000003574ed0 code [0x0000000003575080, 0x00000000035753f8]
Event: 9.729 Thread 0x0000000016c89000 2523       2       com.android.dx.dex.code.SimpleInsn::withOpcode (17 bytes)
Event: 9.729 Thread 0x0000000016c89000 nmethod 2523 0x00000000035757d0 code [0x0000000003575940, 0x0000000003575b28]
Event: 9.822 Thread 0x0000000016c89000 2525 %     3       java.util.Arrays::fill @ 5 (21 bytes)
Event: 9.822 Thread 0x0000000016c89000 nmethod 2525% 0x0000000003575c10 code [0x0000000003575d80, 0x0000000003575fd0]
Event: 9.941 Thread 0x0000000016c89000 2526 %     3       com.android.dx.dex.code.OutputFinisher::reserveRegisters @ 54 (119 bytes)
Event: 9.943 Thread 0x0000000016c89000 nmethod 2526% 0x0000000003576110 code [0x0000000003576360, 0x00000000035771d8]
Event: 9.943 Thread 0x0000000016c89000 2527       3       com.android.dx.dex.code.OutputFinisher::reserveRegisters (119 bytes)
Event: 9.944 Thread 0x0000000016c89000 nmethod 2527 0x0000000003577c10 code [0x0000000003577e60, 0x0000000003578bb8]

GC Heap History (10 events):
Event: 3.764 GC heap before
{Heap before GC invocations=4 (full 0):
 PSYoungGen      total 38400K, used 38396K [0x00000000eab00000, 0x00000000ef600000, 0x0000000100000000)
  eden space 33280K, 100% used [0x00000000eab00000,0x00000000ecb80000,0x00000000ecb80000)
  from space 5120K, 99% used [0x00000000ecb80000,0x00000000ed07f360,0x00000000ed080000)
  to   space 5120K, 0% used [0x00000000ef100000,0x00000000ef100000,0x00000000ef600000)
 ParOldGen       total 87552K, used 8804K [0x00000000c0000000, 0x00000000c5580000, 0x00000000eab00000)
  object space 87552K, 10% used [0x00000000c0000000,0x00000000c0899140,0x00000000c5580000)
 Metaspace       used 6312K, capacity 7158K, committed 7296K, reserved 1056768K
  class space    used 607K, capacity 622K, committed 640K, reserved 1048576K
Event: 3.805 GC heap after
Heap after GC invocations=4 (full 0):
 PSYoungGen      total 71680K, used 5100K [0x00000000eab00000, 0x00000000ef600000, 0x0000000100000000)
  eden space 66560K, 0% used [0x00000000eab00000,0x00000000eab00000,0x00000000eec00000)
  from space 5120K, 99% used [0x00000000ef100000,0x00000000ef5fb370,0x00000000ef600000)
  to   space 5120K, 0% used [0x00000000eec00000,0x00000000eec00000,0x00000000ef100000)
 ParOldGen       total 87552K, used 13976K [0x00000000c0000000, 0x00000000c5580000, 0x00000000eab00000)
  object space 87552K, 15% used [0x00000000c0000000,0x00000000c0da63e8,0x00000000c5580000)
 Metaspace       used 6312K, capacity 7158K, committed 7296K, reserved 1056768K
  class space    used 607K, capacity 622K, committed 640K, reserved 1048576K
}
Event: 4.461 GC heap before
{Heap before GC invocations=5 (full 0):
 PSYoungGen      total 71680K, used 71660K [0x00000000eab00000, 0x00000000ef600000, 0x0000000100000000)
  eden space 66560K, 100% used [0x00000000eab00000,0x00000000eec00000,0x00000000eec00000)
  from space 5120K, 99% used [0x00000000ef100000,0x00000000ef5fb370,0x00000000ef600000)
  to   space 5120K, 0% used [0x00000000eec00000,0x00000000eec00000,0x00000000ef100000)
 ParOldGen       total 87552K, used 13976K [0x00000000c0000000, 0x00000000c5580000, 0x00000000eab00000)
  object space 87552K, 15% used [0x00000000c0000000,0x00000000c0da63e8,0x00000000c5580000)
 Metaspace       used 6377K, capacity 7158K, committed 7296K, reserved 1056768K
  class space    used 607K, capacity 622K, committed 640K, reserved 1048576K
Event: 4.563 GC heap after
Heap after GC invocations=5 (full 0):
 PSYoungGen      total 71680K, used 5104K [0x00000000eab00000, 0x00000000f4e00000, 0x0000000100000000)
  eden space 66560K, 0% used [0x00000000eab00000,0x00000000eab00000,0x00000000eec00000)
  from space 5120K, 99% used [0x00000000eec00000,0x00000000ef0fc1b0,0x00000000ef100000)
  to   space 16896K, 0% used [0x00000000f3d80000,0x00000000f3d80000,0x00000000f4e00000)
 ParOldGen       total 87552K, used 24225K [0x00000000c0000000, 0x00000000c5580000, 0x00000000eab00000)
  object space 87552K, 27% used [0x00000000c0000000,0x00000000c17a8440,0x00000000c5580000)
 Metaspace       used 6377K, capacity 7158K, committed 7296K, reserved 1056768K
  class space    used 607K, capacity 622K, committed 640K, reserved 1048576K
}
Event: 5.151 GC heap before
{Heap before GC invocations=6 (full 0):
 PSYoungGen      total 71680K, used 71664K [0x00000000eab00000, 0x00000000f4e00000, 0x0000000100000000)
  eden space 66560K, 100% used [0x00000000eab00000,0x00000000eec00000,0x00000000eec00000)
  from space 5120K, 99% used [0x00000000eec00000,0x00000000ef0fc1b0,0x00000000ef100000)
  to   space 16896K, 0% used [0x00000000f3d80000,0x00000000f3d80000,0x00000000f4e00000)
 ParOldGen       total 87552K, used 24225K [0x00000000c0000000, 0x00000000c5580000, 0x00000000eab00000)
  object space 87552K, 27% used [0x00000000c0000000,0x00000000c17a8440,0x00000000c5580000)
 Metaspace       used 6419K, capacity 7222K, committed 7296K, reserved 1056768K
  class space    used 607K, capacity 622K, committed 640K, reserved 1048576K
Event: 5.236 GC heap after
Heap after GC invocations=6 (full 0):
 PSYoungGen      total 147456K, used 15802K [0x00000000eab00000, 0x00000000f5300000, 0x0000000100000000)
  eden space 130560K, 0% used [0x00000000eab00000,0x00000000eab00000,0x00000000f2a80000)
  from space 16896K, 93% used [0x00000000f3d80000,0x00000000f4cee870,0x00000000f4e00000)
  to   space 19456K, 0% used [0x00000000f2a80000,0x00000000f2a80000,0x00000000f3d80000)
 ParOldGen       total 87552K, used 24233K [0x00000000c0000000, 0x00000000c5580000, 0x00000000eab00000)
  object space 87552K, 27% used [0x00000000c0000000,0x00000000c17aa440,0x00000000c5580000)
 Metaspace       used 6419K, capacity 7222K, committed 7296K, reserved 1056768K
  class space    used 607K, capacity 622K, committed 640K, reserved 1048576K
}
Event: 6.592 GC heap before
{Heap before GC invocations=7 (full 0):
 PSYoungGen      total 147456K, used 146362K [0x00000000eab00000, 0x00000000f5300000, 0x0000000100000000)
  eden space 130560K, 100% used [0x00000000eab00000,0x00000000f2a80000,0x00000000f2a80000)
  from space 16896K, 93% used [0x00000000f3d80000,0x00000000f4cee870,0x00000000f4e00000)
  to   space 19456K, 0% used [0x00000000f2a80000,0x00000000f2a80000,0x00000000f3d80000)
 ParOldGen       total 87552K, used 24233K [0x00000000c0000000, 0x00000000c5580000, 0x00000000eab00000)
  object space 87552K, 27% used [0x00000000c0000000,0x00000000c17aa440,0x00000000c5580000)
 Metaspace       used 6577K, capacity 7256K, committed 7424K, reserved 1056768K
  class space    used 626K, capacity 656K, committed 768K, reserved 1048576K
Event: 6.822 GC heap after
Heap after GC invocations=7 (full 0):
 PSYoungGen      total 150016K, used 19436K [0x00000000eab00000, 0x00000000fe500000, 0x0000000100000000)
  eden space 130560K, 0% used [0x00000000eab00000,0x00000000eab00000,0x00000000f2a80000)
  from space 19456K, 99% used [0x00000000f2a80000,0x00000000f3d7b320,0x00000000f3d80000)
  to   space 30208K, 0% used [0x00000000fc780000,0x00000000fc780000,0x00000000fe500000)
 ParOldGen       total 87552K, used 39522K [0x00000000c0000000, 0x00000000c5580000, 0x00000000eab00000)
  object space 87552K, 45% used [0x00000000c0000000,0x00000000c26988c8,0x00000000c5580000)
 Metaspace       used 6577K, capacity 7256K, committed 7424K, reserved 1056768K
  class space    used 626K, capacity 656K, committed 768K, reserved 1048576K
}
Event: 8.147 GC heap before
{Heap before GC invocations=8 (full 0):
 PSYoungGen      total 150016K, used 149996K [0x00000000eab00000, 0x00000000fe500000, 0x0000000100000000)
  eden space 130560K, 100% used [0x00000000eab00000,0x00000000f2a80000,0x00000000f2a80000)
  from space 19456K, 99% used [0x00000000f2a80000,0x00000000f3d7b320,0x00000000f3d80000)
  to   space 30208K, 0% used [0x00000000fc780000,0x00000000fc780000,0x00000000fe500000)
 ParOldGen       total 87552K, used 39522K [0x00000000c0000000, 0x00000000c5580000, 0x00000000eab00000)
  object space 87552K, 45% used [0x00000000c0000000,0x00000000c26988c8,0x00000000c5580000)
 Metaspace       used 6685K, capacity 7320K, committed 7680K, reserved 1056768K
  class space    used 632K, capacity 656K, committed 768K, reserved 1048576K
Event: 8.399 GC heap after
Heap after GC invocations=8 (full 0):
 PSYoungGen      total 283648K, used 30199K [0x00000000eab00000, 0x00000000ff400000, 0x0000000100000000)
  eden space 253440K, 0% used [0x00000000eab00000,0x00000000eab00000,0x00000000fa280000)
  from space 30208K, 99% used [0x00000000fc780000,0x00000000fe4fddd8,0x00000000fe500000)
  to   space 37888K, 0% used [0x00000000fa280000,0x00000000fa280000,0x00000000fc780000)
 ParOldGen       total 87552K, used 46288K [0x00000000c0000000, 0x00000000c5580000, 0x00000000eab00000)
  object space 87552K, 52% used [0x00000000c0000000,0x00000000c2d34188,0x00000000c5580000)
 Metaspace       used 6685K, capacity 7320K, committed 7680K, reserved 1056768K
  class space    used 632K, capacity 656K, committed 768K, reserved 1048576K
}

Deoptimization events (10 events):
Event: 7.960 Thread 0x0000000016eae800 Uncommon trap: reason=class_check action=maybe_recompile pc=0x0000000003084e88 method=java.util.Arrays.hashCode([Ljava/lang/Object;)I @ 43
Event: 7.960 Thread 0x0000000016eae800 Uncommon trap: reason=class_check action=maybe_recompile pc=0x0000000003084e88 method=java.util.Arrays.hashCode([Ljava/lang/Object;)I @ 43
Event: 7.960 Thread 0x0000000016eae800 Uncommon trap: reason=class_check action=maybe_recompile pc=0x000000000302e534 method=java.util.Arrays.hashCode([Ljava/lang/Object;)I @ 43
Event: 8.010 Thread 0x0000000016eae800 Uncommon trap: reason=class_check action=maybe_recompile pc=0x0000000003052ff8 method=java.util.HashMap.putVal(ILjava/lang/Object;Ljava/lang/Object;ZZ)Ljava/lang/Object; @ 203
Event: 8.961 Thread 0x0000000016eae800 Uncommon trap: reason=speculate_class_check action=maybe_recompile pc=0x0000000002ee8490 method=com.android.dx.util.FixedSizeList.equals(Ljava/lang/Object;)Z @ 25
Event: 8.961 Thread 0x0000000016eae800 Uncommon trap: reason=speculate_class_check action=maybe_recompile pc=0x0000000002ee8490 method=com.android.dx.util.FixedSizeList.equals(Ljava/lang/Object;)Z @ 25
Event: 8.962 Thread 0x0000000016eae800 Uncommon trap: reason=speculate_class_check action=maybe_recompile pc=0x0000000002ee8490 method=com.android.dx.util.FixedSizeList.equals(Ljava/lang/Object;)Z @ 25
Event: 8.962 Thread 0x0000000016eae800 Uncommon trap: reason=speculate_class_check action=maybe_recompile pc=0x0000000002ee8490 method=com.android.dx.util.FixedSizeList.equals(Ljava/lang/Object;)Z @ 25
Event: 8.962 Thread 0x0000000016eae800 Uncommon trap: reason=unstable_if action=reinterpret pc=0x00000000033e1f54 method=java.util.TreeMap.put(Ljava/lang/Object;Ljava/lang/Object;)Ljava/lang/Object; @ 163
Event: 9.424 Thread 0x0000000016eae800 Uncommon trap: reason=unstable_if action=reinterpret pc=0x000000000355d914 method=com.android.dx.dex.code.LocalList$MakeState.snapshot(ILcom/android/dx/rop/code/RegisterSpecSet;)V @ 86

Internal exceptions (5 events):
Event: 0.295 Thread 0x0000000000f0e000 Exception <a 'java/lang/NoSuchMethodError': Method sun.misc.Unsafe.defineClass(Ljava/lang/String;[BII)Ljava/lang/Class; name or signature does not match> (0x00000000eab12f18) thrown at [D:\re\puppet\workspace\8-2-build-windows-amd64-cygwin\jdk8u73\6086\hotª­£8ÝÜÒ?
Event: 0.295 Thread 0x0000000000f0e000 Exception <a 'java/lang/NoSuchMethodError': Method sun.misc.Unsafe.prefetchRead(Ljava/lang/Object;J)V name or signature does not match> (0x00000000eab13200) thrown at [D:\re\puppet\workspace\8-2-build-windows-amd64-cygwin\jdk8u73\6086\hotspot\src\share\vm\éÙ&$“@
Event: 5.394 Thread 0x0000000016fd9000 Exception <a 'java/lang/ArrayIndexOutOfBoundsException': 18> (0x00000000ec159738) thrown at [D:\re\puppet\workspace\8-2-build-windows-amd64-cygwin\jdk8u73\6086\hotspot\src\share\vm\interpreter\interpreterRuntime.cpp, line 366]
Event: 5.394 Thread 0x0000000016fd9000 Exception <a 'java/lang/ArrayIndexOutOfBoundsException': 145> (0x00000000ec15b2b8) thrown at [D:\re\puppet\workspace\8-2-build-windows-amd64-cygwin\jdk8u73\6086\hotspot\src\share\vm\interpreter\interpreterRuntime.cpp, line 366]
Event: 5.404 Thread 0x0000000016fd9000 Exception <a 'java/lang/ArrayIndexOutOfBoundsException'> (0x00000000ec15c5a0) thrown at [D:\re\puppet\workspace\8-2-build-windows-amd64-cygwin\jdk8u73\6086\hotspot\src\share\vm\runtime\sharedRuntime.cpp, line 605]

Events (10 events):
Event: 9.424 Thread 0x0000000016eae800 DEOPT PACKING pc=0x000000000355d914 sp=0x000000001762ecd0
Event: 9.424 Thread 0x0000000016eae800 DEOPT UNPACKING pc=0x0000000002be582a sp=0x000000001762ecb0 mode 2
Event: 9.431 Thread 0x0000000016eae800 DEOPT PACKING pc=0x00000000034e0161 sp=0x000000001762ec80
Event: 9.431 Thread 0x0000000016eae800 DEOPT UNPACKING pc=0x0000000002be787f sp=0x000000001762ea88 mode 0
Event: 9.499 Thread 0x0000000016eae800 DEOPT PACKING pc=0x00000000034d6062 sp=0x000000001762eab0
Event: 9.499 Thread 0x0000000016eae800 DEOPT UNPACKING pc=0x0000000002be787f sp=0x000000001762e830 mode 0
Event: 9.824 Thread 0x0000000016eae800 DEOPT PACKING pc=0x00000000034bf2b0 sp=0x000000001762ebf0
Event: 9.824 Thread 0x0000000016eae800 DEOPT UNPACKING pc=0x0000000002be787f sp=0x000000001762e8d8 mode 0
Event: 9.944 Thread 0x0000000016eae800 DEOPT PACKING pc=0x0000000003518361 sp=0x000000001762ecd0
Event: 9.944 Thread 0x0000000016eae800 DEOPT UNPACKING pc=0x0000000002be787f sp=0x000000001762ea48 mode 0


Dynamic libraries:
0x00007ff741620000 - 0x00007ff741657000 	C:\Program Files\Java\jdk1.8.0_73\bin\java.exe
0x00007fffb8540000 - 0x00007fffb86ed000 	C:\windows\SYSTEM32\ntdll.dll
0x00007fffb5c20000 - 0x00007fffb5d5e000 	C:\windows\system32\KERNEL32.DLL
0x00007fffb5760000 - 0x00007fffb5875000 	C:\windows\system32\KERNELBASE.dll
0x00007fffb4210000 - 0x00007fffb429e000 	C:\windows\system32\apphelp.dll
0x00007fff9b3a0000 - 0x00007fff9b3f3000 	C:\windows\AppPatch\AppPatch64\AcGenral.DLL
0x00007fffb6080000 - 0x00007fffb612a000 	C:\windows\system32\msvcrt.dll
0x00007fffb52c0000 - 0x00007fffb52ee000 	C:\windows\SYSTEM32\SspiCli.dll
0x00007fffb62e0000 - 0x00007fffb6334000 	C:\windows\system32\SHLWAPI.dll
0x00007fffb8200000 - 0x00007fffb8377000 	C:\windows\system32\USER32.dll
0x00007fffb7f00000 - 0x00007fffb8094000 	C:\windows\system32\ole32.dll
0x00007fffb6410000 - 0x00007fffb7928000 	C:\windows\system32\SHELL32.dll
0x00007fffb4c10000 - 0x00007fffb4c31000 	C:\windows\SYSTEM32\USERENV.dll
0x00007fffb5d80000 - 0x00007fffb5e2a000 	C:\windows\system32\ADVAPI32.dll
0x00007fffab440000 - 0x00007fffab45e000 	C:\windows\SYSTEM32\MPR.dll
0x00007fffb5e50000 - 0x00007fffb5f91000 	C:\windows\system32\RPCRT4.dll
0x00007fffb6130000 - 0x00007fffb6189000 	C:\windows\SYSTEM32\sechost.dll
0x00007fffb7930000 - 0x00007fffb7b41000 	C:\windows\SYSTEM32\combase.dll
0x00007fffb6190000 - 0x00007fffb62df000 	C:\windows\system32\GDI32.dll
0x00007fffb5690000 - 0x00007fffb56a5000 	C:\windows\SYSTEM32\profapi.dll
0x00007fffb3be0000 - 0x00007fffb3c92000 	C:\windows\SYSTEM32\SHCORE.dll
0x00007fffb7b50000 - 0x00007fffb7b86000 	C:\windows\system32\IMM32.DLL
0x00007fffb80a0000 - 0x00007fffb81f2000 	C:\windows\system32\MSCTF.dll
0x00007fffb3760000 - 0x00007fffb39db000 	C:\windows\WinSxS\amd64_microsoft.windows.common-controls_6595b64144ccf1df_6.0.9600.17415_none_6240486fecbd8abb\COMCTL32.dll
0x000000005d640000 - 0x000000005d712000 	C:\Program Files\Java\jdk1.8.0_73\jre\bin\msvcr100.dll
0x000000005dbe0000 - 0x000000005e470000 	C:\Program Files\Java\jdk1.8.0_73\jre\bin\server\jvm.dll
0x00007fffad1a0000 - 0x00007fffad1a9000 	C:\windows\SYSTEM32\WSOCK32.dll
0x00007fffad9a0000 - 0x00007fffad9c2000 	C:\windows\SYSTEM32\WINMM.dll
0x00007fffad1b0000 - 0x00007fffad1ba000 	C:\windows\SYSTEM32\VERSION.dll
0x00007fffb6400000 - 0x00007fffb6407000 	C:\windows\system32\PSAPI.DLL
0x00007fffb5bc0000 - 0x00007fffb5c1a000 	C:\windows\system32\WS2_32.dll
0x00007fffad970000 - 0x00007fffad99a000 	C:\windows\SYSTEM32\WINMMBASE.dll
0x00007fffb5d70000 - 0x00007fffb5d79000 	C:\windows\system32\NSI.dll
0x00007fffb5b10000 - 0x00007fffb5b5f000 	C:\windows\SYSTEM32\cfgmgr32.dll
0x00007fffb4490000 - 0x00007fffb44b8000 	C:\windows\SYSTEM32\DEVOBJ.dll
0x000000005f550000 - 0x000000005f55f000 	C:\Program Files\Java\jdk1.8.0_73\jre\bin\verify.dll
0x000000005f520000 - 0x000000005f549000 	C:\Program Files\Java\jdk1.8.0_73\jre\bin\java.dll
0x000000005dae0000 - 0x000000005daf6000 	C:\Program Files\Java\jdk1.8.0_73\jre\bin\zip.dll

VM Arguments:
jvm_args: -Djava.awt.headless=true -Xmx1024M -Dfile.encoding=GBK -Duser.country=CN -Duser.language=zh -Duser.variant 
java_command: com.android.dx.command.Main --dex --force-jumbo --num-threads=4 --multi-dex --output E:\AndroidStudioProjects\TF_49\homework1\build\intermediates\transforms\dex\debug\folders\1000\10\com.android.support-support-v4-23.3.0_d09f925bf1652f33e66205588835c75a6464a506 E:\AndroidStudioProjects\TF_49\homework1\build\intermediates\exploded-aar\com.android.support\support-v4\23.3.0\jars\classes.jar
java_class_path (initial): E:\Android\sdk\build-tools\23.0.3\lib\dx.jar
Launcher Type: SUN_STANDARD

Environment Variables:
JAVA_HOME=C:\Program Files\Java\jdk1.8.0_73
PATH=C:\ProgramData\Oracle\Java\javapath;C:\Program Files (x86)\Lenovo\FusionEngine;C:\Program Files (x86)\Intel\iCLS Client\;C:\Program Files\Intel\iCLS Client\;C:\windows\system32;C:\windows;C:\windows\System32\Wbem;C:\windows\System32\WindowsPowerShell\v1.0\;C:\Program Files\Intel\Intel(R) Management Engine Components\DAL;C:\Program Files (x86)\Intel\Intel(R) Management Engine Components\DAL;C:\Program Files\Intel\Intel(R) Management Engine Components\IPT;C:\Program Files (x86)\Intel\Intel(R) Management Engine Components\IPT;C:\Program Files (x86)\ATI Technologies\ATI.ACE\Core-Static;c:\Program Files (x86)\Microsoft SQL Server\100\Tools\Binn\;c:\Program Files\Microsoft SQL Server\100\Tools\Binn\;c:\Program Files\Microsoft SQL Server\100\DTS\Binn\;c:\Program Files (x86)\Microsoft SQL Server\100\Tools\Binn\VSShell\Common7\IDE\;c:\Program Files (x86)\Microsoft Visual Studio 9.0\Common7\IDE\PrivateAssemblies\;c:\Program Files (x86)\Microsoft SQL Server\100\DTS\Binn\;C:\Program Files\Java\jdk1.8.0_73\bin\;C:\Program Files\Intel\WiFi\bin\;C:\Program Files\Common Files\Intel\WirelessCommon\;C:\Program Files\Java\jdk1.8.0_73\bin;E:\UltraEdit\;C:\Program Files\Intel\WiFi\bin\;C:\Program Files\Common Files\Intel\WirelessCommon\
USERNAME=lenovo
OS=Windows_NT
PROCESSOR_IDENTIFIER=Intel64 Family 6 Model 61 Stepping 4, GenuineIntel



---------------  S Y S T E M  ---------------

OS: Windows 8.1 , 64 bit Build 9600 (6.3.9600.17415)

CPU:total 4 (2 cores per cpu, 2 threads per core) family 6 model 61 stepping 4, cmov, cx8, fxsr, mmx, sse, sse2, sse3, ssse3, sse4.1, sse4.2, popcnt, avx, avx2, aes, clmul, erms, 3dnowpref, lzcnt, ht, tsc, tscinvbit, bmi1, bmi2, adx

Memory: 4k page, physical 8300380k(345416k free), swap 11446108k(5360k free)

vm_info: Java HotSpot(TM) 64-Bit Server VM (25.73-b02) for windows-amd64 JRE (1.8.0_73-b02), built on Jan 29 2016 17:38:49 by "java_re" with MS VC++ 10.0 (VS2010)

time: Fri Jul 06 13:52:36 2018
elapsed time: 10 seconds (0d 0h 0m 10s)

