#
# There is insufficient memory for the Java Runtime Environment to continue.
# Native memory allocation (malloc) failed to allocate 32744 bytes for ChunkPool::allocate
# Possible reasons:
#   The system is out of physical RAM or swap space
#   In 32 bit mode, the process size limit was hit
# Possible solutions:
#   Reduce memory load on the system
#   Increase physical memory or swap space
#   Check if swap backing store is full
#   Use 64 bit Java on a 64 bit OS
#   Decrease Java heap size (-Xmx/-Xms)
#   Decrease number of Java threads
#   Decrease Java thread stack sizes (-Xss)
#   Set larger code cache with -XX:ReservedCodeCacheSize=
# This output file may be truncated or incomplete.
#
#  Out of Memory Error (allocation.cpp:273), pid=4436, tid=17148
#
# JRE version: Java(TM) SE Runtime Environment (8.0_73-b02) (build 1.8.0_73-b02)
# Java VM: Java HotSpot(TM) 64-Bit Server VM (25.73-b02 mixed mode windows-amd64 compressed oops)
# Failed to write core dump. Minidumps are not enabled by default on client versions of Windows
#

---------------  T H R E A D  ---------------

Current thread (0x0000000014a8e000):  JavaThread "C2 CompilerThread1" daemon [_thread_in_native, id=17148, stack(0x0000000016810000,0x0000000016910000)]

Stack: [0x0000000016810000,0x0000000016910000]
[error occurred during error reporting (printing stack bounds), id 0xc0000005]

Native frames: (J=compiled Java code, j=interpreted, Vv=VM code, C=native code)


Current CompileTask:
C2:   4565  850   !   4       com.android.dx.rop.code.RegisterSpec::intern (70 bytes)


---------------  P R O C E S S  ---------------

Java Threads: ( => current thread )
  0x00000000166ca800 JavaThread "pool-2-thread-4" [_thread_blocked, id=2392, stack(0x0000000017810000,0x0000000017910000)]
  0x00000000166ca000 JavaThread "pool-2-thread-3" [_thread_blocked, id=5508, stack(0x0000000017710000,0x0000000017810000)]
  0x000000001670a800 JavaThread "pool-2-thread-2" [_thread_blocked, id=8076, stack(0x0000000017610000,0x0000000017710000)]
  0x0000000016756000 JavaThread "pool-3-thread-1" [_thread_blocked, id=10144, stack(0x0000000017510000,0x0000000017610000)]
  0x000000001666e000 JavaThread "pool-2-thread-1" [_thread_blocked, id=5968, stack(0x0000000017410000,0x0000000017510000)]
  0x000000001646e800 JavaThread "Service Thread" daemon [_thread_blocked, id=12196, stack(0x0000000016a10000,0x0000000016b10000)]
  0x0000000016460800 JavaThread "C1 CompilerThread2" daemon [_thread_in_native, id=7892, stack(0x0000000016910000,0x0000000016a10000)]
=>0x0000000014a8e000 JavaThread "C2 CompilerThread1" daemon [_thread_in_native, id=17148, stack(0x0000000016810000,0x0000000016910000)]
  0x0000000014a8b000 JavaThread "C2 CompilerThread0" daemon [_thread_in_native, id=15620, stack(0x0000000016310000,0x0000000016410000)]
  0x0000000014a89000 JavaThread "Attach Listener" daemon [_thread_blocked, id=17344, stack(0x0000000016210000,0x0000000016310000)]
  0x0000000014a3e800 JavaThread "Signal Dispatcher" daemon [_thread_blocked, id=9044, stack(0x0000000016110000,0x0000000016210000)]
  0x0000000002350800 JavaThread "Finalizer" daemon [_thread_blocked, id=17676, stack(0x0000000015cb0000,0x0000000015db0000)]
  0x000000000234d800 JavaThread "Reference Handler" daemon [_thread_blocked, id=16116, stack(0x0000000015bb0000,0x0000000015cb0000)]
  0x0000000001e5d800 JavaThread "main" [_thread_blocked, id=18964, stack(0x0000000002160000,0x0000000002260000)]

Other Threads:
  0x00000000149f8000 VMThread [stack: 0x0000000015ab0000,0x0000000015bb0000] [id=19396]
  0x0000000016487000 WatcherThread [stack: 0x0000000016b10000,0x0000000016c10000] [id=7628]

VM state:at safepoint (normal execution)

VM Mutex/Monitor currently owned by a thread:  ([mutex/lock_event])
[0x0000000001e5c9a0] Threads_lock - owner thread: 0x00000000149f8000
[0x0000000001e5cfa0] Heap_lock - owner thread: 0x00000000166ca800

Heap:
 PSYoungGen      total 38400K, used 33280K [0x00000000eab00000, 0x00000000ed580000, 0x0000000100000000)
  eden space 33280K, 100% used [0x00000000eab00000,0x00000000ecb80000,0x00000000ecb80000)
  from space 5120K, 0% used [0x00000000ed080000,0x00000000ed080000,0x00000000ed580000)
  to   space 5120K, 88% used [0x00000000ecb80000,0x00000000ecfedd68,0x00000000ed080000)
 ParOldGen       total 87552K, used 8K [0x00000000c0000000, 0x00000000c5580000, 0x00000000eab00000)
  object space 87552K, 0% used [0x00000000c0000000,0x00000000c0002000,0x00000000c5580000)
 Metaspace       used 5969K, capacity 6838K, committed 7040K, reserved 1056768K
  class space    used 606K, capacity 622K, committed 640K, reserved 1048576K

Card table byte_map: [0x0000000011720000,0x0000000011930000] byte_map_base: 0x0000000011120000

Marking Bits: (ParMarkBitMap*) 0x000000005e700600
 Begin Bits: [0x0000000011e90000, 0x0000000012e90000)
 End Bits:   [0x0000000012e90000, 0x0000000013e90000)

Polling page: 0x0000000000580000

CodeCache: size=245760Kb used=3373Kb max_used=3384Kb free=242386Kb
 bounds [0x0000000002360000, 0x00000000026c0000, 0x0000000011360000]
 total_blobs=1156 nmethods=883 adapters=184
 compilation: enabled

Compilation events (10 events):
Event: 4.202 Thread 0x0000000016460800  872       3       com.android.dx.rop.cst.CstFieldRef::compareTo0 (43 bytes)
Event: 4.203 Thread 0x0000000016460800 nmethod 872 0x000000000269a5d0 code [0x000000000269a7c0, 0x000000000269b448]
Event: 4.203 Thread 0x0000000016460800  877       3       com.android.dx.cf.code.RopperMachine::getSources (264 bytes)
Event: 4.207 Thread 0x0000000016460800 nmethod 877 0x000000000269b910 code [0x000000000269bf20, 0x00000000026a08b8]
Event: 4.207 Thread 0x0000000016460800  878       3       com.android.dx.cf.code.RopperMachine::jopToRopOpcode (1103 bytes)
Event: 4.212 Thread 0x0000000016460800 nmethod 878 0x00000000026a3ed0 code [0x00000000026a41e0, 0x00000000026a6458]
Event: 4.212 Thread 0x0000000016460800  876   !   3       com.android.dx.cf.code.RopperMachine::run (1550 bytes)
Event: 4.212 Thread 0x0000000014a8b000  867       4       com.android.dx.ssa.NormalSsaInsn::getSources (8 bytes)
Event: 4.213 Thread 0x0000000014a8b000 nmethod 867 0x0000000002685dd0 code [0x0000000002685f00, 0x0000000002685f78]
Event: 4.213 Thread 0x0000000014a8b000  855       4       java.util.Arrays::copyOf (46 bytes)

GC Heap History (0 events):
No events

Deoptimization events (2 events):
Event: 2.329 Thread 0x0000000001e5d800 Uncommon trap: reason=unstable_if action=reinterpret pc=0x00000000024b6994 method=java.lang.String.compareTo(Ljava/lang/String;)I @ 38
Event: 4.018 Thread 0x00000000166ca000 Uncommon trap: reason=unstable_if action=reinterpret pc=0x00000000025ca430 method=java.util.BitSet.nextSetBit(I)I @ 87

Internal exceptions (2 events):
Event: 0.165 Thread 0x0000000001e5d800 Exception <a 'java/lang/NoSuchMethodError': Method sun.misc.Unsafe.defineClass(Ljava/lang/String;[BII)Ljava/lang/Class; name or signature does not match> (0x00000000eab130b8) thrown at [D:\re\puppet\workspace\8-2-build-windows-amd64-cygwin\jdk8u73\6086\hotÚÃ'%4#Å?
Event: 0.165 Thread 0x0000000001e5d800 Exception <a 'java/lang/NoSuchMethodError': Method sun.misc.Unsafe.prefetchRead(Ljava/lang/Object;J)V name or signature does not match> (0x00000000eab133a0) thrown at [D:\re\puppet\workspace\8-2-build-windows-amd64-cygwin\jdk8u73\6086\hotspot\src\share\vm\

Events (10 events):
Event: 4.018 Thread 0x00000000166ca000 DEOPT PACKING pc=0x00000000025ca430 sp=0x000000001780e7b0
Event: 4.018 Thread 0x00000000166ca000 DEOPT UNPACKING pc=0x00000000023a582a sp=0x000000001780e748 mode 2
Event: 4.141 loading class java/util/ArrayList$1
Event: 4.142 loading class java/util/ArrayList$1 done
Event: 4.168 loading class com/android/dx/dex/file/FieldAnnotationStruct
Event: 4.168 loading class com/android/dx/dex/file/FieldAnnotationStruct done
Event: 4.174 loading class com/android/dx/cf/code/SwitchList
Event: 4.174 loading class com/android/dx/cf/code/SwitchList done
Event: 4.213 Executing VM operation: ForceSafepoint
Event: 4.225 Executing VM operation: ForceSafepoint done


Dynamic libraries:
0x00007ff754820000 - 0x00007ff754857000 	C:\Program Files\Java\jdk1.8.0_73\bin\java.exe
0x00007fffb8540000 - 0x00007fffb86ed000 	C:\windows\SYSTEM32\ntdll.dll
0x00007fffb5c20000 - 0x00007fffb5d5e000 	C:\windows\system32\KERNEL32.DLL
0x00007fffb5760000 - 0x00007fffb5875000 	C:\windows\system32\KERNELBASE.dll
0x00007fffb4210000 - 0x00007fffb429e000 	C:\windows\system32\apphelp.dll
0x00007fffa4920000 - 0x00007fffa4973000 	C:\windows\AppPatch\AppPatch64\AcGenral.DLL
0x00007fffb6080000 - 0x00007fffb612a000 	C:\windows\system32\msvcrt.dll
0x00007fffb52c0000 - 0x00007fffb52ee000 	C:\windows\SYSTEM32\SspiCli.dll
0x00007fffb62e0000 - 0x00007fffb6334000 	C:\windows\system32\SHLWAPI.dll
0x00007fffb8200000 - 0x00007fffb8377000 	C:\windows\system32\USER32.dll
0x00007fffb7f00000 - 0x00007fffb8094000 	C:\windows\system32\ole32.dll
0x00007fffb6410000 - 0x00007fffb7928000 	C:\windows\system32\SHELL32.dll
0x00007fffb4c10000 - 0x00007fffb4c31000 	C:\windows\SYSTEM32\USERENV.dll
0x00007fffb5d80000 - 0x00007fffb5e2a000 	C:\windows\system32\ADVAPI32.dll
0x00007fffab440000 - 0x00007fffab45e000 	C:\windows\SYSTEM32\MPR.dll
0x00007fffb5e50000 - 0x00007fffb5f91000 	C:\windows\system32\RPCRT4.dll
0x00007fffb6130000 - 0x00007fffb6189000 	C:\windows\SYSTEM32\sechost.dll
0x00007fffb7930000 - 0x00007fffb7b41000 	C:\windows\SYSTEM32\combase.dll
0x00007fffb6190000 - 0x00007fffb62df000 	C:\windows\system32\GDI32.dll
0x00007fffb5690000 - 0x00007fffb56a5000 	C:\windows\SYSTEM32\profapi.dll
0x00007fffb3be0000 - 0x00007fffb3c92000 	C:\windows\SYSTEM32\SHCORE.dll
0x00007fffb7b50000 - 0x00007fffb7b86000 	C:\windows\system32\IMM32.DLL
0x00007fffb80a0000 - 0x00007fffb81f2000 	C:\windows\system32\MSCTF.dll
0x00007fffb3760000 - 0x00007fffb39db000 	C:\windows\WinSxS\amd64_microsoft.windows.common-controls_6595b64144ccf1df_6.0.9600.17415_none_6240486fecbd8abb\COMCTL32.dll
0x000000005d680000 - 0x000000005d752000 	C:\Program Files\Java\jdk1.8.0_73\jre\bin\msvcr100.dll
0x000000005def0000 - 0x000000005e780000 	C:\Program Files\Java\jdk1.8.0_73\jre\bin\server\jvm.dll
0x00007fffad1a0000 - 0x00007fffad1a9000 	C:\windows\SYSTEM32\WSOCK32.dll
0x00007fffad9a0000 - 0x00007fffad9c2000 	C:\windows\SYSTEM32\WINMM.dll
0x00007fffad1b0000 - 0x00007fffad1ba000 	C:\windows\SYSTEM32\VERSION.dll
0x00007fffb6400000 - 0x00007fffb6407000 	C:\windows\system32\PSAPI.DLL
0x00007fffb5bc0000 - 0x00007fffb5c1a000 	C:\windows\system32\WS2_32.dll
0x00007fffad970000 - 0x00007fffad99a000 	C:\windows\SYSTEM32\WINMMBASE.dll
0x00007fffb5d70000 - 0x00007fffb5d79000 	C:\windows\system32\NSI.dll
0x00007fffb5b10000 - 0x00007fffb5b5f000 	C:\windows\SYSTEM32\cfgmgr32.dll
0x00007fffb4490000 - 0x00007fffb44b8000 	C:\windows\SYSTEM32\DEVOBJ.dll
0x000000005ed20000 - 0x000000005ed2f000 	C:\Program Files\Java\jdk1.8.0_73\jre\bin\verify.dll
0x000000005ecf0000 - 0x000000005ed19000 	C:\Program Files\Java\jdk1.8.0_73\jre\bin\java.dll
0x000000005ddf0000 - 0x000000005de06000 	C:\Program Files\Java\jdk1.8.0_73\jre\bin\zip.dll

VM Arguments:
jvm_args: -Djava.awt.headless=true -Xmx1024M -Dfile.encoding=GBK -Duser.country=CN -Duser.language=zh -Duser.variant 
java_command: com.android.dx.command.Main --dex --force-jumbo --num-threads=4 --multi-dex --output E:\AndroidStudioProjects\TF_49\demo_10\build\intermediates\transforms\dex\debug\folders\1000\10\com.android.support-appcompat-v7-23.3.0_d1a7c0ccc4706ff865e034353217df399eab6449 E:\AndroidStudioProjects\TF_49\demo_10\build\intermediates\exploded-aar\com.android.support\appcompat-v7\23.3.0\jars\classes.jar
java_class_path (initial): E:\Android\sdk\build-tools\23.0.3\lib\dx.jar
Launcher Type: SUN_STANDARD

Environment Variables:
JAVA_HOME=C:\Program Files\Java\jdk1.8.0_73
PATH=C:\ProgramData\Oracle\Java\javapath;C:\Program Files (x86)\Lenovo\FusionEngine;C:\Program Files (x86)\Intel\iCLS Client\;C:\Program Files\Intel\iCLS Client\;C:\windows\system32;C:\windows;C:\windows\System32\Wbem;C:\windows\System32\WindowsPowerShell\v1.0\;C:\Program Files\Intel\Intel(R) Management Engine Components\DAL;C:\Program Files (x86)\Intel\Intel(R) Management Engine Components\DAL;C:\Program Files\Intel\Intel(R) Management Engine Components\IPT;C:\Program Files (x86)\Intel\Intel(R) Management Engine Components\IPT;C:\Program Files (x86)\ATI Technologies\ATI.ACE\Core-Static;c:\Program Files (x86)\Microsoft SQL Server\100\Tools\Binn\;c:\Program Files\Microsoft SQL Server\100\Tools\Binn\;c:\Program Files\Microsoft SQL Server\100\DTS\Binn\;c:\Program Files (x86)\Microsoft SQL Server\100\Tools\Binn\VSShell\Common7\IDE\;c:\Program Files (x86)\Microsoft Visual Studio 9.0\Common7\IDE\PrivateAssemblies\;c:\Program Files (x86)\Microsoft SQL Server\100\DTS\Binn\;C:\Program Files\Java\jdk1.8.0_73\bin\;C:\Program Files\Intel\WiFi\bin\;C:\Program Files\Common Files\Intel\WirelessCommon\;C:\Program Files\Java\jdk1.8.0_73\bin;E:\UltraEdit\;C:\Program Files\Intel\WiFi\bin\;C:\Program Files\Common Files\Intel\WirelessCommon\
USERNAME=lenovo
OS=Windows_NT
PROCESSOR_IDENTIFIER=Intel64 Family 6 Model 61 Stepping 4, GenuineIntel



---------------  S Y S T E M  ---------------

OS: Windows 8.1 , 64 bit Build 9600 (6.3.9600.17415)

CPU:total 4 (2 cores per cpu, 2 threads per core) family 6 model 61 stepping 4, cmov, cx8, fxsr, mmx, sse, sse2, sse3, ssse3, sse4.1, sse4.2, popcnt, avx, avx2, aes, clmul, erms, 3dnowpref, lzcnt, ht, tsc, tscinvbit, bmi1, bmi2, adx

Memory: 4k page, physical 8300380k(1653376k free), swap 11446108k(6016k free)

vm_info: Java HotSpot(TM) 64-Bit Server VM (25.73-b02) for windows-amd64 JRE (1.8.0_73-b02), built on Jan 29 2016 17:38:49 by "java_re" with MS VC++ 10.0 (VS2010)

time: Mon Jul 16 21:15:46 2018
elapsed time: 4 seconds (0d 0h 0m 4s)

