#
# There is insufficient memory for the Java Runtime Environment to continue.
# Native memory allocation (malloc) failed to allocate 541456 bytes for Chunk::new
# Possible reasons:
#   The system is out of physical RAM or swap space
#   In 32 bit mode, the process size limit was hit
# Possible solutions:
#   Reduce memory load on the system
#   Increase physical memory or swap space
#   Check if swap backing store is full
#   Use 64 bit Java on a 64 bit OS
#   Decrease Java heap size (-Xmx/-Xms)
#   Decrease number of Java threads
#   Decrease Java thread stack sizes (-Xss)
#   Set larger code cache with -XX:ReservedCodeCacheSize=
# This output file may be truncated or incomplete.
#
#  Out of Memory Error (allocation.cpp:390), pid=8764, tid=15796
#
# JRE version: Java(TM) SE Runtime Environment (8.0_73-b02) (build 1.8.0_73-b02)
# Java VM: Java HotSpot(TM) 64-Bit Server VM (25.73-b02 mixed mode windows-amd64 compressed oops)
# Failed to write core dump. Minidumps are not enabled by default on client versions of Windows
#

---------------  T H R E A D  ---------------

Current thread (0x0000000016ead800):  JavaThread "C2 CompilerThread1" daemon [_thread_in_native, id=15796, stack(0x0000000017260000,0x0000000017360000)]

Stack: [0x0000000017260000,0x0000000017360000]
[error occurred during error reporting (printing stack bounds), id 0xc0000005]

Native frames: (J=compiled Java code, j=interpreted, Vv=VM code, C=native code)


Current CompileTask:
C2:   6443  722       4       com.android.dx.ssa.SsaBasicBlock::forEachInsn (37 bytes)


---------------  P R O C E S S  ---------------

Java Threads: ( => current thread )
  0x00000000170d8000 JavaThread "pool-2-thread-4" [_thread_in_Java, id=2100, stack(0x0000000017a60000,0x0000000017b60000)]
  0x00000000170d7800 JavaThread "pool-2-thread-3" [_thread_blocked, id=17468, stack(0x0000000017960000,0x0000000017a60000)]
  0x00000000170d7000 JavaThread "pool-2-thread-2" [_thread_blocked, id=16872, stack(0x0000000017860000,0x0000000017960000)]
  0x00000000170d6000 JavaThread "pool-3-thread-1" [_thread_blocked, id=17432, stack(0x0000000017760000,0x0000000017860000)]
  0x0000000017131000 JavaThread "pool-2-thread-1" [_thread_blocked, id=18260, stack(0x0000000017660000,0x0000000017760000)]
  0x0000000016ed9800 JavaThread "Service Thread" daemon [_thread_blocked, id=16064, stack(0x0000000017460000,0x0000000017560000)]
  0x0000000016ecb000 JavaThread "C1 CompilerThread2" daemon [_thread_blocked, id=13908, stack(0x0000000017360000,0x0000000017460000)]
=>0x0000000016ead800 JavaThread "C2 CompilerThread1" daemon [_thread_in_native, id=15796, stack(0x0000000017260000,0x0000000017360000)]
  0x00000000154fb000 JavaThread "C2 CompilerThread0" daemon [_thread_blocked, id=18636, stack(0x0000000016d60000,0x0000000016e60000)]
  0x00000000154f9000 JavaThread "Attach Listener" daemon [_thread_blocked, id=17220, stack(0x0000000016c60000,0x0000000016d60000)]
  0x00000000154ae800 JavaThread "Signal Dispatcher" daemon [_thread_blocked, id=2192, stack(0x0000000016b60000,0x0000000016c60000)]
  0x0000000002d26800 JavaThread "Finalizer" daemon [_thread_blocked, id=5900, stack(0x0000000016700000,0x0000000016800000)]
  0x0000000002d1d800 JavaThread "Reference Handler" daemon [_thread_blocked, id=10444, stack(0x0000000016600000,0x0000000016700000)]
  0x0000000002dcd800 JavaThread "main" [_thread_blocked, id=5168, stack(0x0000000002820000,0x0000000002920000)]

Other Threads:
  0x0000000015468000 VMThread [stack: 0x0000000016500000,0x0000000016600000] [id=16032]
  0x0000000016f14000 WatcherThread [stack: 0x0000000017560000,0x0000000017660000] [id=6576]

VM state:not at safepoint (normal execution)

VM Mutex/Monitor currently owned by a thread: None

Heap:
 PSYoungGen      total 38400K, used 21562K [0x00000000eab00000, 0x00000000ed580000, 0x0000000100000000)
  eden space 33280K, 64% used [0x00000000eab00000,0x00000000ec00e960,0x00000000ecb80000)
  from space 5120K, 0% used [0x00000000ed080000,0x00000000ed080000,0x00000000ed580000)
  to   space 5120K, 0% used [0x00000000ecb80000,0x00000000ecb80000,0x00000000ed080000)
 ParOldGen       total 87552K, used 0K [0x00000000c0000000, 0x00000000c5580000, 0x00000000eab00000)
  object space 87552K, 0% used [0x00000000c0000000,0x00000000c0000000,0x00000000c5580000)
 Metaspace       used 5758K, capacity 6644K, committed 6784K, reserved 1056768K
  class space    used 605K, capacity 620K, committed 640K, reserved 1048576K

Card table byte_map: [0x0000000012190000,0x00000000123a0000] byte_map_base: 0x0000000011b90000

Marking Bits: (ParMarkBitMap*) 0x000000005e700600
 Begin Bits: [0x0000000012900000, 0x0000000013900000)
 End Bits:   [0x0000000013900000, 0x0000000014900000)

Polling page: 0x0000000002c10000

CodeCache: size=245760Kb used=2905Kb max_used=2905Kb free=242854Kb
 bounds [0x0000000002dd0000, 0x00000000030b0000, 0x0000000011dd0000]
 total_blobs=1032 nmethods=761 adapters=184
 compilation: enabled

Compilation events (10 events):
Event: 6.435 Thread 0x0000000016ecb000  759       3       com.android.dx.ssa.LiteralOpUpgrader::access$000 (6 bytes)
Event: 6.435 Thread 0x0000000016ecb000 nmethod 759 0x00000000030a50d0 code [0x00000000030a5240, 0x00000000030a53a8]
Event: 6.435 Thread 0x0000000016ecb000  760       3       com.android.dx.ssa.LiteralOpUpgrader::tryReplacingWithConstant (161 bytes)
Event: 6.437 Thread 0x0000000016ecb000 nmethod 760 0x00000000030a5490 code [0x00000000030a5740, 0x00000000030a6c78]
Event: 6.437 Thread 0x0000000016ecb000  756       3       com.android.dx.ssa.SsaRenamer$BlockRenamer$RenamingMapper::map (28 bytes)
Event: 6.437 Thread 0x0000000016ecb000 nmethod 756 0x00000000030a7750 code [0x00000000030a78e0, 0x00000000030a7da8]
Event: 6.437 Thread 0x0000000016ecb000  745       1       com.android.dx.dex.file.DexFile::getTypeIds (5 bytes)
Event: 6.437 Thread 0x0000000016ecb000 nmethod 745 0x00000000030a7fd0 code [0x00000000030a8120, 0x00000000030a8230]
Event: 6.437 Thread 0x0000000016ecb000  753       1       com.android.dx.rop.cst.CstBaseMethodRef::getPrototype (5 bytes)
Event: 6.437 Thread 0x0000000016ecb000 nmethod 753 0x00000000030a8290 code [0x00000000030a83e0, 0x00000000030a84f0]

GC Heap History (0 events):
No events

Deoptimization events (3 events):
Event: 4.395 Thread 0x0000000002dcd800 Uncommon trap: reason=unstable_if action=reinterpret pc=0x0000000002f24214 method=java.lang.String.compareTo(Ljava/lang/String;)I @ 38
Event: 6.275 Thread 0x00000000170d8000 Uncommon trap: reason=bimorphic action=maybe_recompile pc=0x0000000002fe86c4 method=java.util.HashMap.getNode(ILjava/lang/Object;)Ljava/util/HashMap$Node; @ 126
Event: 6.296 Thread 0x00000000170d7000 Uncommon trap: reason=unstable_if action=reinterpret pc=0x00000000030064b0 method=java.util.BitSet.nextSetBit(I)I @ 87

Internal exceptions (2 events):
Event: 0.121 Thread 0x0000000002dcd800 Exception <a 'java/lang/NoSuchMethodError': Method sun.misc.Unsafe.defineClass(Ljava/lang/String;[BII)Ljava/lang/Class; name or signature does not match> (0x00000000eab130b8) thrown at [D:\re\puppet\workspace\8-2-build-windows-amd64-cygwin\jdk8u73\6086\hot}±}tê¾?
Event: 0.121 Thread 0x0000000002dcd800 Exception <a 'java/lang/NoSuchMethodError': Method sun.misc.Unsafe.prefetchRead(Ljava/lang/Object;J)V name or signature does not match> (0x00000000eab133a0) thrown at [D:\re\puppet\workspace\8-2-build-windows-amd64-cygwin\jdk8u73\6086\hotspot\src\share\vm\

Events (10 events):
Event: 6.296 Thread 0x00000000170d7000 DEOPT PACKING pc=0x00000000030064b0 sp=0x000000001795e8a0
Event: 6.296 Thread 0x00000000170d7000 DEOPT UNPACKING pc=0x0000000002e1582a sp=0x000000001795e838 mode 2
Event: 6.321 loading class com/android/dx/cf/code/Ropper$ExceptionHandlerSetup
Event: 6.321 loading class com/android/dx/cf/code/Ropper$ExceptionHandlerSetup done
Event: 6.326 loading class java/util/HashMap$Values
Event: 6.335 loading class java/util/ArrayList$1
Event: 6.379 loading class java/util/ArrayList$1 done
Event: 6.392 loading class java/util/HashMap$Values done
Event: 6.392 loading class java/util/HashMap$ValueIterator
Event: 6.392 loading class java/util/HashMap$ValueIterator done


Dynamic libraries:
0x00007ff73b670000 - 0x00007ff73b6a7000 	C:\Program Files\Java\jdk1.8.0_73\bin\java.exe
0x00007fffb8540000 - 0x00007fffb86ed000 	C:\windows\SYSTEM32\ntdll.dll
0x00007fffb5c20000 - 0x00007fffb5d5e000 	C:\windows\system32\KERNEL32.DLL
0x00007fffb5760000 - 0x00007fffb5875000 	C:\windows\system32\KERNELBASE.dll
0x00007fffb4210000 - 0x00007fffb429e000 	C:\windows\system32\apphelp.dll
0x00007fff9a580000 - 0x00007fff9a5d3000 	C:\windows\AppPatch\AppPatch64\AcGenral.DLL
0x00007fffb6080000 - 0x00007fffb612a000 	C:\windows\system32\msvcrt.dll
0x00007fffb52c0000 - 0x00007fffb52ee000 	C:\windows\SYSTEM32\SspiCli.dll
0x00007fffb62e0000 - 0x00007fffb6334000 	C:\windows\system32\SHLWAPI.dll
0x00007fffb8200000 - 0x00007fffb8377000 	C:\windows\system32\USER32.dll
0x00007fffb7f00000 - 0x00007fffb8094000 	C:\windows\system32\ole32.dll
0x00007fffb6410000 - 0x00007fffb7928000 	C:\windows\system32\SHELL32.dll
0x00007fffb4c10000 - 0x00007fffb4c31000 	C:\windows\SYSTEM32\USERENV.dll
0x00007fffb5d80000 - 0x00007fffb5e2a000 	C:\windows\system32\ADVAPI32.dll
0x00007fffab440000 - 0x00007fffab45e000 	C:\windows\SYSTEM32\MPR.dll
0x00007fffb5e50000 - 0x00007fffb5f91000 	C:\windows\system32\RPCRT4.dll
0x00007fffb6130000 - 0x00007fffb6189000 	C:\windows\SYSTEM32\sechost.dll
0x00007fffb7930000 - 0x00007fffb7b41000 	C:\windows\SYSTEM32\combase.dll
0x00007fffb6190000 - 0x00007fffb62df000 	C:\windows\system32\GDI32.dll
0x00007fffb5690000 - 0x00007fffb56a5000 	C:\windows\SYSTEM32\profapi.dll
0x00007fffb3be0000 - 0x00007fffb3c92000 	C:\windows\SYSTEM32\SHCORE.dll
0x00007fffb7b50000 - 0x00007fffb7b86000 	C:\windows\system32\IMM32.DLL
0x00007fffb80a0000 - 0x00007fffb81f2000 	C:\windows\system32\MSCTF.dll
0x00007fffb3760000 - 0x00007fffb39db000 	C:\windows\WinSxS\amd64_microsoft.windows.common-controls_6595b64144ccf1df_6.0.9600.17415_none_6240486fecbd8abb\COMCTL32.dll
0x000000005d680000 - 0x000000005d752000 	C:\Program Files\Java\jdk1.8.0_73\jre\bin\msvcr100.dll
0x000000005def0000 - 0x000000005e780000 	C:\Program Files\Java\jdk1.8.0_73\jre\bin\server\jvm.dll
0x00007fffad1a0000 - 0x00007fffad1a9000 	C:\windows\SYSTEM32\WSOCK32.dll
0x00007fffad9a0000 - 0x00007fffad9c2000 	C:\windows\SYSTEM32\WINMM.dll
0x00007fffad1b0000 - 0x00007fffad1ba000 	C:\windows\SYSTEM32\VERSION.dll
0x00007fffb6400000 - 0x00007fffb6407000 	C:\windows\system32\PSAPI.DLL
0x00007fffb5bc0000 - 0x00007fffb5c1a000 	C:\windows\system32\WS2_32.dll
0x00007fffad970000 - 0x00007fffad99a000 	C:\windows\SYSTEM32\WINMMBASE.dll
0x00007fffb5d70000 - 0x00007fffb5d79000 	C:\windows\system32\NSI.dll
0x00007fffb5b10000 - 0x00007fffb5b5f000 	C:\windows\SYSTEM32\cfgmgr32.dll
0x00007fffb4490000 - 0x00007fffb44b8000 	C:\windows\SYSTEM32\DEVOBJ.dll
0x000000005ed20000 - 0x000000005ed2f000 	C:\Program Files\Java\jdk1.8.0_73\jre\bin\verify.dll
0x000000005ecf0000 - 0x000000005ed19000 	C:\Program Files\Java\jdk1.8.0_73\jre\bin\java.dll
0x000000005ddf0000 - 0x000000005de06000 	C:\Program Files\Java\jdk1.8.0_73\jre\bin\zip.dll

VM Arguments:
jvm_args: -Djava.awt.headless=true -Xmx1024M -Dfile.encoding=GBK -Duser.country=CN -Duser.language=zh -Duser.variant 
java_command: com.android.dx.command.Main --dex --force-jumbo --num-threads=4 --multi-dex --output E:\AndroidStudioProjects\TF_49\demo_07\build\intermediates\transforms\dex\debug\folders\1000\10\com.android.support-appcompat-v7-23.3.0_3f8af99a6a8155bf9ef21bcb3583cfee9a9f1a06 E:\AndroidStudioProjects\TF_49\demo_07\build\intermediates\exploded-aar\com.android.support\appcompat-v7\23.3.0\jars\classes.jar
java_class_path (initial): E:\Android\sdk\build-tools\23.0.3\lib\dx.jar
Launcher Type: SUN_STANDARD

Environment Variables:
JAVA_HOME=C:\Program Files\Java\jdk1.8.0_73
PATH=C:\ProgramData\Oracle\Java\javapath;C:\Program Files (x86)\Lenovo\FusionEngine;C:\Program Files (x86)\Intel\iCLS Client\;C:\Program Files\Intel\iCLS Client\;C:\windows\system32;C:\windows;C:\windows\System32\Wbem;C:\windows\System32\WindowsPowerShell\v1.0\;C:\Program Files\Intel\Intel(R) Management Engine Components\DAL;C:\Program Files (x86)\Intel\Intel(R) Management Engine Components\DAL;C:\Program Files\Intel\Intel(R) Management Engine Components\IPT;C:\Program Files (x86)\Intel\Intel(R) Management Engine Components\IPT;C:\Program Files (x86)\ATI Technologies\ATI.ACE\Core-Static;c:\Program Files (x86)\Microsoft SQL Server\100\Tools\Binn\;c:\Program Files\Microsoft SQL Server\100\Tools\Binn\;c:\Program Files\Microsoft SQL Server\100\DTS\Binn\;c:\Program Files (x86)\Microsoft SQL Server\100\Tools\Binn\VSShell\Common7\IDE\;c:\Program Files (x86)\Microsoft Visual Studio 9.0\Common7\IDE\PrivateAssemblies\;c:\Program Files (x86)\Microsoft SQL Server\100\DTS\Binn\;C:\Program Files\Java\jdk1.8.0_73\bin\;C:\Program Files\Intel\WiFi\bin\;C:\Program Files\Common Files\Intel\WirelessCommon\;C:\Program Files\Java\jdk1.8.0_73\bin;E:\UltraEdit\;C:\Program Files\Intel\WiFi\bin\;C:\Program Files\Common Files\Intel\WirelessCommon\
USERNAME=lenovo
OS=Windows_NT
PROCESSOR_IDENTIFIER=Intel64 Family 6 Model 61 Stepping 4, GenuineIntel



---------------  S Y S T E M  ---------------

OS: Windows 8.1 , 64 bit Build 9600 (6.3.9600.17415)

CPU:total 4 (2 cores per cpu, 2 threads per core) family 6 model 61 stepping 4, cmov, cx8, fxsr, mmx, sse, sse2, sse3, ssse3, sse4.1, sse4.2, popcnt, avx, avx2, aes, clmul, erms, 3dnowpref, lzcnt, ht, tsc, tscinvbit, bmi1, bmi2, adx

Memory: 4k page, physical 8300380k(785020k free), swap 11446108k(5456k free)

vm_info: Java HotSpot(TM) 64-Bit Server VM (25.73-b02) for windows-amd64 JRE (1.8.0_73-b02), built on Jan 29 2016 17:38:49 by "java_re" with MS VC++ 10.0 (VS2010)

time: Thu Jul 12 20:33:56 2018
elapsed time: 6 seconds (0d 0h 0m 6s)

