#
# There is insufficient memory for the Java Runtime Environment to continue.
# Native memory allocation (malloc) failed to allocate 1048576 bytes for AllocateHeap
# Possible reasons:
#   The system is out of physical RAM or swap space
#   In 32 bit mode, the process size limit was hit
# Possible solutions:
#   Reduce memory load on the system
#   Increase physical memory or swap space
#   Check if swap backing store is full
#   Use 64 bit Java on a 64 bit OS
#   Decrease Java heap size (-Xmx/-Xms)
#   Decrease number of Java threads
#   Decrease Java thread stack sizes (-Xss)
#   Set larger code cache with -XX:ReservedCodeCacheSize=
# This output file may be truncated or incomplete.
#
#  Out of Memory Error (memory/allocation.inline.hpp:61), pid=16844, tid=12716
#
# JRE version:  (8.0_73-b02) (build )
# Java VM: Java HotSpot(TM) 64-Bit Server VM (25.73-b02 mixed mode windows-amd64 compressed oops)
# Failed to write core dump. Minidumps are not enabled by default on client versions of Windows
#

---------------  T H R E A D  ---------------

Current thread (0x000000000224d800):  JavaThread "Unknown thread" [_thread_in_vm, id=12716, stack(0x0000000002120000,0x0000000002220000)]

Stack: [0x0000000002120000,0x0000000002220000]
[error occurred during error reporting (printing stack bounds), id 0xc0000005]

Native frames: (J=compiled Java code, j=interpreted, Vv=VM code, C=native code)


---------------  P R O C E S S  ---------------

Java Threads: ( => current thread )

Other Threads:

=>0x000000000224d800 (exited) JavaThread "Unknown thread" [_thread_in_vm, id=12716, stack(0x0000000002120000,0x0000000002220000)]

VM state:not at safepoint (normal execution)

VM Mutex/Monitor currently owned by a thread: None

Heap:
 PSYoungGen      total 38400K, used 665K [0x00000000eab00000, 0x00000000ed580000, 0x0000000100000000)
  eden space 33280K, 2% used [0x00000000eab00000,0x00000000eaba6670,0x00000000ecb80000)
  from space 5120K, 0% used [0x00000000ed080000,0x00000000ed080000,0x00000000ed580000)
  to   space 5120K, 0% used [0x00000000ecb80000,0x00000000ecb80000,0x00000000ed080000)
 ParOldGen       total 87552K, used 0K [0x00000000c0000000, 0x00000000c5580000, 0x00000000eab00000)
  object space 87552K, 0% used [0x00000000c0000000,0x00000000c0000000,0x00000000c5580000)
 Metaspace       used 769K, capacity 4480K, committed 4480K, reserved 1056768K
  class space    used 75K, capacity 384K, committed 384K, reserved 1048576K

Card table byte_map: [0x0000000011ab0000,0x0000000011cc0000] byte_map_base: 0x00000000114b0000

Marking Bits: (ParMarkBitMap*) 0x000000005e700600
 Begin Bits: [0x0000000012220000, 0x0000000013220000)
 End Bits:   [0x0000000013220000, 0x0000000014220000)

Polling page: 0x0000000000830000

CodeCache: size=245760Kb used=328Kb max_used=328Kb free=245431Kb
 bounds [0x00000000026f0000, 0x0000000002960000, 0x00000000116f0000]
 total_blobs=57 nmethods=0 adapters=37
 compilation: enabled

Compilation events (0 events):
No events

GC Heap History (0 events):
No events

Deoptimization events (0 events):
No events

Internal exceptions (0 events):
No events

Events (10 events):
Event: 0.606 loading class java/lang/Short
Event: 0.606 loading class java/lang/Short done
Event: 0.606 loading class java/lang/Integer
Event: 0.606 loading class java/lang/Integer done
Event: 0.606 loading class java/lang/Long
Event: 0.607 loading class java/lang/Long done
Event: 0.608 loading class java/lang/NullPointerException
Event: 0.608 loading class java/lang/NullPointerException done
Event: 0.608 loading class java/lang/ArithmeticException
Event: 0.608 loading class java/lang/ArithmeticException done


Dynamic libraries:
0x00007ff73b670000 - 0x00007ff73b6a7000 	C:\Program Files\Java\jdk1.8.0_73\bin\java.exe
0x00007fffb8540000 - 0x00007fffb86ed000 	C:\windows\SYSTEM32\ntdll.dll
0x00007fffb5c20000 - 0x00007fffb5d5e000 	C:\windows\system32\KERNEL32.DLL
0x00007fffb5760000 - 0x00007fffb5875000 	C:\windows\system32\KERNELBASE.dll
0x00007fffb4210000 - 0x00007fffb429e000 	C:\windows\system32\apphelp.dll
0x00007fff9a580000 - 0x00007fff9a5d3000 	C:\windows\AppPatch\AppPatch64\AcGenral.DLL
0x00007fffb6080000 - 0x00007fffb612a000 	C:\windows\system32\msvcrt.dll
0x00007fffb52c0000 - 0x00007fffb52ee000 	C:\windows\SYSTEM32\SspiCli.dll
0x00007fffb62e0000 - 0x00007fffb6334000 	C:\windows\system32\SHLWAPI.dll
0x00007fffb8200000 - 0x00007fffb8377000 	C:\windows\system32\USER32.dll
0x00007fffb7f00000 - 0x00007fffb8094000 	C:\windows\system32\ole32.dll
0x00007fffb6410000 - 0x00007fffb7928000 	C:\windows\system32\SHELL32.dll
0x00007fffb4c10000 - 0x00007fffb4c31000 	C:\windows\SYSTEM32\USERENV.dll
0x00007fffb5d80000 - 0x00007fffb5e2a000 	C:\windows\system32\ADVAPI32.dll
0x00007fffab440000 - 0x00007fffab45e000 	C:\windows\SYSTEM32\MPR.dll
0x00007fffb5e50000 - 0x00007fffb5f91000 	C:\windows\system32\RPCRT4.dll
0x00007fffb6130000 - 0x00007fffb6189000 	C:\windows\SYSTEM32\sechost.dll
0x00007fffb7930000 - 0x00007fffb7b41000 	C:\windows\SYSTEM32\combase.dll
0x00007fffb6190000 - 0x00007fffb62df000 	C:\windows\system32\GDI32.dll
0x00007fffb5690000 - 0x00007fffb56a5000 	C:\windows\SYSTEM32\profapi.dll
0x00007fffb3be0000 - 0x00007fffb3c92000 	C:\windows\SYSTEM32\SHCORE.dll
0x00007fffb7b50000 - 0x00007fffb7b86000 	C:\windows\system32\IMM32.DLL
0x00007fffb80a0000 - 0x00007fffb81f2000 	C:\windows\system32\MSCTF.dll
0x00007fffb3760000 - 0x00007fffb39db000 	C:\windows\WinSxS\amd64_microsoft.windows.common-controls_6595b64144ccf1df_6.0.9600.17415_none_6240486fecbd8abb\COMCTL32.dll
0x000000005d680000 - 0x000000005d752000 	C:\Program Files\Java\jdk1.8.0_73\jre\bin\msvcr100.dll
0x000000005def0000 - 0x000000005e780000 	C:\Program Files\Java\jdk1.8.0_73\jre\bin\server\jvm.dll
0x00007fffad1a0000 - 0x00007fffad1a9000 	C:\windows\SYSTEM32\WSOCK32.dll
0x00007fffad9a0000 - 0x00007fffad9c2000 	C:\windows\SYSTEM32\WINMM.dll
0x00007fffad1b0000 - 0x00007fffad1ba000 	C:\windows\SYSTEM32\VERSION.dll
0x00007fffb6400000 - 0x00007fffb6407000 	C:\windows\system32\PSAPI.DLL
0x00007fffb5bc0000 - 0x00007fffb5c1a000 	C:\windows\system32\WS2_32.dll
0x00007fffad970000 - 0x00007fffad99a000 	C:\windows\SYSTEM32\WINMMBASE.dll
0x00007fffb5d70000 - 0x00007fffb5d79000 	C:\windows\system32\NSI.dll
0x00007fffb5b10000 - 0x00007fffb5b5f000 	C:\windows\SYSTEM32\cfgmgr32.dll
0x00007fffb4490000 - 0x00007fffb44b8000 	C:\windows\SYSTEM32\DEVOBJ.dll
0x000000005ed20000 - 0x000000005ed2f000 	C:\Program Files\Java\jdk1.8.0_73\jre\bin\verify.dll
0x000000005ecf0000 - 0x000000005ed19000 	C:\Program Files\Java\jdk1.8.0_73\jre\bin\java.dll
0x000000005ddf0000 - 0x000000005de06000 	C:\Program Files\Java\jdk1.8.0_73\jre\bin\zip.dll

VM Arguments:
jvm_args: -Djava.awt.headless=true -Xmx1024M -Dfile.encoding=GBK -Duser.country=CN -Duser.language=zh -Duser.variant 
java_command: com.android.dx.command.Main --dex --force-jumbo --num-threads=4 --multi-dex --output E:\AndroidStudioProjects\TF_49\demo_07\build\intermediates\transforms\dex\debug\folders\1000\5\slice_2 E:\AndroidStudioProjects\TF_49\demo_07\build\intermediates\transforms\instantRunSlicer\debug\folders\1\5\slice_2
java_class_path (initial): E:\Android\sdk\build-tools\23.0.3\lib\dx.jar
Launcher Type: SUN_STANDARD

Environment Variables:
JAVA_HOME=C:\Program Files\Java\jdk1.8.0_73
PATH=C:\ProgramData\Oracle\Java\javapath;C:\Program Files (x86)\Lenovo\FusionEngine;C:\Program Files (x86)\Intel\iCLS Client\;C:\Program Files\Intel\iCLS Client\;C:\windows\system32;C:\windows;C:\windows\System32\Wbem;C:\windows\System32\WindowsPowerShell\v1.0\;C:\Program Files\Intel\Intel(R) Management Engine Components\DAL;C:\Program Files (x86)\Intel\Intel(R) Management Engine Components\DAL;C:\Program Files\Intel\Intel(R) Management Engine Components\IPT;C:\Program Files (x86)\Intel\Intel(R) Management Engine Components\IPT;C:\Program Files (x86)\ATI Technologies\ATI.ACE\Core-Static;c:\Program Files (x86)\Microsoft SQL Server\100\Tools\Binn\;c:\Program Files\Microsoft SQL Server\100\Tools\Binn\;c:\Program Files\Microsoft SQL Server\100\DTS\Binn\;c:\Program Files (x86)\Microsoft SQL Server\100\Tools\Binn\VSShell\Common7\IDE\;c:\Program Files (x86)\Microsoft Visual Studio 9.0\Common7\IDE\PrivateAssemblies\;c:\Program Files (x86)\Microsoft SQL Server\100\DTS\Binn\;C:\Program Files\Java\jdk1.8.0_73\bin\;C:\Program Files\Intel\WiFi\bin\;C:\Program Files\Common Files\Intel\WirelessCommon\;C:\Program Files\Java\jdk1.8.0_73\bin;E:\UltraEdit\;C:\Program Files\Intel\WiFi\bin\;C:\Program Files\Common Files\Intel\WirelessCommon\
USERNAME=lenovo
OS=Windows_NT
PROCESSOR_IDENTIFIER=Intel64 Family 6 Model 61 Stepping 4, GenuineIntel



---------------  S Y S T E M  ---------------

OS: Windows 8.1 , 64 bit Build 9600 (6.3.9600.17415)

CPU:total 4 (2 cores per cpu, 2 threads per core) family 6 model 61 stepping 4, cmov, cx8, fxsr, mmx, sse, sse2, sse3, ssse3, sse4.1, sse4.2, popcnt, avx, avx2, aes, clmul, erms, 3dnowpref, lzcnt, ht, tsc, tscinvbit, bmi1, bmi2, adx

Memory: 4k page, physical 8300380k(837644k free), swap 11446108k(15232k free)

vm_info: Java HotSpot(TM) 64-Bit Server VM (25.73-b02) for windows-amd64 JRE (1.8.0_73-b02), built on Jan 29 2016 17:38:49 by "java_re" with MS VC++ 10.0 (VS2010)

time: Thu Jul 12 20:33:47 2018
elapsed time: 0 seconds (0d 0h 0m 0s)

