#
# There is insufficient memory for the Java Runtime Environment to continue.
# Native memory allocation (malloc) failed to allocate 1622896 bytes for Chunk::new
# Possible reasons:
#   The system is out of physical RAM or swap space
#   In 32 bit mode, the process size limit was hit
# Possible solutions:
#   Reduce memory load on the system
#   Increase physical memory or swap space
#   Check if swap backing store is full
#   Use 64 bit Java on a 64 bit OS
#   Decrease Java heap size (-Xmx/-Xms)
#   Decrease number of Java threads
#   Decrease Java thread stack sizes (-Xss)
#   Set larger code cache with -XX:ReservedCodeCacheSize=
# This output file may be truncated or incomplete.
#
#  Out of Memory Error (allocation.cpp:390), pid=16960, tid=6584
#
# JRE version: Java(TM) SE Runtime Environment (8.0_73-b02) (build 1.8.0_73-b02)
# Java VM: Java HotSpot(TM) 64-Bit Server VM (25.73-b02 mixed mode windows-amd64 compressed oops)
# Failed to write core dump. Minidumps are not enabled by default on client versions of Windows
#

---------------  T H R E A D  ---------------

Current thread (0x0000000016319000):  JavaThread "C2 CompilerThread1" daemon [_thread_in_native, id=6584, stack(0x00000000166c0000,0x00000000167c0000)]

Stack: [0x00000000166c0000,0x00000000167c0000]
[error occurred during error reporting (printing stack bounds), id 0xc0000005]

Native frames: (J=compiled Java code, j=interpreted, Vv=VM code, C=native code)


Current CompileTask:
C2:   2587 1318   !   4       com.android.dx.cf.cst.ConstantPoolParser::parse0 (731 bytes)


---------------  P R O C E S S  ---------------

Java Threads: ( => current thread )
  0x00000000165b5800 JavaThread "pool-2-thread-4" [_thread_in_vm, id=16808, stack(0x0000000016ec0000,0x0000000016fc0000)]
  0x00000000165b4800 JavaThread "pool-2-thread-3" [_thread_in_Java, id=6232, stack(0x0000000016dc0000,0x0000000016ec0000)]
  0x00000000165b3800 JavaThread "pool-2-thread-2" [_thread_in_vm, id=16880, stack(0x0000000016cc0000,0x0000000016dc0000)]
  0x00000000165b1000 JavaThread "pool-3-thread-1" [_thread_blocked, id=10228, stack(0x0000000016bc0000,0x0000000016cc0000)]
  0x00000000165b0000 JavaThread "pool-2-thread-1" [_thread_blocked, id=15936, stack(0x0000000016ac0000,0x0000000016bc0000)]
  0x0000000016322000 JavaThread "Service Thread" daemon [_thread_blocked, id=16372, stack(0x00000000168c0000,0x00000000169c0000)]
  0x000000001631c000 JavaThread "C1 CompilerThread2" daemon [_thread_blocked, id=10716, stack(0x00000000167c0000,0x00000000168c0000)]
=>0x0000000016319000 JavaThread "C2 CompilerThread1" daemon [_thread_in_native, id=6584, stack(0x00000000166c0000,0x00000000167c0000)]
  0x000000001496b000 JavaThread "C2 CompilerThread0" daemon [_thread_in_native, id=5236, stack(0x00000000161c0000,0x00000000162c0000)]
  0x0000000014969000 JavaThread "Attach Listener" daemon [_thread_blocked, id=9176, stack(0x00000000160c0000,0x00000000161c0000)]
  0x000000001491e800 JavaThread "Signal Dispatcher" daemon [_thread_blocked, id=3024, stack(0x0000000015fc0000,0x00000000160c0000)]
  0x0000000002231000 JavaThread "Finalizer" daemon [_thread_blocked, id=11260, stack(0x0000000015b60000,0x0000000015c60000)]
  0x000000000222e800 JavaThread "Reference Handler" daemon [_thread_blocked, id=15192, stack(0x0000000015a60000,0x0000000015b60000)]
  0x000000000203d800 JavaThread "main" [_thread_in_Java, id=5224, stack(0x0000000002040000,0x0000000002140000)]

Other Threads:
  0x00000000148d7800 VMThread [stack: 0x0000000015960000,0x0000000015a60000] [id=8780]
  0x000000001639e000 WatcherThread [stack: 0x00000000169c0000,0x0000000016ac0000] [id=16904]

VM state:not at safepoint (normal execution)

VM Mutex/Monitor currently owned by a thread: None

Heap:
 PSYoungGen      total 38400K, used 12163K [0x00000000eab00000, 0x00000000ef600000, 0x0000000100000000)
  eden space 33280K, 21% used [0x00000000eab00000,0x00000000eb1e3d60,0x00000000ecb80000)
  from space 5120K, 99% used [0x00000000ecb80000,0x00000000ed07d0d8,0x00000000ed080000)
  to   space 5120K, 0% used [0x00000000ef100000,0x00000000ef100000,0x00000000ef600000)
 ParOldGen       total 87552K, used 945K [0x00000000c0000000, 0x00000000c5580000, 0x00000000eab00000)
  object space 87552K, 1% used [0x00000000c0000000,0x00000000c00ec410,0x00000000c5580000)
 Metaspace       used 6143K, capacity 7030K, committed 7296K, reserved 1056768K
  class space    used 606K, capacity 622K, committed 640K, reserved 1048576K

Card table byte_map: [0x0000000011600000,0x0000000011810000] byte_map_base: 0x0000000011000000

Marking Bits: (ParMarkBitMap*) 0x000000005e3f0600
 Begin Bits: [0x0000000011d70000, 0x0000000012d70000)
 End Bits:   [0x0000000012d70000, 0x0000000013d70000)

Polling page: 0x0000000000410000

CodeCache: size=245760Kb used=5460Kb max_used=5469Kb free=240299Kb
 bounds [0x0000000002240000, 0x00000000027a0000, 0x0000000011240000]
 total_blobs=1615 nmethods=1344 adapters=184
 compilation: enabled

Compilation events (10 events):
Event: 2.545 Thread 0x000000001631c000 1344       3       java.util.HashMap$EntryIterator::next (5 bytes)
Event: 2.545 Thread 0x000000001631c000 nmethod 1344 0x000000000278a590 code [0x000000000278a700, 0x000000000278a9e8]
Event: 2.560 Thread 0x000000001496b000 nmethod 1343 0x0000000002799f50 code [0x000000000279a0e0, 0x000000000279a948]
Event: 2.561 Thread 0x000000001496b000 1345       4       com.android.dx.ssa.SsaBasicBlock::forEachPhiInsn (54 bytes)
Event: 2.568 Thread 0x000000001496b000 nmethod 1345 0x000000000279d090 code [0x000000000279d220, 0x000000000279d668]
Event: 2.568 Thread 0x000000001496b000 1346       4       com.android.dx.ssa.NormalSsaInsn::toRopInsn (19 bytes)
Event: 2.569 Thread 0x000000001496b000 nmethod 1346 0x0000000002799c90 code [0x0000000002799de0, 0x0000000002799e78]
Event: 2.569 Thread 0x000000001496b000 1347       4       com.android.dx.rop.code.RopMethod::labelToPredecessors (54 bytes)
Event: 2.570 Thread 0x000000001631c000 1348       3       java.util.concurrent.locks.ReentrantLock$Sync::tryRelease (45 bytes)
Event: 2.570 Thread 0x000000001631c000 nmethod 1348 0x0000000002795350 code [0x00000000027954e0, 0x0000000002795a88]

GC Heap History (2 events):
Event: 1.749 GC heap before
{Heap before GC invocations=1 (full 0):
 PSYoungGen      total 38400K, used 33280K [0x00000000eab00000, 0x00000000ed580000, 0x0000000100000000)
  eden space 33280K, 100% used [0x00000000eab00000,0x00000000ecb80000,0x00000000ecb80000)
  from space 5120K, 0% used [0x00000000ed080000,0x00000000ed080000,0x00000000ed580000)
  to   space 5120K, 0% used [0x00000000ecb80000,0x00000000ecb80000,0x00000000ed080000)
 ParOldGen       total 87552K, used 0K [0x00000000c0000000, 0x00000000c5580000, 0x00000000eab00000)
  object space 87552K, 0% used [0x00000000c0000000,0x00000000c0000000,0x00000000c5580000)
 Metaspace       used 6085K, capacity 6966K, committed 7040K, reserved 1056768K
  class space    used 606K, capacity 622K, committed 640K, reserved 1048576K
Event: 1.820 GC heap after
Heap after GC invocations=1 (full 0):
 PSYoungGen      total 38400K, used 5108K [0x00000000eab00000, 0x00000000ef600000, 0x0000000100000000)
  eden space 33280K, 0% used [0x00000000eab00000,0x00000000eab00000,0x00000000ecb80000)
  from space 5120K, 99% used [0x00000000ecb80000,0x00000000ed07d0d8,0x00000000ed080000)
  to   space 5120K, 0% used [0x00000000ef100000,0x00000000ef100000,0x00000000ef600000)
 ParOldGen       total 87552K, used 945K [0x00000000c0000000, 0x00000000c5580000, 0x00000000eab00000)
  object space 87552K, 1% used [0x00000000c0000000,0x00000000c00ec410,0x00000000c5580000)
 Metaspace       used 6085K, capacity 6966K, committed 7040K, reserved 1056768K
  class space    used 606K, capacity 622K, committed 640K, reserved 1048576K
}

Deoptimization events (6 events):
Event: 0.395 Thread 0x000000000203d800 Uncommon trap: reason=unstable_if action=reinterpret pc=0x0000000002399554 method=java.lang.String.compareTo(Ljava/lang/String;)I @ 38
Event: 0.880 Thread 0x00000000165b5800 Uncommon trap: reason=unstable_if action=reinterpret pc=0x000000000248dc74 method=java.util.BitSet.ensureCapacity(I)V @ 6
Event: 0.881 Thread 0x00000000165b5800 Uncommon trap: reason=unstable_if action=reinterpret pc=0x0000000002471fb0 method=java.util.BitSet.nextSetBit(I)I @ 87
Event: 1.106 Thread 0x000000000203d800 Uncommon trap: reason=unstable_if action=reinterpret pc=0x00000000024d3b84 method=com.android.dx.rop.code.RegisterSpec.equals(ILcom/android/dx/rop/type/TypeBearer;Lcom/android/dx/rop/code/LocalItem;)Z @ 42
Event: 1.671 Thread 0x00000000165b3800 Uncommon trap: reason=unstable_if action=reinterpret pc=0x0000000002557fec method=com.android.dx.rop.code.RegisterSpecSet.put(Lcom/android/dx/rop/code/RegisterSpec;)V @ 77
Event: 1.671 Thread 0x00000000165b3800 Uncommon trap: reason=unstable_if action=reinterpret pc=0x00000000025aa52c method=com.android.dx.rop.code.RegisterSpecSet.put(Lcom/android/dx/rop/code/RegisterSpec;)V @ 77

Internal exceptions (2 events):
Event: 0.082 Thread 0x000000000203d800 Exception <a 'java/lang/NoSuchMethodError': Method sun.misc.Unsafe.defineClass(Ljava/lang/String;[BII)Ljava/lang/Class; name or signature does not match> (0x00000000eab130b8) thrown at [D:\re\puppet\workspace\8-2-build-windows-amd64-cygwin\jdk8u73\6086\hotQÍÚµ?
Event: 0.082 Thread 0x000000000203d800 Exception <a 'java/lang/NoSuchMethodError': Method sun.misc.Unsafe.prefetchRead(Ljava/lang/Object;J)V name or signature does not match> (0x00000000eab133a0) thrown at [D:\re\puppet\workspace\8-2-build-windows-amd64-cygwin\jdk8u73\6086\hotspot\src\share\vm\

Events (10 events):
Event: 1.671 Thread 0x00000000165b3800 DEOPT UNPACKING pc=0x000000000228582a sp=0x0000000016dbe788 mode 2
Event: 1.671 Thread 0x00000000165b3800 Uncommon trap: trap_request=0xffffff65 fr.pc=0x00000000025aa52c
Event: 1.671 Thread 0x00000000165b3800 DEOPT PACKING pc=0x00000000025aa52c sp=0x0000000016dbe7f0
Event: 1.671 Thread 0x00000000165b3800 DEOPT UNPACKING pc=0x000000000228582a sp=0x0000000016dbe710 mode 2
Event: 1.677 loading class com/android/dx/dex/file/FieldAnnotationStruct
Event: 1.677 loading class com/android/dx/dex/file/FieldAnnotationStruct done
Event: 1.713 Executing VM operation: ForceSafepoint
Event: 1.715 Executing VM operation: ForceSafepoint done
Event: 1.749 Executing VM operation: ParallelGCFailedAllocation
Event: 1.820 Executing VM operation: ParallelGCFailedAllocation done


Dynamic libraries:
0x00007ff7476c0000 - 0x00007ff7476f7000 	C:\Program Files\Java\jdk1.8.0_73\bin\java.exe
0x00007fffb8540000 - 0x00007fffb86ed000 	C:\windows\SYSTEM32\ntdll.dll
0x00007fffb5c20000 - 0x00007fffb5d5e000 	C:\windows\system32\KERNEL32.DLL
0x00007fffb5760000 - 0x00007fffb5875000 	C:\windows\system32\KERNELBASE.dll
0x00007fffb4210000 - 0x00007fffb429e000 	C:\windows\system32\apphelp.dll
0x00007fffa47d0000 - 0x00007fffa4823000 	C:\windows\AppPatch\AppPatch64\AcGenral.DLL
0x00007fffb6080000 - 0x00007fffb612a000 	C:\windows\system32\msvcrt.dll
0x00007fffb52c0000 - 0x00007fffb52ee000 	C:\windows\SYSTEM32\SspiCli.dll
0x00007fffb62e0000 - 0x00007fffb6334000 	C:\windows\system32\SHLWAPI.dll
0x00007fffb8200000 - 0x00007fffb8377000 	C:\windows\system32\USER32.dll
0x00007fffb7f00000 - 0x00007fffb8094000 	C:\windows\system32\ole32.dll
0x00007fffb6410000 - 0x00007fffb7928000 	C:\windows\system32\SHELL32.dll
0x00007fffb4c10000 - 0x00007fffb4c31000 	C:\windows\SYSTEM32\USERENV.dll
0x00007fffb5d80000 - 0x00007fffb5e2a000 	C:\windows\system32\ADVAPI32.dll
0x00007fffab440000 - 0x00007fffab45e000 	C:\windows\SYSTEM32\MPR.dll
0x00007fffb5e50000 - 0x00007fffb5f91000 	C:\windows\system32\RPCRT4.dll
0x00007fffb6130000 - 0x00007fffb6189000 	C:\windows\SYSTEM32\sechost.dll
0x00007fffb7930000 - 0x00007fffb7b41000 	C:\windows\SYSTEM32\combase.dll
0x00007fffb6190000 - 0x00007fffb62df000 	C:\windows\system32\GDI32.dll
0x00007fffb5690000 - 0x00007fffb56a5000 	C:\windows\SYSTEM32\profapi.dll
0x00007fffb3be0000 - 0x00007fffb3c92000 	C:\windows\SYSTEM32\SHCORE.dll
0x00007fffb7b50000 - 0x00007fffb7b86000 	C:\windows\system32\IMM32.DLL
0x00007fffb80a0000 - 0x00007fffb81f2000 	C:\windows\system32\MSCTF.dll
0x00007fffb3760000 - 0x00007fffb39db000 	C:\windows\WinSxS\amd64_microsoft.windows.common-controls_6595b64144ccf1df_6.0.9600.17415_none_6240486fecbd8abb\COMCTL32.dll
0x000000005d680000 - 0x000000005d752000 	C:\Program Files\Java\jdk1.8.0_73\jre\bin\msvcr100.dll
0x000000005dbe0000 - 0x000000005e470000 	C:\Program Files\Java\jdk1.8.0_73\jre\bin\server\jvm.dll
0x00007fffad1a0000 - 0x00007fffad1a9000 	C:\windows\SYSTEM32\WSOCK32.dll
0x00007fffad9a0000 - 0x00007fffad9c2000 	C:\windows\SYSTEM32\WINMM.dll
0x00007fffad1b0000 - 0x00007fffad1ba000 	C:\windows\SYSTEM32\VERSION.dll
0x00007fffb6400000 - 0x00007fffb6407000 	C:\windows\system32\PSAPI.DLL
0x00007fffb5bc0000 - 0x00007fffb5c1a000 	C:\windows\system32\WS2_32.dll
0x00007fffad970000 - 0x00007fffad99a000 	C:\windows\SYSTEM32\WINMMBASE.dll
0x00007fffb5d70000 - 0x00007fffb5d79000 	C:\windows\system32\NSI.dll
0x00007fffb5b10000 - 0x00007fffb5b5f000 	C:\windows\SYSTEM32\cfgmgr32.dll
0x00007fffb4490000 - 0x00007fffb44b8000 	C:\windows\SYSTEM32\DEVOBJ.dll
0x000000005ed20000 - 0x000000005ed2f000 	C:\Program Files\Java\jdk1.8.0_73\jre\bin\verify.dll
0x000000005ecf0000 - 0x000000005ed19000 	C:\Program Files\Java\jdk1.8.0_73\jre\bin\java.dll
0x000000005dae0000 - 0x000000005daf6000 	C:\Program Files\Java\jdk1.8.0_73\jre\bin\zip.dll

VM Arguments:
jvm_args: -Djava.awt.headless=true -Xmx1024M -Dfile.encoding=GBK -Duser.country=CN -Duser.language=zh -Duser.variant 
java_command: com.android.dx.command.Main --dex --force-jumbo --num-threads=4 --multi-dex --output E:\AndroidStudioProjects\TF_49\homework3\build\intermediates\transforms\dex\debug\folders\1000\10\com.android.support-appcompat-v7-23.3.0_432eb2bcfc5d92ded79759d283dd4393ba3c249b E:\AndroidStudioProjects\TF_49\homework3\build\intermediates\exploded-aar\com.android.support\appcompat-v7\23.3.0\jars\classes.jar
java_class_path (initial): E:\Android\sdk\build-tools\23.0.3\lib\dx.jar
Launcher Type: SUN_STANDARD

Environment Variables:
JAVA_HOME=C:\Program Files\Java\jdk1.8.0_73
PATH=C:\ProgramData\Oracle\Java\javapath;C:\Program Files (x86)\Lenovo\FusionEngine;C:\Program Files (x86)\Intel\iCLS Client\;C:\Program Files\Intel\iCLS Client\;C:\windows\system32;C:\windows;C:\windows\System32\Wbem;C:\windows\System32\WindowsPowerShell\v1.0\;C:\Program Files\Intel\Intel(R) Management Engine Components\DAL;C:\Program Files (x86)\Intel\Intel(R) Management Engine Components\DAL;C:\Program Files\Intel\Intel(R) Management Engine Components\IPT;C:\Program Files (x86)\Intel\Intel(R) Management Engine Components\IPT;C:\Program Files (x86)\ATI Technologies\ATI.ACE\Core-Static;c:\Program Files (x86)\Microsoft SQL Server\100\Tools\Binn\;c:\Program Files\Microsoft SQL Server\100\Tools\Binn\;c:\Program Files\Microsoft SQL Server\100\DTS\Binn\;c:\Program Files (x86)\Microsoft SQL Server\100\Tools\Binn\VSShell\Common7\IDE\;c:\Program Files (x86)\Microsoft Visual Studio 9.0\Common7\IDE\PrivateAssemblies\;c:\Program Files (x86)\Microsoft SQL Server\100\DTS\Binn\;C:\Program Files\Java\jdk1.8.0_73\bin\;C:\Program Files\Intel\WiFi\bin\;C:\Program Files\Common Files\Intel\WirelessCommon\;C:\Program Files\Java\jdk1.8.0_73\bin;E:\UltraEdit\;C:\Program Files\Intel\WiFi\bin\;C:\Program Files\Common Files\Intel\WirelessCommon\
USERNAME=lenovo
OS=Windows_NT
PROCESSOR_IDENTIFIER=Intel64 Family 6 Model 61 Stepping 4, GenuineIntel



---------------  S Y S T E M  ---------------

OS: Windows 8.1 , 64 bit Build 9600 (6.3.9600.17415)

CPU:total 4 (2 cores per cpu, 2 threads per core) family 6 model 61 stepping 4, cmov, cx8, fxsr, mmx, sse, sse2, sse3, ssse3, sse4.1, sse4.2, popcnt, avx, avx2, aes, clmul, erms, 3dnowpref, lzcnt, ht, tsc, tscinvbit, bmi1, bmi2, adx

Memory: 4k page, physical 8300380k(331796k free), swap 11446108k(6072k free)

vm_info: Java HotSpot(TM) 64-Bit Server VM (25.73-b02) for windows-amd64 JRE (1.8.0_73-b02), built on Jan 29 2016 17:38:49 by "java_re" with MS VC++ 10.0 (VS2010)

time: Wed Jul 18 14:17:35 2018
elapsed time: 2 seconds (0d 0h 0m 2s)

