#
# There is insufficient memory for the Java Runtime Environment to continue.
# Native memory allocation (malloc) failed to allocate 65552 bytes for Chunk::new
# Possible reasons:
#   The system is out of physical RAM or swap space
#   In 32 bit mode, the process size limit was hit
# Possible solutions:
#   Reduce memory load on the system
#   Increase physical memory or swap space
#   Check if swap backing store is full
#   Use 64 bit Java on a 64 bit OS
#   Decrease Java heap size (-Xmx/-Xms)
#   Decrease number of Java threads
#   Decrease Java thread stack sizes (-Xss)
#   Set larger code cache with -XX:ReservedCodeCacheSize=
# This output file may be truncated or incomplete.
#
#  Out of Memory Error (allocation.cpp:390), pid=6512, tid=15288
#
# JRE version: Java(TM) SE Runtime Environment (8.0_73-b02) (build 1.8.0_73-b02)
# Java VM: Java HotSpot(TM) 64-Bit Server VM (25.73-b02 mixed mode windows-amd64 compressed oops)
# Failed to write core dump. Minidumps are not enabled by default on client versions of Windows
#

---------------  T H R E A D  ---------------

Current thread (0x00000000163ce800):  JavaThread "C2 CompilerThread1" daemon [_thread_in_native, id=15288, stack(0x0000000016780000,0x0000000016880000)]

Stack: [0x0000000016780000,0x0000000016880000]
[error occurred during error reporting (printing stack bounds), id 0xc0000005]

Native frames: (J=compiled Java code, j=interpreted, Vv=VM code, C=native code)


Current CompileTask:
C2:   3124 1077       4       com.android.dx.ssa.SCCP::simulateStmt (481 bytes)


---------------  P R O C E S S  ---------------

Java Threads: ( => current thread )
  0x0000000016620800 JavaThread "pool-2-thread-4" [_thread_in_Java, id=8776, stack(0x0000000016f80000,0x0000000017080000)]
  0x00000000165bc800 JavaThread "pool-2-thread-3" [_thread_in_Java, id=8796, stack(0x0000000016e80000,0x0000000016f80000)]
  0x000000001650b000 JavaThread "pool-2-thread-2" [_thread_in_Java, id=9264, stack(0x0000000016d80000,0x0000000016e80000)]
  0x0000000016508000 JavaThread "pool-3-thread-1" [_thread_blocked, id=18756, stack(0x0000000016c80000,0x0000000016d80000)]
  0x0000000016507800 JavaThread "pool-2-thread-1" [_thread_in_Java, id=18336, stack(0x0000000016b80000,0x0000000016c80000)]
  0x00000000163fb000 JavaThread "Service Thread" daemon [_thread_blocked, id=16428, stack(0x0000000016980000,0x0000000016a80000)]
  0x00000000163dc800 JavaThread "C1 CompilerThread2" daemon [_thread_in_native, id=1452, stack(0x0000000016880000,0x0000000016980000)]
=>0x00000000163ce800 JavaThread "C2 CompilerThread1" daemon [_thread_in_native, id=15288, stack(0x0000000016780000,0x0000000016880000)]
  0x00000000149fb800 JavaThread "C2 CompilerThread0" daemon [_thread_in_native, id=9200, stack(0x0000000016280000,0x0000000016380000)]
  0x00000000149fa000 JavaThread "Attach Listener" daemon [_thread_blocked, id=17784, stack(0x0000000016180000,0x0000000016280000)]
  0x00000000149ae800 JavaThread "Signal Dispatcher" daemon [_thread_blocked, id=16400, stack(0x0000000016080000,0x0000000016180000)]
  0x00000000022c6800 JavaThread "Finalizer" daemon [_thread_blocked, id=3736, stack(0x0000000015c20000,0x0000000015d20000)]
  0x00000000022be800 JavaThread "Reference Handler" daemon [_thread_blocked, id=5260, stack(0x0000000015b20000,0x0000000015c20000)]
  0x00000000021cd800 JavaThread "main" [_thread_blocked, id=7436, stack(0x0000000002010000,0x0000000002110000)]

Other Threads:
  0x0000000014967800 VMThread [stack: 0x0000000015a20000,0x0000000015b20000] [id=10088]
  0x00000000163f9000 WatcherThread [stack: 0x0000000016a80000,0x0000000016b80000] [id=15176]

VM state:not at safepoint (normal execution)

VM Mutex/Monitor currently owned by a thread: None

Heap:
 PSYoungGen      total 38400K, used 26637K [0x00000000eab00000, 0x00000000ed580000, 0x0000000100000000)
  eden space 33280K, 80% used [0x00000000eab00000,0x00000000ec503798,0x00000000ecb80000)
  from space 5120K, 0% used [0x00000000ed080000,0x00000000ed080000,0x00000000ed580000)
  to   space 5120K, 0% used [0x00000000ecb80000,0x00000000ecb80000,0x00000000ed080000)
 ParOldGen       total 87552K, used 0K [0x00000000c0000000, 0x00000000c5580000, 0x00000000eab00000)
  object space 87552K, 0% used [0x00000000c0000000,0x00000000c0000000,0x00000000c5580000)
 Metaspace       used 6003K, capacity 6902K, committed 7040K, reserved 1056768K
  class space    used 607K, capacity 622K, committed 640K, reserved 1048576K

Card table byte_map: [0x0000000011690000,0x00000000118a0000] byte_map_base: 0x0000000011090000

Marking Bits: (ParMarkBitMap*) 0x000000005e3f0600
 Begin Bits: [0x0000000011e00000, 0x0000000012e00000)
 End Bits:   [0x0000000012e00000, 0x0000000013e00000)

Polling page: 0x0000000001c60000

CodeCache: size=245760Kb used=4492Kb max_used=4492Kb free=241267Kb
 bounds [0x00000000022d0000, 0x0000000002740000, 0x00000000112d0000]
 total_blobs=1352 nmethods=1081 adapters=184
 compilation: enabled

Compilation events (10 events):
Event: 3.022 Thread 0x00000000163dc800 nmethod 1081 0x0000000002731990 code [0x0000000002731c00, 0x0000000002732d38]
Event: 3.023 Thread 0x00000000163dc800 1082       3       com.android.dx.ssa.SCCP::run (298 bytes)
Event: 3.025 Thread 0x00000000163dc800 nmethod 1082 0x00000000027339d0 code [0x0000000002733dc0, 0x0000000002735e88]
Event: 3.027 Thread 0x00000000163dc800 1083       3       com.android.dx.cf.code.LocalVariableList$Item::getLocalItem (12 bytes)
Event: 3.028 Thread 0x00000000163dc800 nmethod 1083 0x0000000002720b90 code [0x0000000002720d00, 0x0000000002721070]
Event: 3.028 Thread 0x00000000163dc800 1084       3       com.android.dx.rop.code.LocalItem::make (20 bytes)
Event: 3.028 Thread 0x00000000163dc800 nmethod 1084 0x000000000272f410 code [0x000000000272f580, 0x000000000272f870]
Event: 3.028 Thread 0x00000000163dc800 1085       3       com.android.dx.rop.code.LocalItem::<init> (15 bytes)
Event: 3.028 Thread 0x00000000163dc800 nmethod 1085 0x000000000272f050 code [0x000000000272f1a0, 0x000000000272f370]
Event: 3.030 Thread 0x00000000163dc800 1086       3       com.android.dx.ssa.SsaMethod::forEachBlockDepthFirstDom (128 bytes)

GC Heap History (0 events):
No events

Deoptimization events (3 events):
Event: 1.888 Thread 0x00000000021cd800 Uncommon trap: reason=unstable_if action=reinterpret pc=0x00000000024f0b84 method=java.util.HashMap.getNode(ILjava/lang/Object;)Ljava/util/HashMap$Node; @ 62
Event: 2.612 Thread 0x0000000016507800 Uncommon trap: reason=unstable_if action=reinterpret pc=0x000000000257ab90 method=java.util.HashMap.getNode(ILjava/lang/Object;)Ljava/util/HashMap$Node; @ 129
Event: 3.045 Thread 0x00000000165bc800 Uncommon trap: reason=null_check action=make_not_entrant pc=0x00000000025cb228 method=com.android.dx.rop.type.Type.equals(Ljava/lang/Object;)Z @ 8

Internal exceptions (3 events):
Event: 0.355 Thread 0x00000000021cd800 Exception <a 'java/lang/NoSuchMethodError': Method sun.misc.Unsafe.defineClass(Ljava/lang/String;[BII)Ljava/lang/Class; name or signature does not match> (0x00000000eab12eb0) thrown at [D:\re\puppet\workspace\8-2-build-windows-amd64-cygwin\jdk8u73\6086\hotRõOÕµÖ?
Event: 0.355 Thread 0x00000000021cd800 Exception <a 'java/lang/NoSuchMethodError': Method sun.misc.Unsafe.prefetchRead(Ljava/lang/Object;J)V name or signature does not match> (0x00000000eab13198) thrown at [D:\re\puppet\workspace\8-2-build-windows-amd64-cygwin\jdk8u73\6086\hotspot\src\share\vm\¶°á=\@
Event: 3.045 Thread 0x00000000165bc800 Implicit null exception at 0x00000000025cb122 to 0x00000000025cb21a

Events (10 events):
Event: 2.716 loading class java/util/HashMap$Values done
Event: 2.716 loading class java/util/HashMap$ValueIterator
Event: 2.716 loading class java/util/HashMap$ValueIterator done
Event: 2.724 loading class java/util/HashMap$KeySet done
Event: 2.724 loading class java/util/HashMap$KeyIterator
Event: 2.724 loading class java/util/HashMap$KeyIterator done
Event: 2.995 loading class java/util/TreeMap$EntrySet
Event: 3.045 Thread 0x00000000165bc800 Uncommon trap: trap_request=0xfffffff4 fr.pc=0x00000000025cb228
Event: 3.045 Thread 0x00000000165bc800 DEOPT PACKING pc=0x00000000025cb228 sp=0x0000000016f7eb10
Event: 3.045 Thread 0x00000000165bc800 DEOPT UNPACKING pc=0x000000000231582a sp=0x0000000016f7ea98 mode 2


Dynamic libraries:
0x00007ff7476c0000 - 0x00007ff7476f7000 	C:\Program Files\Java\jdk1.8.0_73\bin\java.exe
0x00007fffb8540000 - 0x00007fffb86ed000 	C:\windows\SYSTEM32\ntdll.dll
0x00007fffb5c20000 - 0x00007fffb5d5e000 	C:\windows\system32\KERNEL32.DLL
0x00007fffb5760000 - 0x00007fffb5875000 	C:\windows\system32\KERNELBASE.dll
0x00007fffb4210000 - 0x00007fffb429e000 	C:\windows\system32\apphelp.dll
0x00007fffa47d0000 - 0x00007fffa4823000 	C:\windows\AppPatch\AppPatch64\AcGenral.DLL
0x00007fffb6080000 - 0x00007fffb612a000 	C:\windows\system32\msvcrt.dll
0x00007fffb52c0000 - 0x00007fffb52ee000 	C:\windows\SYSTEM32\SspiCli.dll
0x00007fffb62e0000 - 0x00007fffb6334000 	C:\windows\system32\SHLWAPI.dll
0x00007fffb8200000 - 0x00007fffb8377000 	C:\windows\system32\USER32.dll
0x00007fffb7f00000 - 0x00007fffb8094000 	C:\windows\system32\ole32.dll
0x00007fffb6410000 - 0x00007fffb7928000 	C:\windows\system32\SHELL32.dll
0x00007fffb4c10000 - 0x00007fffb4c31000 	C:\windows\SYSTEM32\USERENV.dll
0x00007fffb5d80000 - 0x00007fffb5e2a000 	C:\windows\system32\ADVAPI32.dll
0x00007fffab440000 - 0x00007fffab45e000 	C:\windows\SYSTEM32\MPR.dll
0x00007fffb5e50000 - 0x00007fffb5f91000 	C:\windows\system32\RPCRT4.dll
0x00007fffb6130000 - 0x00007fffb6189000 	C:\windows\SYSTEM32\sechost.dll
0x00007fffb7930000 - 0x00007fffb7b41000 	C:\windows\SYSTEM32\combase.dll
0x00007fffb6190000 - 0x00007fffb62df000 	C:\windows\system32\GDI32.dll
0x00007fffb5690000 - 0x00007fffb56a5000 	C:\windows\SYSTEM32\profapi.dll
0x00007fffb3be0000 - 0x00007fffb3c92000 	C:\windows\SYSTEM32\SHCORE.dll
0x00007fffb7b50000 - 0x00007fffb7b86000 	C:\windows\system32\IMM32.DLL
0x00007fffb80a0000 - 0x00007fffb81f2000 	C:\windows\system32\MSCTF.dll
0x00007fffb3760000 - 0x00007fffb39db000 	C:\windows\WinSxS\amd64_microsoft.windows.common-controls_6595b64144ccf1df_6.0.9600.17415_none_6240486fecbd8abb\COMCTL32.dll
0x000000005d680000 - 0x000000005d752000 	C:\Program Files\Java\jdk1.8.0_73\jre\bin\msvcr100.dll
0x000000005dbe0000 - 0x000000005e470000 	C:\Program Files\Java\jdk1.8.0_73\jre\bin\server\jvm.dll
0x00007fffad1a0000 - 0x00007fffad1a9000 	C:\windows\SYSTEM32\WSOCK32.dll
0x00007fffad9a0000 - 0x00007fffad9c2000 	C:\windows\SYSTEM32\WINMM.dll
0x00007fffad1b0000 - 0x00007fffad1ba000 	C:\windows\SYSTEM32\VERSION.dll
0x00007fffb6400000 - 0x00007fffb6407000 	C:\windows\system32\PSAPI.DLL
0x00007fffb5bc0000 - 0x00007fffb5c1a000 	C:\windows\system32\WS2_32.dll
0x00007fffad970000 - 0x00007fffad99a000 	C:\windows\SYSTEM32\WINMMBASE.dll
0x00007fffb5d70000 - 0x00007fffb5d79000 	C:\windows\system32\NSI.dll
0x00007fffb5b10000 - 0x00007fffb5b5f000 	C:\windows\SYSTEM32\cfgmgr32.dll
0x00007fffb4490000 - 0x00007fffb44b8000 	C:\windows\SYSTEM32\DEVOBJ.dll
0x000000005ed20000 - 0x000000005ed2f000 	C:\Program Files\Java\jdk1.8.0_73\jre\bin\verify.dll
0x000000005ecf0000 - 0x000000005ed19000 	C:\Program Files\Java\jdk1.8.0_73\jre\bin\java.dll
0x000000005dae0000 - 0x000000005daf6000 	C:\Program Files\Java\jdk1.8.0_73\jre\bin\zip.dll

VM Arguments:
jvm_args: -Djava.awt.headless=true -Xmx1024M -Dfile.encoding=GBK -Duser.country=CN -Duser.language=zh -Duser.variant 
java_command: com.android.dx.command.Main --dex --force-jumbo --num-threads=4 --multi-dex --output E:\AndroidStudioProjects\TF_49\homework3\build\intermediates\transforms\dex\debug\folders\1000\10\com.android.support-support-vector-drawable-23.3.0_a4b5d6a04be8aabddc7f4ab96b907cebc6565e02 E:\AndroidStudioProjects\TF_49\homework3\build\intermediates\exploded-aar\com.android.support\support-vector-drawable\23.3.0\jars\classes.jar
java_class_path (initial): E:\Android\sdk\build-tools\23.0.3\lib\dx.jar
Launcher Type: SUN_STANDARD

Environment Variables:
JAVA_HOME=C:\Program Files\Java\jdk1.8.0_73
PATH=C:\ProgramData\Oracle\Java\javapath;C:\Program Files (x86)\Lenovo\FusionEngine;C:\Program Files (x86)\Intel\iCLS Client\;C:\Program Files\Intel\iCLS Client\;C:\windows\system32;C:\windows;C:\windows\System32\Wbem;C:\windows\System32\WindowsPowerShell\v1.0\;C:\Program Files\Intel\Intel(R) Management Engine Components\DAL;C:\Program Files (x86)\Intel\Intel(R) Management Engine Components\DAL;C:\Program Files\Intel\Intel(R) Management Engine Components\IPT;C:\Program Files (x86)\Intel\Intel(R) Management Engine Components\IPT;C:\Program Files (x86)\ATI Technologies\ATI.ACE\Core-Static;c:\Program Files (x86)\Microsoft SQL Server\100\Tools\Binn\;c:\Program Files\Microsoft SQL Server\100\Tools\Binn\;c:\Program Files\Microsoft SQL Server\100\DTS\Binn\;c:\Program Files (x86)\Microsoft SQL Server\100\Tools\Binn\VSShell\Common7\IDE\;c:\Program Files (x86)\Microsoft Visual Studio 9.0\Common7\IDE\PrivateAssemblies\;c:\Program Files (x86)\Microsoft SQL Server\100\DTS\Binn\;C:\Program Files\Java\jdk1.8.0_73\bin\;C:\Program Files\Intel\WiFi\bin\;C:\Program Files\Common Files\Intel\WirelessCommon\;C:\Program Files\Java\jdk1.8.0_73\bin;E:\UltraEdit\;C:\Program Files\Intel\WiFi\bin\;C:\Program Files\Common Files\Intel\WirelessCommon\
USERNAME=lenovo
OS=Windows_NT
PROCESSOR_IDENTIFIER=Intel64 Family 6 Model 61 Stepping 4, GenuineIntel



---------------  S Y S T E M  ---------------

OS: Windows 8.1 , 64 bit Build 9600 (6.3.9600.17415)

CPU:total 4 (2 cores per cpu, 2 threads per core) family 6 model 61 stepping 4, cmov, cx8, fxsr, mmx, sse, sse2, sse3, ssse3, sse4.1, sse4.2, popcnt, avx, avx2, aes, clmul, erms, 3dnowpref, lzcnt, ht, tsc, tscinvbit, bmi1, bmi2, adx

Memory: 4k page, physical 8300380k(315304k free), swap 11446108k(5004k free)

vm_info: Java HotSpot(TM) 64-Bit Server VM (25.73-b02) for windows-amd64 JRE (1.8.0_73-b02), built on Jan 29 2016 17:38:49 by "java_re" with MS VC++ 10.0 (VS2010)

time: Wed Jul 18 14:17:24 2018
elapsed time: 3 seconds (0d 0h 0m 3s)

