#
# There is insufficient memory for the Java Runtime Environment to continue.
# Native memory allocation (malloc) failed to allocate 70896 bytes for Chunk::new
# Possible reasons:
#   The system is out of physical RAM or swap space
#   In 32 bit mode, the process size limit was hit
# Possible solutions:
#   Reduce memory load on the system
#   Increase physical memory or swap space
#   Check if swap backing store is full
#   Use 64 bit Java on a 64 bit OS
#   Decrease Java heap size (-Xmx/-Xms)
#   Decrease number of Java threads
#   Decrease Java thread stack sizes (-Xss)
#   Set larger code cache with -XX:ReservedCodeCacheSize=
# This output file may be truncated or incomplete.
#
#  Out of Memory Error (allocation.cpp:390), pid=16140, tid=3500
#
# JRE version: Java(TM) SE Runtime Environment (8.0_73-b02) (build 1.8.0_73-b02)
# Java VM: Java HotSpot(TM) 64-Bit Server VM (25.73-b02 mixed mode windows-amd64 compressed oops)
# Failed to write core dump. Minidumps are not enabled by default on client versions of Windows
#

---------------  T H R E A D  ---------------

Current thread (0x00000000157cb000):  JavaThread "C2 CompilerThread0" daemon [_thread_in_native, id=3500, stack(0x0000000017040000,0x0000000017140000)]

Stack: [0x0000000017040000,0x0000000017140000]
[error occurred during error reporting (printing stack bounds), id 0xc0000005]

Native frames: (J=compiled Java code, j=interpreted, Vv=VM code, C=native code)


Current CompileTask:
C2:   3933 1186       4       java.util.TreeMap::get (19 bytes)


---------------  P R O C E S S  ---------------

Java Threads: ( => current thread )
  0x00000000172f1000 JavaThread "pool-1-thread-1" [_thread_in_Java, id=14184, stack(0x0000000017940000,0x0000000017a40000)]
  0x00000000171a7800 JavaThread "Service Thread" daemon [_thread_blocked, id=8440, stack(0x0000000017740000,0x0000000017840000)]
  0x00000000157ce000 JavaThread "C1 CompilerThread2" daemon [_thread_in_native, id=5964, stack(0x0000000017640000,0x0000000017740000)]
  0x0000000017196800 JavaThread "C2 CompilerThread1" daemon [_thread_blocked, id=10256, stack(0x0000000017540000,0x0000000017640000)]
=>0x00000000157cb000 JavaThread "C2 CompilerThread0" daemon [_thread_in_native, id=3500, stack(0x0000000017040000,0x0000000017140000)]
  0x00000000157c9000 JavaThread "Attach Listener" daemon [_thread_blocked, id=17800, stack(0x0000000016f40000,0x0000000017040000)]
  0x000000001577e800 JavaThread "Signal Dispatcher" daemon [_thread_blocked, id=19308, stack(0x0000000016e40000,0x0000000016f40000)]
  0x0000000003096800 JavaThread "Finalizer" daemon [_thread_blocked, id=18476, stack(0x00000000169e0000,0x0000000016ae0000)]
  0x000000000308d800 JavaThread "Reference Handler" daemon [_thread_blocked, id=7224, stack(0x00000000168e0000,0x00000000169e0000)]
  0x000000000141d800 JavaThread "main" [_thread_blocked, id=17872, stack(0x0000000002ea0000,0x0000000002fa0000)]

Other Threads:
  0x0000000015738800 VMThread [stack: 0x00000000167e0000,0x00000000168e0000] [id=9140]
  0x000000001720b000 WatcherThread [stack: 0x0000000017840000,0x0000000017940000] [id=6312]

VM state:not at safepoint (normal execution)

VM Mutex/Monitor currently owned by a thread: None

Heap:
 PSYoungGen      total 38400K, used 22634K [0x00000000eab00000, 0x00000000ed580000, 0x0000000100000000)
  eden space 33280K, 68% used [0x00000000eab00000,0x00000000ec11a978,0x00000000ecb80000)
  from space 5120K, 0% used [0x00000000ed080000,0x00000000ed080000,0x00000000ed580000)
  to   space 5120K, 0% used [0x00000000ecb80000,0x00000000ecb80000,0x00000000ed080000)
 ParOldGen       total 87552K, used 0K [0x00000000c0000000, 0x00000000c5580000, 0x00000000eab00000)
  object space 87552K, 0% used [0x00000000c0000000,0x00000000c0000000,0x00000000c5580000)
 Metaspace       used 5979K, capacity 7024K, committed 7296K, reserved 1058816K
  class space    used 599K, capacity 616K, committed 640K, reserved 1048576K

Card table byte_map: [0x0000000012460000,0x0000000012670000] byte_map_base: 0x0000000011e60000

Marking Bits: (ParMarkBitMap*) 0x000000005e3f0600
 Begin Bits: [0x0000000012bd0000, 0x0000000013bd0000)
 End Bits:   [0x0000000013bd0000, 0x0000000014bd0000)

Polling page: 0x00000000013a0000

CodeCache: size=245760Kb used=4636Kb max_used=4636Kb free=241123Kb
 bounds [0x00000000030a0000, 0x0000000003530000, 0x00000000120a0000]
 total_blobs=1462 nmethods=1198 adapters=177
 compilation: enabled

Compilation events (10 events):
Event: 3.926 Thread 0x00000000157ce000 nmethod 1188 0x0000000003517f50 code [0x00000000035180a0, 0x00000000035181f0]
Event: 3.926 Thread 0x00000000157ce000 1189       3       com.android.dx.dex.file.FieldIdItem::itemType (4 bytes)
Event: 3.927 Thread 0x00000000157ce000 nmethod 1189 0x0000000003522b90 code [0x0000000003522ce0, 0x0000000003522e30]
Event: 3.928 Thread 0x00000000157ce000 1190       3       com.android.dx.dex.file.OffsettedItem::getAbsoluteOffset (29 bytes)
Event: 3.929 Thread 0x00000000157ce000 nmethod 1190 0x0000000003522ed0 code [0x0000000003523060, 0x0000000003523358]
Event: 3.929 Thread 0x00000000157ce000 1191       3       com.android.dx.util.ByteArrayAnnotatedOutput::writeInt (90 bytes)
Event: 3.929 Thread 0x00000000157ce000 nmethod 1191 0x0000000003523450 code [0x00000000035235e0, 0x00000000035239f8]
Event: 3.929 Thread 0x00000000157ce000 1192       3       com.android.dx.util.ByteArrayAnnotatedOutput::alignTo (69 bytes)
Event: 3.930 Thread 0x00000000157ce000 nmethod 1192 0x0000000003523c50 code [0x0000000003523e00, 0x00000000035242a8]
Event: 3.930 Thread 0x00000000157ce000 1193       3       com.android.dx.dex.file.StringIdItem::writeTo (95 bytes)

GC Heap History (0 events):
No events

Deoptimization events (10 events):
Event: 2.413 Thread 0x00000000172eb800 Uncommon trap: reason=class_check action=maybe_recompile pc=0x0000000003249c34 method=com.android.dx.rop.cst.CstMemberRef.compareTo0(Lcom/android/dx/rop/cst/Constant;)I @ 1
Event: 2.413 Thread 0x000000000141d800 Uncommon trap: reason=class_check action=maybe_recompile pc=0x0000000003249c34 method=com.android.dx.rop.cst.CstMemberRef.compareTo0(Lcom/android/dx/rop/cst/Constant;)I @ 1
Event: 2.413 Thread 0x000000000141d800 Uncommon trap: reason=class_check action=maybe_recompile pc=0x0000000003249c34 method=com.android.dx.rop.cst.CstMemberRef.compareTo0(Lcom/android/dx/rop/cst/Constant;)I @ 1
Event: 2.418 Thread 0x00000000173bc000 Uncommon trap: reason=class_check action=maybe_recompile pc=0x0000000003249c34 method=com.android.dx.rop.cst.CstMemberRef.compareTo0(Lcom/android/dx/rop/cst/Constant;)I @ 1
Event: 2.429 Thread 0x000000000141d800 Uncommon trap: reason=unstable_if action=reinterpret pc=0x00000000032c9f08 method=java.util.HashMap.getNode(ILjava/lang/Object;)Ljava/util/HashMap$Node; @ 62
Event: 2.493 Thread 0x00000000172eb800 Uncommon trap: reason=unstable_if action=reinterpret pc=0x0000000003250238 method=com.android.dx.rop.cst.CstFieldRef.compareTo0(Lcom/android/dx/rop/cst/Constant;)I @ 7
Event: 3.541 Thread 0x00000000172f1000 Uncommon trap: reason=bimorphic action=maybe_recompile pc=0x000000000337a630 method=java.util.HashMap.getNode(ILjava/lang/Object;)Ljava/util/HashMap$Node; @ 126
Event: 3.558 Thread 0x00000000172f1000 Uncommon trap: reason=class_check action=maybe_recompile pc=0x00000000034d8628 method=java.util.HashMap.putVal(ILjava/lang/Object;Ljava/lang/Object;ZZ)Ljava/lang/Object; @ 203
Event: 3.816 Thread 0x00000000172f1000 Uncommon trap: reason=unstable_if action=reinterpret pc=0x000000000350dc34 method=com.android.dx.dex.code.OutputFinisher.findOpcodeForInsn(Lcom/android/dx/dex/code/DalvInsn;Lcom/android/dx/dex/code/Dop;)Lcom/android/dx/dex/code/Dop; @ 12
Event: 3.928 Thread 0x00000000172f1000 Uncommon trap: reason=unstable_if action=reinterpret pc=0x0000000003518858 method=com.android.dx.util.ByteArrayAnnotatedOutput.writeByte(I)V @ 13

Internal exceptions (2 events):
Event: 0.111 Thread 0x000000000141d800 Exception <a 'java/lang/NoSuchMethodError': Method sun.misc.Unsafe.defineClass(Ljava/lang/String;[BII)Ljava/lang/Class; name or signature does not match> (0x00000000eab12ce0) thrown at [D:\re\puppet\workspace\8-2-build-windows-amd64-cygwin\jdk8u73\6086\hotà|{r”z¼?
Event: 0.111 Thread 0x000000000141d800 Exception <a 'java/lang/NoSuchMethodError': Method sun.misc.Unsafe.prefetchRead(Ljava/lang/Object;J)V name or signature does not match> (0x00000000eab12fc8) thrown at [D:\re\puppet\workspace\8-2-build-windows-amd64-cygwin\jdk8u73\6086\hotspot\src\share\vm\

Events (10 events):
Event: 3.910 loading class com/android/dex/EncodedValueCodec done
Event: 3.923 loading class com/android/dx/dex/file/MapItem
Event: 3.923 loading class com/android/dx/dex/file/MapItem done
Event: 3.925 loading class com/android/dx/dex/file/UniformListItem
Event: 3.925 loading class com/android/dx/dex/file/UniformListItem done
Event: 3.927 loading class com/android/dex/DexFormat
Event: 3.927 loading class com/android/dex/DexFormat done
Event: 3.928 Thread 0x00000000172f1000 Uncommon trap: trap_request=0xffffff65 fr.pc=0x0000000003518858
Event: 3.928 Thread 0x00000000172f1000 DEOPT PACKING pc=0x0000000003518858 sp=0x0000000017a3eac0
Event: 3.928 Thread 0x00000000172f1000 DEOPT UNPACKING pc=0x00000000030e582a sp=0x0000000017a3eaa8 mode 2


Dynamic libraries:
0x00007ff7476c0000 - 0x00007ff7476f7000 	C:\Program Files\Java\jdk1.8.0_73\bin\java.exe
0x00007fffb8540000 - 0x00007fffb86ed000 	C:\windows\SYSTEM32\ntdll.dll
0x00007fffb5c20000 - 0x00007fffb5d5e000 	C:\windows\system32\KERNEL32.DLL
0x00007fffb5760000 - 0x00007fffb5875000 	C:\windows\system32\KERNELBASE.dll
0x00007fffb4210000 - 0x00007fffb429e000 	C:\windows\system32\apphelp.dll
0x00007fffa47d0000 - 0x00007fffa4823000 	C:\windows\AppPatch\AppPatch64\AcGenral.DLL
0x00007fffb6080000 - 0x00007fffb612a000 	C:\windows\system32\msvcrt.dll
0x00007fffb52c0000 - 0x00007fffb52ee000 	C:\windows\SYSTEM32\SspiCli.dll
0x00007fffb62e0000 - 0x00007fffb6334000 	C:\windows\system32\SHLWAPI.dll
0x00007fffb8200000 - 0x00007fffb8377000 	C:\windows\system32\USER32.dll
0x00007fffb7f00000 - 0x00007fffb8094000 	C:\windows\system32\ole32.dll
0x00007fffb6410000 - 0x00007fffb7928000 	C:\windows\system32\SHELL32.dll
0x00007fffb4c10000 - 0x00007fffb4c31000 	C:\windows\SYSTEM32\USERENV.dll
0x00007fffb5d80000 - 0x00007fffb5e2a000 	C:\windows\system32\ADVAPI32.dll
0x00007fffab440000 - 0x00007fffab45e000 	C:\windows\SYSTEM32\MPR.dll
0x00007fffb5e50000 - 0x00007fffb5f91000 	C:\windows\system32\RPCRT4.dll
0x00007fffb6130000 - 0x00007fffb6189000 	C:\windows\SYSTEM32\sechost.dll
0x00007fffb7930000 - 0x00007fffb7b41000 	C:\windows\SYSTEM32\combase.dll
0x00007fffb6190000 - 0x00007fffb62df000 	C:\windows\system32\GDI32.dll
0x00007fffb5690000 - 0x00007fffb56a5000 	C:\windows\SYSTEM32\profapi.dll
0x00007fffb3be0000 - 0x00007fffb3c92000 	C:\windows\SYSTEM32\SHCORE.dll
0x00007fffb7b50000 - 0x00007fffb7b86000 	C:\windows\system32\IMM32.DLL
0x00007fffb80a0000 - 0x00007fffb81f2000 	C:\windows\system32\MSCTF.dll
0x00007fffb3760000 - 0x00007fffb39db000 	C:\windows\WinSxS\amd64_microsoft.windows.common-controls_6595b64144ccf1df_6.0.9600.17415_none_6240486fecbd8abb\COMCTL32.dll
0x000000005d680000 - 0x000000005d752000 	C:\Program Files\Java\jdk1.8.0_73\jre\bin\msvcr100.dll
0x000000005dbe0000 - 0x000000005e470000 	C:\Program Files\Java\jdk1.8.0_73\jre\bin\server\jvm.dll
0x00007fffad1a0000 - 0x00007fffad1a9000 	C:\windows\SYSTEM32\WSOCK32.dll
0x00007fffad9a0000 - 0x00007fffad9c2000 	C:\windows\SYSTEM32\WINMM.dll
0x00007fffad1b0000 - 0x00007fffad1ba000 	C:\windows\SYSTEM32\VERSION.dll
0x00007fffb6400000 - 0x00007fffb6407000 	C:\windows\system32\PSAPI.DLL
0x00007fffb5bc0000 - 0x00007fffb5c1a000 	C:\windows\system32\WS2_32.dll
0x00007fffad970000 - 0x00007fffad99a000 	C:\windows\SYSTEM32\WINMMBASE.dll
0x00007fffb5d70000 - 0x00007fffb5d79000 	C:\windows\system32\NSI.dll
0x00007fffb5b10000 - 0x00007fffb5b5f000 	C:\windows\SYSTEM32\cfgmgr32.dll
0x00007fffb4490000 - 0x00007fffb44b8000 	C:\windows\SYSTEM32\DEVOBJ.dll
0x000000005ed20000 - 0x000000005ed2f000 	C:\Program Files\Java\jdk1.8.0_73\jre\bin\verify.dll
0x000000005ecf0000 - 0x000000005ed19000 	C:\Program Files\Java\jdk1.8.0_73\jre\bin\java.dll
0x000000005dae0000 - 0x000000005daf6000 	C:\Program Files\Java\jdk1.8.0_73\jre\bin\zip.dll

VM Arguments:
jvm_args: -Djava.awt.headless=true -Xmx1024M -Dfile.encoding=GBK -Duser.country=CN -Duser.language=zh -Duser.variant 
java_command: com.android.dx.command.Main --dex --force-jumbo --num-threads=4 --multi-dex --output E:\AndroidStudioProjects\TF_49\homework3\build\intermediates\transforms\dex\debug\folders\1000\5\slice_2 E:\AndroidStudioProjects\TF_49\homework3\build\intermediates\transforms\instantRunSlicer\debug\folders\1\5\slice_2
java_class_path (initial): E:\Android\sdk\build-tools\23.0.3\lib\dx.jar
Launcher Type: SUN_STANDARD

Environment Variables:
JAVA_HOME=C:\Program Files\Java\jdk1.8.0_73
PATH=C:\ProgramData\Oracle\Java\javapath;C:\Program Files (x86)\Lenovo\FusionEngine;C:\Program Files (x86)\Intel\iCLS Client\;C:\Program Files\Intel\iCLS Client\;C:\windows\system32;C:\windows;C:\windows\System32\Wbem;C:\windows\System32\WindowsPowerShell\v1.0\;C:\Program Files\Intel\Intel(R) Management Engine Components\DAL;C:\Program Files (x86)\Intel\Intel(R) Management Engine Components\DAL;C:\Program Files\Intel\Intel(R) Management Engine Components\IPT;C:\Program Files (x86)\Intel\Intel(R) Management Engine Components\IPT;C:\Program Files (x86)\ATI Technologies\ATI.ACE\Core-Static;c:\Program Files (x86)\Microsoft SQL Server\100\Tools\Binn\;c:\Program Files\Microsoft SQL Server\100\Tools\Binn\;c:\Program Files\Microsoft SQL Server\100\DTS\Binn\;c:\Program Files (x86)\Microsoft SQL Server\100\Tools\Binn\VSShell\Common7\IDE\;c:\Program Files (x86)\Microsoft Visual Studio 9.0\Common7\IDE\PrivateAssemblies\;c:\Program Files (x86)\Microsoft SQL Server\100\DTS\Binn\;C:\Program Files\Java\jdk1.8.0_73\bin\;C:\Program Files\Intel\WiFi\bin\;C:\Program Files\Common Files\Intel\WirelessCommon\;C:\Program Files\Java\jdk1.8.0_73\bin;E:\UltraEdit\;C:\Program Files\Intel\WiFi\bin\;C:\Program Files\Common Files\Intel\WirelessCommon\
USERNAME=lenovo
OS=Windows_NT
PROCESSOR_IDENTIFIER=Intel64 Family 6 Model 61 Stepping 4, GenuineIntel



---------------  S Y S T E M  ---------------

OS: Windows 8.1 , 64 bit Build 9600 (6.3.9600.17415)

CPU:total 4 (2 cores per cpu, 2 threads per core) family 6 model 61 stepping 4, cmov, cx8, fxsr, mmx, sse, sse2, sse3, ssse3, sse4.1, sse4.2, popcnt, avx, avx2, aes, clmul, erms, 3dnowpref, lzcnt, ht, tsc, tscinvbit, bmi1, bmi2, adx

Memory: 4k page, physical 8300380k(426176k free), swap 11446108k(5108k free)

vm_info: Java HotSpot(TM) 64-Bit Server VM (25.73-b02) for windows-amd64 JRE (1.8.0_73-b02), built on Jan 29 2016 17:38:49 by "java_re" with MS VC++ 10.0 (VS2010)

time: Wed Jul 18 15:54:42 2018
elapsed time: 3 seconds (0d 0h 0m 3s)

