 00000000000001a9
0x000000001612f010:   000000001498e800 0000000014946090
0x000000001612f020:   00000000ffffffff 000000005ddf28d7
0x000000001612f030:   000000001612f130 000000001400d5d8
0x000000001612f040:   000000001498e800 000000005dc9f603
0x000000001612f050:   000000001612f090 000000001498e800
0x000000001612f060:   000000001612f120 000000001498e800
0x000000001612f070:   000000001400d5d8 000000001498e800
0x000000001612f080:   00000000022c10e0 000000001498e800
0x000000001612f090:   000000001400d5d8 000000001498e800
0x000000001612f0a0:   000000001400d5d8 000000001498e800
0x000000001612f0b0:   0000000000000001 000000001400d5d8
0x000000001612f0c0:   000000001498e800 000000001498f1b0
0x000000001612f0d0:   000000001498e800 000000005dca0aed
0x000000001612f0e0:   000000001612f430 00000001000069a0
0x000000001612f0f0:   00000001000069a0 0000000000000000 

Instructions: (pc=0x000000005ddf19a7)
0x000000005ddf1987:   48 89 6c 24 30 33 ed 66 90 e8 5b 37 08 00 ff c3
0x000000005ddf1997:   48 63 c8 48 8b c6 48 0f af cf 48 ff c7 48 2b c1
0x000000005ddf19a7:   89 28 48 63 c3 48 3b 05 dd ac 58 00 7e db 48 8b
0x000000005ddf19b7:   6c 24 30 48 8b 5c 24 38 48 8b 74 24 40 48 83 c4 


Register to memory mapping:

RAX=0x000000001612a000 is pointing into the stack for thread: 0x000000001498e800
RBX=0x0000000000000006 is an unknown value
RCX=0x0000000000005000 is an unknown value
RDX=0x0000000000000006 is an unknown value
RSP=0x000000001612f000 is pointing into the stack for thread: 0x000000001498e800
RBP=0x0000000000000000 is an unknown value
RSI=0x000000001612f000 is pointing into the stack for thread: 0x000000001498e800
RDI=0x0000000000000006 is an unknown value
R8 =0x0000000000000006 is an unknown value
R9 =0x0000000014946090 is an unknown value
R10={method} {0x000000001400d5e0} 'exit' '()V' in 'java/lang/Thread'
R11=0x000000001603a150 is pointing into the stack for thread: 0x000000001498e800
R12=0x0000000014946090 is an unknown value
R13=0x000000001498e800 is a thread
R14=0x000000001612f0c8 is pointing into the stack for thread: 0x000000001498e800
R15={method} {0x000000001400d5e0} 'exit' '()V' in 'java/lang/Thread'


Stack: [0x0000000016030000,0x0000000016130000],  sp=0x000000001612f000,  free space=1020k
Native frames: (J=compiled Java code, j=interpreted, Vv=VM code, C=native code)


---------------  P R O C E S S  ---------------

Java Threads: ( => current thread )
  0x0000000016390000 JavaThread "Service Thread" daemon [_thread_blocked, id=10188, stack(0x0000000016930000,0x0000000016a30000)]
  0x000000001638b800 JavaThread "C1 CompilerThread2" daemon [_thread_blocked, id=17852, stack(0x0000000016830000,0x0000000016930000)]
  0x0000000016385800 JavaThread "C2 CompilerThread1" daemon [_thread_blocked, id=12732, stack(0x0000000016730000,0x0000000016830000)]
  0x00000000149db000 JavaThread "C2 CompilerThread0" daemon [_thread_blocked, id=17476, stack(0x0000000016230000,0x0000000016330000)]
  0x00000000149d9000 JavaThread "Attach Listener" daemon [_thread_blocked, id=12556, stack(0x0000000016130000,0x0000000016230000)]
=>0x000000001498e800 JavaThread "Signal Dispatcher" daemon [_thread_in_vm, id=10436, stack(0x0000000016030000,0x0000000016130000)]
  0x00000000022a6800 JavaThread "Finalizer" daemon [_thread_blocked, id=5744, stack(0x0000000015bd0000,0x0000000015cd0000)]
  0x000000000229d800 JavaThread "Reference Handler" daemon [_thread_blocked, id=1448, stack(0x0000000015ad0000,0x0000000015bd0000)]
  0x000000000056d800 JavaThread "main" [_thread_blocked, id=17452, stack(0x0000000001d20000,0x0000000001e20000)]

Other Threads:
  0x0000000014948800 VMThread [stack: 0x00000000159d0000,0x0000000015ad0000] [id=18896]

VM state:synchronizing (normal execution)

VM Mutex/Monitor currently owned by a thread:  ([mutex/lock_event])
[0x000000000056d080] Threads_lock - owner thread: 0x0000000014948800

Heap:
 PSYoungGen      total 38400K, used 2662K [0x00000000eab00000, 0x00000000ed580000, 0x0000000100000000)
  eden space 33280K, 8% used [0x00000000eab00000,0x00000000ead99ac0,0x00000000ecb80000)
  from space 5120K, 0% used [0x00000000ed080000,0x00000000ed080000,0x00000000ed580000)
  to   space 5120K, 0% used [0x00000000ecb80000,0x00000000ecb80000,0x00000000ed080000)
 ParOldGen       total 87552K, used 0K [0x00000000c0000000, 0x00000000c5580000, 0x00000000eab00000)
  object space 87552K, 0% used [0x00000000c0000000,0x00000000c0000000,0x00000000c5580000)
 Metaspace       used 2941K, capacity 4556K, committed 4864K, reserved 1056768K
  class space    used 316K, capacity 388K, committed 512K, reserved 1048576K

Card table byte_map: [0x0000000011670000,0x0000000011880000] byte_map_base: 0x0000000011070000

Marking Bits: (ParMarkBitMap*) 0x000000005e3f0600
 Begin Bits: [0x0000000011de0000, 0x0000000012de0000)
 End Bits:   [0x0000000012de0000, 0x0000000013de0000)

Polling page: 0x0000000000500000

CodeCache: size=245760Kb used=1120Kb max_used=1129Kb free=244639Kb
 bounds [0x00000000022b0000, 0x0000000002520000, 0x00000000112b0000]
 total_blobs=278 nmethods=41 adapters=151
 compilation: enabled

Compilation events (10 events):
Event: 0.381 Thread 0x000000001638b800 nmethod 37 0x00000000023c5110 code [0x00000000023c5280, 0x00000000023c5430]
Event: 0.381 Thread 0x000000001638b800   38       3       java.util.Arrays::copyOf (19 bytes)
Event: 0.381 Thread 0x000000001638b800 nmethod 38 0x00000000023c4b50 code [0x00000000023c4cc0, 0x00000000023c4fe8]
Event: 0.381 Thread 0x000000001638b800   39       1       java.nio.Buffer::position (5 bytes)
Event: 0.381 Thread 0x000000001638b800 nmethod 39 0x00000000023c9f90 code [0x00000000023ca0e0, 0x00000000023ca1f0]
Event: 0.381 Thread 0x000000001638b800   40       1       java.nio.Buffer::limit (5 bytes)
Event: 0.382 Thread 0x000000001638b800 nmethod 40 0x00000000023c9cd0 code [0x00000000023c9e20, 0x00000000023c9f30]
Event: 0.382 Thread 0x000000001638b800   41       3       java.lang.AbstractStringBuilder::expandCapacity (50 bytes)
Event: 0.382 Thread 0x00000000149db000   42       4       sun.nio.cs.ext.DoubleByte$Encoder::encodeChar (21 bytes)
Event: 0.382 Thread 0x000000001638b800 nmethod 41 0x00000000023c9410 code [0x00000000023c95a0, 0x00000000023c9af8]

GC Heap History (0 events):
No events

Deoptimization events (0 events):
No events

Internal exceptions (5 events):
Event: 0.131 Thread 0x000000000056d800 Exception <a 'java/lang/NoSuchMethodError': Method sun.misc.Unsafe.defineClass(Ljava/lang/String;[BII)Ljava/lang/Class; name or signature does not match> (0x00000000eab130b8) thrown at [D:\re\puppet\workspace\8-2-build-windows-amd64-cygwin\jdk8u73\6086\hot!Ñ\@ëÂÀ?
Event: 0.131 Thread 0x000000000056d800 Exception <a 'java/lang/NoSuchMethodError': Method sun.misc.Unsafe.prefetchRead(Ljava/lang/Object;J)V name or signature does not match> (0x00000000eab133a0) thrown at [D:\re\puppet\workspace\8-2-build-windows-amd64-cygwin\jdk8u73\6086\hotspot\src\share\vm\Ap˜ûrnÖ?
Event: 0.350 Thread 0x000000000056d800 Exception <a 'java/lang/StackOverflowError'> (0x00000000eac9b218) thrown at [D:\re\puppet\workspace\8-2-build-windows-amd64-cygwin\jdk8u73\6086\hotspot\src\share\vm\interpreter\interpreterRuntime.cpp, line 323]
Event: 0.351 Thread 0x000000000056d800 Exception <a 'java/lang/StackOverflowError'> (0x00000000eac9b218) thrown at [D:\re\puppet\workspace\8-2-build-windows-amd64-cygwin\jdk8u73\6086\hotspot\src\share\vm\prims\jvm.cpp, line 1390]
Event: 0.351 Thread 0x000000000056d800 Exception <a 'java/lang/StackOverflowError'> (0x00000000eac9b218) thrown at [D:\re\puppet\workspace\8-2-build-windows-amd64-cygwin\jdk8u73\6086\hotspot\src\share\vm\prims\jvm.cpp, line 1390]

Events (10 events):
Event: 0.366 loading class java/lang/Throwable$WrappedPrintStream done
Event: 0.367 loading class java/util/IdentityHashMap
Event: 0.371 loading class java/util/IdentityHashMap done
Event: 0.371 loading class java/util/IdentityHashMap$KeySet
Event: 0.377 loading class java/util/IdentityHashMap$KeySet done
Event: 0.382 loading class java/lang/Shutdown
Event: 0.382 loading class java/lang/Shutdown done
Event: 0.382 loading class java/lang/Shutdown$Lock
Event: 0.382 loading class java/lang/Shutdown$Lock done
Event: 0.382 Executing VM operation: Exit


Dynamic libraries:
0x00007ff7476c0000 - 0x00007ff7476f7000 	C:\Program Files\Java\jdk1.8.0_73\bin\java.exe
0x00007fffb8540000 - 0x00007fffb86ed000 	C:\windows\SYSTEM32\ntdll.dll
0x00007fffb5c20000 - 0x00007fffb5d5e000 	C:\windows\system32\KERNEL32.DLL
0x00007fffb5760000 - 0x00007fffb5875000 	C:\windows\system32\KERNELBASE.dll
0x00007fffb4210000 - 0x00007fffb429e000 	C:\windows\system32\apphelp.dll
0x00007fffa47d0000 - 0x00007fffa4823000 	C:\windows\AppPatch\AppPatch64\AcGenral.DLL
0x00007fffb6080000 - 0x00007fffb612a000 	C:\windows\system32\msvcrt.dll
0x00007fffb52c0000 - 0x00007fffb52ee000 	C:\windows\SYSTEM32\SspiCli.dll
0x00007fffb62e0000 - 0x00007fffb6334000 	C:\windows\system32\SHLWAPI.dll
0x00007fffb8200000 - 0x00007fffb8377000 	C:\windows\system32\USER32.dll
0x00007fffb7f00000 - 0x00007fffb8094000 	C:\windows\system32\ole32.dll
0x00007fffb6410000 - 0x00007fffb7928000 	C:\windows\system32\SHELL32.dll
0x00007fffb4c10000 - 0x00007fffb4c31000 	C:\windows\SYSTEM32\USERENV.dll
0x00007fffb5d80000 - 0x00007fffb5e2a000 	C:\windows\system32\ADVAPI32.dll
0x00007fffab440000 - 0x00007fffab45e000 	C:\windows\SYSTEM32\MPR.dll
0x00007fffb5e50000 - 0x00007fffb5f91000 	C:\windows\system32\RPCRT4.dll
0x00007fffb6130000 - 0x00007fffb6189000 	C:\windows\SYSTEM32\sechost.dll
0x00007fffb7930000 - 0x00007fffb7b41000 	C:\windows\SYSTEM32\combase.dll
0x00007fffb6190000 - 0x00007fffb62df000 	C:\windows\system32\GDI32.dll
0x00007fffb5690000 - 0x00007fffb56a5000 	C:\windows\SYSTEM32\profapi.dll
0x00007fffb3be0000 - 0x00007fffb3c92000 	C:\windows\SYSTEM32\SHCORE.dll
0x00007fffb7b50000 - 0x00007fffb7b86000 	C:\windows\system32\IMM32.DLL
0x00007fffb80a0000 - 0x00007fffb81f2000 	C:\windows\system32\MSCTF.dll
0x00007fffb3760000 - 0x00007fffb39db000 	C:\windows\WinSxS\amd64_microsoft.windows.common-controls_6595b64144ccf1df_6.0.9600.17415_none_6240486fecbd8abb\COMCTL32.dll
0x000000005d680000 - 0x000000005d752000 	C:\Program Files\Java\jdk1.8.0_73\jre\bin\msvcr100.dll
0x000000005dbe0000 - 0x000000005e470000 	C:\Program Files\Java\jdk1.8.0_73\jre\bin\server\jvm.dll
0x00007fffad1a0000 - 0x00007fffad1a9000 	C:\windows\SYSTEM32\WSOCK32.dll
0x00007fffad9a0000 - 0x00007fffad9c2000 	C:\windows\SYSTEM32\WINMM.dll
0x00007fffad1b0000 - 0x00007fffad1ba000 	C:\windows\SYSTEM32\VERSION.dll
0x00007fffb6400000 - 0x00007fffb6407000 	C:\windows\system32\PSAPI.DLL
0x00007fffb5bc0000 - 0x00007fffb5c1a000 	C:\windows\system32\WS2_32.dll
0x00007fffad970000 - 0x00007fffad99a000 	C:\windows\SYSTEM32\WINMMBASE.dll
0x00007fffb5d70000 - 0x00007fffb5d79000 	C:\windows\system32\NSI.dll
0x00007fffb5b10000 - 0x00007fffb5b5f000 	C:\windows\SYSTEM32\cfgmgr32.dll
0x00007fffb4490000 - 0x00007fffb44b8000 	C:\windows\SYSTEM32\DEVOBJ.dll
0x000000005ed20000 - 0x000000005ed2f000 	C:\Program Files\Java\jdk1.8.0_73\jre\bin\verify.dll
0x000000005ecf0000 - 0x000000005ed19000 	C:\Program Files\Java\jdk1.8.0_73\jre\bin\java.dll
0x000000005dae0000 - 0x000000005daf6000 	C:\Program Files\Java\jdk1.8.0_73\jre\bin\zip.dll

VM Arguments:
jvm_args: -Djava.awt.headless=true -Xmx1024M -Dfile.encoding=GBK -Duser.country=CN -Duser.language=zh -Duser.variant 
java_command: com.android.dx.command.Main --dex --force-jumbo --num-threads=4 --multi-dex --output E:\AndroidStudioProjects\TF_49\homework3\build\intermediates\transforms\dex\debug\folders\1000\5\slice_8 E:\AndroidStudioProjects\TF_49\homework3\build\intermediates\transforms\instantRunSlicer\debug\folders\1\5\slice_8
java_class_path (initial): E:\Android\sdk\build-tools\23.0.3\lib\dx.jar
Launcher Type: SUN_STANDARD

Environment Variables:
JAVA_HOME=C:\Program Files\Java\jdk1.8.0_73
PATH=C:\ProgramData\Oracle\Java\javapath;C:\Program Files (x86)\Lenovo\FusionEngine;C:\Program Files (x86)\Intel\iCLS Client\;C:\Program Files\Intel\iCLS Client\;C:\windows\system32;C:\windows;C:\windows\System32\Wbem;C:\windows\System32\WindowsPowerShell\v1.0\;C:\Program Files\Intel\Intel(R) Management Engine Components\DAL;C:\Program Files (x86)\Intel\Intel(R) Management Engine Components\DAL;C:\Program Files\Intel\Intel(R) Management Engine Components\IPT;C:\Program Files (x86)\Intel\Intel(R) Management Engine Components\IPT;C:\Program Files (x86)\ATI Technologies\ATI.ACE\Core-Static;c:\Program Files (x86)\Microsoft SQL Server\100\Tools\Binn\;c:\Program Files\Microsoft SQL Server\100\Tools\Binn\;c:\Program Files\Microsoft SQL Server\100\DTS\Binn\;c:\Program Files (x86)\Microsoft SQL Server\100\Tools\Binn\VSShell\Common7\IDE\;c:\Program Files (x86)\Microsoft Visual Studio 9.0\Common7\IDE\PrivateAssemblies\;c:\Program Files (x86)\Microsoft SQL Server\100\DTS\Binn\;C:\Program Files\Java\jdk1.8.0_73\bin\;C:\Program Files\Intel\WiFi\bin\;C:\Program Files\Common Files\Intel\WirelessCommon\;C:\Program Files\Java\jdk1.8.0_73\bin;E:\UltraEdit\;C:\Program Files\Intel\WiFi\bin\;C:\Program Files\Common Files\Intel\WirelessCommon\
USERNAME=lenovo
OS=Windows_NT
PROCESSOR_IDENTIFIER=Intel64 Family 6 Model 61 Stepping 4, GenuineIntel



---------------  S Y S T E M  ---------------

OS: Windows 8.1 , 64 bit Build 9600 (6.3.9600.17415)

CPU:total 4 (2 cores per cpu, 2 threads per core) family 6 model 61 stepping 4, cmov, cx8, fxsr, mmx, sse, sse2, sse3, ssse3, sse4.1, sse4.2, popcnt, avx, avx2, aes, clmul, erms, 3dnowpref, lzcnt, ht, tsc, tscinvbit, bmi1, bmi2, adx

Memory: 4k page, physical 8300380k(533672k free), swap 11446108k(4688k free)

vm_info: Java HotSpot(TM) 64-Bit Server VM (25.73-b02) for windows-amd64 JRE (1.8.0_73-b02), built on Jan 29 2016 17:38:49 by "java_re" with MS VC++ 10.0 (VS2010)

time: Wed Jul 18 15:56:29 2018
elapsed time: 0 seconds (0d 0h 0m 0s)

