#
# There is insufficient memory for the Java Runtime Environment to continue.
# Native memory allocation (malloc) failed to allocate 2050736 bytes for Chunk::new
# Possible reasons:
#   The system is out of physical RAM or swap space
#   In 32 bit mode, the process size limit was hit
# Possible solutions:
#   Reduce memory load on the system
#   Increase physical memory or swap space
#   Check if swap backing store is full
#   Use 64 bit Java on a 64 bit OS
#   Decrease Java heap size (-Xmx/-Xms)
#   Decrease number of Java threads
#   Decrease Java thread stack sizes (-Xss)
#   Set larger code cache with -XX:ReservedCodeCacheSize=
# This output file may be truncated or incomplete.
#
#  Out of Memory Error (allocation.cpp:390), pid=10736, tid=16872
#
# JRE version: Java(TM) SE Runtime Environment (8.0_73-b02) (build 1.8.0_73-b02)
# Java VM: Java HotSpot(TM) 64-Bit Server VM (25.73-b02 mixed mode windows-amd64 compressed oops)
# Failed to write core dump. Minidumps are not enabled by default on client versions of Windows
#

---------------  T H R E A D  ---------------

Current thread (0x0000000014f6b000):  JavaThread "C2 CompilerThread0" daemon [_thread_in_native, id=16872, stack(0x00000000167d0000,0x00000000168d0000)]

Stack: [0x00000000167d0000,0x00000000168d0000]
[error occurred during error reporting (printing stack bounds), id 0xc0000005]

Native frames: (J=compiled Java code, j=interpreted, Vv=VM code, C=native code)


Current CompileTask:
C2:   5272 1649   !   4       com.android.dx.cf.cst.ConstantPoolParser::parse0 (731 bytes)


---------------  P R O C E S S  ---------------

Java Threads: ( => current thread )
  0x0000000016ba3000 JavaThread "pool-2-thread-4" [_thread_blocked, id=148, stack(0x0000000017cd0000,0x0000000017dd0000)]
  0x0000000016ba2000 JavaThread "pool-2-thread-3" [_thread_in_Java, id=5736, stack(0x0000000017bd0000,0x0000000017cd0000)]
  0x0000000016ba1000 JavaThread "pool-2-thread-2" [_thread_in_Java, id=15964, stack(0x0000000017ad0000,0x0000000017bd0000)]
  0x0000000016ba0000 JavaThread "pool-3-thread-1" [_thread_blocked, id=17872, stack(0x00000000179d0000,0x0000000017ad0000)]
  0x0000000016b6d000 JavaThread "pool-2-thread-1" [_thread_in_Java, id=1972, stack(0x00000000178d0000,0x00000000179d0000)]
  0x0000000016932000 JavaThread "Service Thread" daemon [_thread_blocked, id=17460, stack(0x0000000016ed0000,0x0000000016fd0000)]
  0x000000001692b800 JavaThread "C1 CompilerThread2" daemon [_thread_blocked, id=4776, stack(0x0000000016dd0000,0x0000000016ed0000)]
  0x0000000016925800 JavaThread "C2 CompilerThread1" daemon [_thread_in_native, id=7776, stack(0x0000000016cd0000,0x0000000016dd0000)]
=>0x0000000014f6b000 JavaThread "C2 CompilerThread0" daemon [_thread_in_native, id=16872, stack(0x00000000167d0000,0x00000000168d0000)]
  0x0000000014f69000 JavaThread "Attach Listener" daemon [_thread_blocked, id=17712, stack(0x00000000166d0000,0x00000000167d0000)]
  0x0000000014f1e800 JavaThread "Signal Dispatcher" daemon [_thread_blocked, id=18996, stack(0x00000000165d0000,0x00000000166d0000)]
  0x0000000002766000 JavaThread "Finalizer" daemon [_thread_blocked, id=18780, stack(0x0000000016170000,0x0000000016270000)]
  0x000000000275d800 JavaThread "Reference Handler" daemon [_thread_blocked, id=14240, stack(0x0000000016070000,0x0000000016170000)]
  0x000000000283d800 JavaThread "main" [_thread_in_Java, id=1752, stack(0x0000000000af0000,0x0000000000bf0000)]

Other Threads:
  0x0000000014ed8000 VMThread [stack: 0x0000000015f70000,0x0000000016070000] [id=13208]
  0x0000000016993800 WatcherThread [stack: 0x0000000016fd0000,0x00000000170d0000] [id=12276]

VM state:not at safepoint (normal execution)

VM Mutex/Monitor currently owned by a thread: None

Heap:
 PSYoungGen      total 71680K, used 55187K [0x00000000eab00000, 0x00000000ef600000, 0x0000000100000000)
  eden space 66560K, 75% used [0x00000000eab00000,0x00000000edbe7a68,0x00000000eec00000)
  from space 5120K, 99% used [0x00000000ef100000,0x00000000ef5fd490,0x00000000ef600000)
  to   space 5120K, 0% used [0x00000000eec00000,0x00000000eec00000,0x00000000ef100000)
 ParOldGen       total 87552K, used 4047K [0x00000000c0000000, 0x00000000c5580000, 0x00000000eab00000)
  object space 87552K, 4% used [0x00000000c0000000,0x00000000c03f3cb8,0x00000000c5580000)
 Metaspace       used 6298K, capacity 7094K, committed 7296K, reserved 1056768K
  class space    used 608K, capacity 622K, committed 640K, reserved 1048576K

Card table byte_map: [0x0000000011c00000,0x0000000011e10000] byte_map_base: 0x0000000011600000

Marking Bits: (ParMarkBitMap*) 0x000000005e3f0600
 Begin Bits: [0x0000000012370000, 0x0000000013370000)
 End Bits:   [0x0000000013370000, 0x0000000014370000)

Polling page: 0x0000000000bf0000

CodeCache: size=245760Kb used=7264Kb max_used=7264Kb free=238495Kb
 bounds [0x0000000002840000, 0x0000000002f70000, 0x0000000011840000]
 total_blobs=1969 nmethods=1698 adapters=184
 compilation: enabled

Compilation events (10 events):
Event: 5.130 Thread 0x000000001692b800 1719       2       com.android.dx.dex.file.AnnotationItem::addContents (27 bytes)
Event: 5.130 Thread 0x000000001692b800 nmethod 1719 0x0000000002f48850 code [0x0000000002f489c0, 0x0000000002f48b98]
Event: 5.139 Thread 0x000000001692b800 1720       2       java.util.TreeMap::entrySet (27 bytes)
Event: 5.139 Thread 0x000000001692b800 nmethod 1720 0x0000000002f49850 code [0x0000000002f499a0, 0x0000000002f49b70]
Event: 5.139 Thread 0x000000001692b800 1721       2       java.util.TreeMap$EntrySet::iterator (19 bytes)
Event: 5.140 Thread 0x000000001692b800 nmethod 1721 0x0000000002f57090 code [0x0000000002f57200, 0x0000000002f57470]
Event: 5.156 Thread 0x000000001692b800 1722       2       java.util.concurrent.locks.AbstractQueuedSynchronizer::acquire (27 bytes)
Event: 5.157 Thread 0x000000001692b800 nmethod 1722 0x0000000002f5be10 code [0x0000000002f5bfa0, 0x0000000002f5c1b8]
Event: 5.157 Thread 0x000000001692b800 1723       2       com.android.dx.rop.annotation.Annotations::addAll (59 bytes)
Event: 5.158 Thread 0x000000001692b800 nmethod 1723 0x0000000002f5b450 code [0x0000000002f5b620, 0x0000000002f5bad8]

GC Heap History (4 events):
Event: 2.179 GC heap before
{Heap before GC invocations=1 (full 0):
 PSYoungGen      total 38400K, used 33280K [0x00000000eab00000, 0x00000000ed580000, 0x0000000100000000)
  eden space 33280K, 100% used [0x00000000eab00000,0x00000000ecb80000,0x00000000ecb80000)
  from space 5120K, 0% used [0x00000000ed080000,0x00000000ed080000,0x00000000ed580000)
  to   space 5120K, 0% used [0x00000000ecb80000,0x00000000ecb80000,0x00000000ed080000)
 ParOldGen       total 87552K, used 0K [0x00000000c0000000, 0x00000000c5580000, 0x00000000eab00000)
  object space 87552K, 0% used [0x00000000c0000000,0x00000000c0000000,0x00000000c5580000)
 Metaspace       used 5955K, capacity 6836K, committed 7040K, reserved 1056768K
  class space    used 604K, capacity 620K, committed 640K, reserved 1048576K
Event: 2.209 GC heap after
Heap after GC invocations=1 (full 0):
 PSYoungGen      total 38400K, used 5090K [0x00000000eab00000, 0x00000000ef600000, 0x0000000100000000)
  eden space 33280K, 0% used [0x00000000eab00000,0x00000000eab00000,0x00000000ecb80000)
  from space 5120K, 99% used [0x00000000ecb80000,0x00000000ed078a88,0x00000000ed080000)
  to   space 5120K, 0% used [0x00000000ef100000,0x00000000ef100000,0x00000000ef600000)
 ParOldGen       total 87552K, used 249K [0x00000000c0000000, 0x00000000c5580000, 0x00000000eab00000)
  object space 87552K, 0% used [0x00000000c0000000,0x00000000c003e4f0,0x00000000c5580000)
 Metaspace       used 5955K, capacity 6836K, committed 7040K, reserved 1056768K
  class space    used 604K, capacity 620K, committed 640K, reserved 1048576K
}
Event: 3.984 GC heap before
{Heap before GC invocations=2 (full 0):
 PSYoungGen      total 38400K, used 38370K [0x00000000eab00000, 0x00000000ef600000, 0x0000000100000000)
  eden space 33280K, 100% used [0x00000000eab00000,0x00000000ecb80000,0x00000000ecb80000)
  from space 5120K, 99% used [0x00000000ecb80000,0x00000000ed078a88,0x00000000ed080000)
  to   space 5120K, 0% used [0x00000000ef100000,0x00000000ef100000,0x00000000ef600000)
 ParOldGen       total 87552K, used 249K [0x00000000c0000000, 0x00000000c5580000, 0x00000000eab00000)
  object space 87552K, 0% used [0x00000000c0000000,0x00000000c003e4f0,0x00000000c5580000)
 Metaspace       used 6198K, capacity 7030K, committed 7296K, reserved 1056768K
  class space    used 606K, capacity 622K, committed 640K, reserved 1048576K
Event: 4.044 GC heap after
Heap after GC invocations=2 (full 0):
 PSYoungGen      total 71680K, used 5109K [0x00000000eab00000, 0x00000000ef600000, 0x0000000100000000)
  eden space 66560K, 0% used [0x00000000eab00000,0x00000000eab00000,0x00000000eec00000)
  from space 5120K, 99% used [0x00000000ef100000,0x00000000ef5fd490,0x00000000ef600000)
  to   space 5120K, 0% used [0x00000000eec00000,0x00000000eec00000,0x00000000ef100000)
 ParOldGen       total 87552K, used 4047K [0x00000000c0000000, 0x00000000c5580000, 0x00000000eab00000)
  object space 87552K, 4% used [0x00000000c0000000,0x00000000c03f3cb8,0x00000000c5580000)
 Metaspace       used 6198K, capacity 7030K, committed 7296K, reserved 1056768K
  class space    used 606K, capacity 622K, committed 640K, reserved 1048576K
}

Deoptimization events (10 events):
Event: 4.183 Thread 0x0000000016ba3000 Uncommon trap: reason=bimorphic action=maybe_recompile pc=0x0000000002c17c28 method=java.util.HashMap.getNode(ILjava/lang/Object;)Ljava/util/HashMap$Node; @ 126
Event: 4.183 Thread 0x0000000016ba3000 Uncommon trap: reason=bimorphic action=maybe_recompile pc=0x0000000002c17c28 method=java.util.HashMap.getNode(ILjava/lang/Object;)Ljava/util/HashMap$Node; @ 126
Event: 4.183 Thread 0x0000000016ba3000 Uncommon trap: reason=class_check action=maybe_recompile pc=0x0000000002d72700 method=java.util.HashMap.putVal(ILjava/lang/Object;Ljava/lang/Object;ZZ)Ljava/lang/Object; @ 203
Event: 4.183 Thread 0x0000000016ba3000 Uncommon trap: reason=bimorphic action=maybe_recompile pc=0x0000000002c05aa4 method=java.util.HashMap.getNode(ILjava/lang/Object;)Ljava/util/HashMap$Node; @ 126
Event: 4.299 Thread 0x0000000016ba3000 Uncommon trap: reason=unstable_if action=reinterpret pc=0x0000000002e6b9b4 method=com.android.dx.ssa.SsaRenamer$BlockRenamer.visitMoveInsn(Lcom/android/dx/ssa/NormalSsaInsn;)V @ 104
Event: 4.420 Thread 0x0000000016ba3000 Uncommon trap: reason=class_check action=maybe_recompile pc=0x0000000002eb1660 method=com.android.dx.cf.code.RopperMachine.run(Lcom/android/dx/cf/code/Frame;II)V @ 988
Event: 4.421 Thread 0x0000000016ba3000 Uncommon trap: reason=unstable_if action=reinterpret pc=0x0000000002dd05b8 method=com.android.dx.ssa.SCCP.simulateBranch(Lcom/android/dx/ssa/SsaInsn;)V @ 64
Event: 4.421 Thread 0x0000000016ba3000 Uncommon trap: reason=unstable_if action=reinterpret pc=0x0000000002ebfd8c method=com.android.dx.ssa.LiteralOpUpgrader$1.visitNonMoveInsn(Lcom/android/dx/ssa/NormalSsaInsn;)V @ 55
Event: 4.422 Thread 0x0000000016ba3000 Uncommon trap: reason=unstable_if action=reinterpret pc=0x0000000002c65ddc method=com.android.dx.ssa.SsaMethod.updateOneDefinition(Lcom/android/dx/ssa/SsaInsn;Lcom/android/dx/rop/code/RegisterSpec;)V @ 4
Event: 4.813 Thread 0x0000000016ba3000 Uncommon trap: reason=unstable_if action=reinterpret pc=0x0000000002eb12f0 method=com.android.dx.cf.code.RopperMachine.run(Lcom/android/dx/cf/code/Frame;II)V @ 1250

Internal exceptions (3 events):
Event: 0.341 Thread 0x000000000283d800 Exception <a 'java/lang/NoSuchMethodError': Method sun.misc.Unsafe.defineClass(Ljava/lang/String;[BII)Ljava/lang/Class; name or signature does not match> (0x00000000eab130b8) thrown at [D:\re\puppet\workspace\8-2-build-windows-amd64-cygwin\jdk8u73\6086\hotÜðeÑÕ?
Event: 0.341 Thread 0x000000000283d800 Exception <a 'java/lang/NoSuchMethodError': Method sun.misc.Unsafe.prefetchRead(Ljava/lang/Object;J)V name or signature does not match> (0x00000000eab133a0) thrown at [D:\re\puppet\workspace\8-2-build-windows-amd64-cygwin\jdk8u73\6086\hotspot\src\share\vm\TEô½Ê@
Event: 2.224 Thread 0x0000000016ba2000 Implicit null exception at 0x0000000002b74222 to 0x0000000002b74329

Events (10 events):
Event: 4.422 Thread 0x0000000016ba3000 Uncommon trap: trap_request=0xffffff65 fr.pc=0x0000000002c65ddc
Event: 4.422 Thread 0x0000000016ba3000 DEOPT PACKING pc=0x0000000002c65ddc sp=0x0000000017dcebf0
Event: 4.422 Thread 0x0000000016ba3000 DEOPT UNPACKING pc=0x000000000288582a sp=0x0000000017dceb98 mode 2
Event: 4.670 Executing VM operation: EnableBiasedLocking
Event: 4.702 Executing VM operation: EnableBiasedLocking done
Event: 4.813 Thread 0x0000000016ba3000 Uncommon trap: trap_request=0xffffff65 fr.pc=0x0000000002eb12f0
Event: 4.813 Thread 0x0000000016ba3000 DEOPT PACKING pc=0x0000000002eb12f0 sp=0x0000000017dce910
Event: 4.813 Thread 0x0000000016ba3000 DEOPT UNPACKING pc=0x000000000288582a sp=0x0000000017dce8d8 mode 2
Event: 5.112 loading class com/android/dx/rop/code/RegisterSpec$1
Event: 5.112 loading class com/android/dx/rop/code/RegisterSpec$1 done


Dynamic libraries:
0x00007ff7476c0000 - 0x00007ff7476f7000 	C:\Program Files\Java\jdk1.8.0_73\bin\java.exe
0x00007fffb8540000 - 0x00007fffb86ed000 	C:\windows\SYSTEM32\ntdll.dll
0x00007fffb5c20000 - 0x00007fffb5d5e000 	C:\windows\system32\KERNEL32.DLL
0x00007fffb5760000 - 0x00007fffb5875000 	C:\windows\system32\KERNELBASE.dll
0x00007fffb4210000 - 0x00007fffb429e000 	C:\windows\system32\apphelp.dll
0x00007fffa47d0000 - 0x00007fffa4823000 	C:\windows\AppPatch\AppPatch64\AcGenral.DLL
0x00007fffb6080000 - 0x00007fffb612a000 	C:\windows\system32\msvcrt.dll
0x00007fffb52c0000 - 0x00007fffb52ee000 	C:\windows\SYSTEM32\SspiCli.dll
0x00007fffb62e0000 - 0x00007fffb6334000 	C:\windows\system32\SHLWAPI.dll
0x00007fffb8200000 - 0x00007fffb8377000 	C:\windows\system32\USER32.dll
0x00007fffb7f00000 - 0x00007fffb8094000 	C:\windows\system32\ole32.dll
0x00007fffb6410000 - 0x00007fffb7928000 	C:\windows\system32\SHELL32.dll
0x00007fffb4c10000 - 0x00007fffb4c31000 	C:\windows\SYSTEM32\USERENV.dll
0x00007fffb5d80000 - 0x00007fffb5e2a000 	C:\windows\system32\ADVAPI32.dll
0x00007fffab440000 - 0x00007fffab45e000 	C:\windows\SYSTEM32\MPR.dll
0x00007fffb5e50000 - 0x00007fffb5f91000 	C:\windows\system32\RPCRT4.dll
0x00007fffb6130000 - 0x00007fffb6189000 	C:\windows\SYSTEM32\sechost.dll
0x00007fffb7930000 - 0x00007fffb7b41000 	C:\windows\SYSTEM32\combase.dll
0x00007fffb6190000 - 0x00007fffb62df000 	C:\windows\system32\GDI32.dll
0x00007fffb5690000 - 0x00007fffb56a5000 	C:\windows\SYSTEM32\profapi.dll
0x00007fffb3be0000 - 0x00007fffb3c92000 	C:\windows\SYSTEM32\SHCORE.dll
0x00007fffb7b50000 - 0x00007fffb7b86000 	C:\windows\system32\IMM32.DLL
0x00007fffb80a0000 - 0x00007fffb81f2000 	C:\windows\system32\MSCTF.dll
0x00007fffb3760000 - 0x00007fffb39db000 	C:\windows\WinSxS\amd64_microsoft.windows.common-controls_6595b64144ccf1df_6.0.9600.17415_none_6240486fecbd8abb\COMCTL32.dll
0x000000005d680000 - 0x000000005d752000 	C:\Program Files\Java\jdk1.8.0_73\jre\bin\msvcr100.dll
0x000000005dbe0000 - 0x000000005e470000 	C:\Program Files\Java\jdk1.8.0_73\jre\bin\server\jvm.dll
0x00007fffad1a0000 - 0x00007fffad1a9000 	C:\windows\SYSTEM32\WSOCK32.dll
0x00007fffad9a0000 - 0x00007fffad9c2000 	C:\windows\SYSTEM32\WINMM.dll
0x00007fffad1b0000 - 0x00007fffad1ba000 	C:\windows\SYSTEM32\VERSION.dll
0x00007fffb6400000 - 0x00007fffb6407000 	C:\windows\system32\PSAPI.DLL
0x00007fffb5bc0000 - 0x00007fffb5c1a000 	C:\windows\system32\WS2_32.dll
0x00007fffad970000 - 0x00007fffad99a000 	C:\windows\SYSTEM32\WINMMBASE.dll
0x00007fffb5d70000 - 0x00007fffb5d79000 	C:\windows\system32\NSI.dll
0x00007fffb5b10000 - 0x00007fffb5b5f000 	C:\windows\SYSTEM32\cfgmgr32.dll
0x00007fffb4490000 - 0x00007fffb44b8000 	C:\windows\SYSTEM32\DEVOBJ.dll
0x000000005ed20000 - 0x000000005ed2f000 	C:\Program Files\Java\jdk1.8.0_73\jre\bin\verify.dll
0x000000005ecf0000 - 0x000000005ed19000 	C:\Program Files\Java\jdk1.8.0_73\jre\bin\java.dll
0x000000005dae0000 - 0x000000005daf6000 	C:\Program Files\Java\jdk1.8.0_73\jre\bin\zip.dll

VM Arguments:
jvm_args: -Djava.awt.headless=true -Xmx1024M -Dfile.encoding=GBK -Duser.country=CN -Duser.language=zh -Duser.variant 
java_command: com.android.dx.command.Main --dex --force-jumbo --num-threads=4 --multi-dex --output E:\AndroidStudioProjects\TF_49\homework3\build\intermediates\transforms\dex\debug\folders\1000\10\com.android.support-support-v4-23.3.0_1149edc48a7e9b8eccbea3bbd245a448ae311cb1 E:\AndroidStudioProjects\TF_49\homework3\build\intermediates\exploded-aar\com.android.support\support-v4\23.3.0\jars\classes.jar
java_class_path (initial): E:\Android\sdk\build-tools\23.0.3\lib\dx.jar
Launcher Type: SUN_STANDARD

Environment Variables:
JAVA_HOME=C:\Program Files\Java\jdk1.8.0_73
PATH=C:\ProgramData\Oracle\Java\javapath;C:\Program Files (x86)\Lenovo\FusionEngine;C:\Program Files (x86)\Intel\iCLS Client\;C:\Program Files\Intel\iCLS Client\;C:\windows\system32;C:\windows;C:\windows\System32\Wbem;C:\windows\System32\WindowsPowerShell\v1.0\;C:\Program Files\Intel\Intel(R) Management Engine Components\DAL;C:\Program Files (x86)\Intel\Intel(R) Management Engine Components\DAL;C:\Program Files\Intel\Intel(R) Management Engine Components\IPT;C:\Program Files (x86)\Intel\Intel(R) Management Engine Components\IPT;C:\Program Files (x86)\ATI Technologies\ATI.ACE\Core-Static;c:\Program Files (x86)\Microsoft SQL Server\100\Tools\Binn\;c:\Program Files\Microsoft SQL Server\100\Tools\Binn\;c:\Program Files\Microsoft SQL Server\100\DTS\Binn\;c:\Program Files (x86)\Microsoft SQL Server\100\Tools\Binn\VSShell\Common7\IDE\;c:\Program Files (x86)\Microsoft Visual Studio 9.0\Common7\IDE\PrivateAssemblies\;c:\Program Files (x86)\Microsoft SQL Server\100\DTS\Binn\;C:\Program Files\Java\jdk1.8.0_73\bin\;C:\Program Files\Intel\WiFi\bin\;C:\Program Files\Common Files\Intel\WirelessCommon\;C:\Program Files\Java\jdk1.8.0_73\bin;E:\UltraEdit\;C:\Program Files\Intel\WiFi\bin\;C:\Program Files\Common Files\Intel\WirelessCommon\
USERNAME=lenovo
OS=Windows_NT
PROCESSOR_IDENTIFIER=Intel64 Family 6 Model 61 Stepping 4, GenuineIntel



---------------  S Y S T E M  ---------------

OS: Windows 8.1 , 64 bit Build 9600 (6.3.9600.17415)

CPU:total 4 (2 cores per cpu, 2 threads per core) family 6 model 61 stepping 4, cmov, cx8, fxsr, mmx, sse, sse2, sse3, ssse3, sse4.1, sse4.2, popcnt, avx, avx2, aes, clmul, erms, 3dnowpref, lzcnt, ht, tsc, tscinvbit, bmi1, bmi2, adx

Memory: 4k page, physical 8300380k(478864k free), swap 11446108k(5964k free)

vm_info: Java HotSpot(TM) 64-Bit Server VM (25.73-b02) for windows-amd64 JRE (1.8.0_73-b02), built on Jan 29 2016 17:38:49 by "java_re" with MS VC++ 10.0 (VS2010)

time: Wed Jul 18 16:03:32 2018
elapsed time: 5 seconds (0d 0h 0m 5s)

