#
# There is insufficient memory for the Java Runtime Environment to continue.
# Native memory allocation (malloc) failed to allocate 930896 bytes for Chunk::new
# Possible reasons:
#   The system is out of physical RAM or swap space
#   In 32 bit mode, the process size limit was hit
# Possible solutions:
#   Reduce memory load on the system
#   Increase physical memory or swap space
#   Check if swap backing store is full
#   Use 64 bit Java on a 64 bit OS
#   Decrease Java heap size (-Xmx/-Xms)
#   Decrease number of Java threads
#   Decrease Java thread stack sizes (-Xss)
#   Set larger code cache with -XX:ReservedCodeCacheSize=
# This output file may be truncated or incomplete.
#
#  Out of Memory Error (allocation.cpp:390), pid=1620, tid=18604
#
# JRE version: Java(TM) SE Runtime Environment (8.0_73-b02) (build 1.8.0_73-b02)
# Java VM: Java HotSpot(TM) 64-Bit Server VM (25.73-b02 mixed mode windows-amd64 compressed oops)
# Failed to write core dump. Minidumps are not enabled by default on client versions of Windows
#

---------------  T H R E A D  ---------------

Current thread (0x00000000147eb000):  JavaThread "C2 CompilerThread0" daemon [_thread_in_native, id=18604, stack(0x0000000016060000,0x0000000016160000)]

Stack: [0x0000000016060000,0x0000000016160000]
[error occurred during error reporting (printing stack bounds), id 0xc0000005]

Native frames: (J=compiled Java code, j=interpreted, Vv=VM code, C=native code)


Current CompileTask:
C2:   2573 1257   !   4       com.android.dx.cf.cst.ConstantPoolParser::parse0 (731 bytes)


---------------  P R O C E S S  ---------------

Java Threads: ( => current thread )
  0x00000000163e7800 JavaThread "pool-2-thread-4" [_thread_in_vm, id=7720, stack(0x0000000016d60000,0x0000000016e60000)]
  0x00000000163e6000 JavaThread "pool-2-thread-3" [_thread_in_Java, id=11240, stack(0x0000000016c60000,0x0000000016d60000)]
  0x00000000163e5800 JavaThread "pool-2-thread-2" [_thread_in_Java, id=32, stack(0x0000000016b60000,0x0000000016c60000)]
  0x00000000163e4800 JavaThread "pool-3-thread-1" [_thread_blocked, id=17732, stack(0x0000000016a60000,0x0000000016b60000)]
  0x00000000163e2000 JavaThread "pool-2-thread-1" [_thread_in_Java, id=10748, stack(0x0000000016960000,0x0000000016a60000)]
  0x00000000161c2000 JavaThread "Service Thread" daemon [_thread_blocked, id=7292, stack(0x0000000016760000,0x0000000016860000)]
  0x00000000161bc000 JavaThread "C1 CompilerThread2" daemon [_thread_blocked, id=6196, stack(0x0000000016660000,0x0000000016760000)]
  0x00000000161b6800 JavaThread "C2 CompilerThread1" daemon [_thread_in_native, id=14284, stack(0x0000000016560000,0x0000000016660000)]
=>0x00000000147eb000 JavaThread "C2 CompilerThread0" daemon [_thread_in_native, id=18604, stack(0x0000000016060000,0x0000000016160000)]
  0x00000000147e9000 JavaThread "Attach Listener" daemon [_thread_blocked, id=18320, stack(0x0000000015f60000,0x0000000016060000)]
  0x000000001479e800 JavaThread "Signal Dispatcher" daemon [_thread_blocked, id=19336, stack(0x0000000015e60000,0x0000000015f60000)]
  0x0000000002086000 JavaThread "Finalizer" daemon [_thread_blocked, id=12900, stack(0x00000000159f0000,0x0000000015af0000)]
  0x000000000207d800 JavaThread "Reference Handler" daemon [_thread_blocked, id=18092, stack(0x00000000158f0000,0x00000000159f0000)]
  0x00000000020bd800 JavaThread "main" [_thread_in_Java, id=5628, stack(0x0000000000440000,0x0000000000540000)]

Other Threads:
  0x0000000014758000 VMThread [stack: 0x00000000157f0000,0x00000000158f0000] [id=11640]
  0x000000001622b800 WatcherThread [stack: 0x0000000016860000,0x0000000016960000] [id=2456]

VM state:not at safepoint (normal execution)

VM Mutex/Monitor currently owned by a thread: None

Heap:
 PSYoungGen      total 38400K, used 35556K [0x00000000eab00000, 0x00000000ef600000, 0x0000000100000000)
  eden space 33280K, 91% used [0x00000000eab00000,0x00000000ec8bc688,0x00000000ecb80000)
  from space 5120K, 99% used [0x00000000ecb80000,0x00000000ed07ca78,0x00000000ed080000)
  to   space 5120K, 0% used [0x00000000ef100000,0x00000000ef100000,0x00000000ef600000)
 ParOldGen       total 87552K, used 232K [0x00000000c0000000, 0x00000000c5580000, 0x00000000eab00000)
  object space 87552K, 0% used [0x00000000c0000000,0x00000000c003a070,0x00000000c5580000)
 Metaspace       used 6186K, capacity 7030K, committed 7296K, reserved 1056768K
  class space    used 606K, capacity 622K, committed 640K, reserved 1048576K

Card table byte_map: [0x0000000011480000,0x0000000011690000] byte_map_base: 0x0000000010e80000

Marking Bits: (ParMarkBitMap*) 0x000000005e700600
 Begin Bits: [0x0000000011bf0000, 0x0000000012bf0000)
 End Bits:   [0x0000000012bf0000, 0x0000000013bf0000)

Polling page: 0x0000000000550000

CodeCache: size=245760Kb used=5488Kb max_used=5499Kb free=240271Kb
 bounds [0x00000000020c0000, 0x0000000002630000, 0x00000000110c0000]
 total_blobs=1668 nmethods=1397 adapters=184
 compilation: enabled

Compilation events (10 events):
Event: 2.430 Thread 0x00000000161b6800 nmethod 1307 0x000000000255c750 code [0x000000000255c880, 0x000000000255c918]
Event: 2.430 Thread 0x00000000161b6800 1274       4       com.android.dx.rop.code.BasicBlockList::set (12 bytes)
Event: 2.443 Thread 0x00000000161b6800 nmethod 1274 0x0000000002617390 code [0x0000000002617500, 0x0000000002617b48]
Event: 2.443 Thread 0x00000000161b6800 1271       4       java.util.HashMap::put (13 bytes)
Event: 2.456 Thread 0x00000000161b6800 nmethod 1271 0x0000000002622010 code [0x00000000026221c0, 0x00000000026229e8]
Event: 2.456 Thread 0x00000000161b6800 1414       4       com.android.dx.util.IntList::indexOf (16 bytes)
Event: 2.460 Thread 0x00000000161b6800 nmethod 1414 0x0000000002623290 code [0x00000000026233e0, 0x0000000002623598]
Event: 2.460 Thread 0x00000000161b6800 1374       4       com.android.dx.rop.code.RegisterSpec::make (7 bytes)
Event: 2.460 Thread 0x00000000161b6800 nmethod 1374 0x0000000002616510 code [0x0000000002616660, 0x00000000026166c8]
Event: 2.460 Thread 0x00000000161b6800 1276   !   4       com.android.dx.cf.code.BytecodeArray::parseInstruction (2764 bytes)

GC Heap History (2 events):
Event: 1.834 GC heap before
{Heap before GC invocations=1 (full 0):
 PSYoungGen      total 38400K, used 33280K [0x00000000eab00000, 0x00000000ed580000, 0x0000000100000000)
  eden space 33280K, 100% used [0x00000000eab00000,0x00000000ecb80000,0x00000000ecb80000)
  from space 5120K, 0% used [0x00000000ed080000,0x00000000ed080000,0x00000000ed580000)
  to   space 5120K, 0% used [0x00000000ecb80000,0x00000000ecb80000,0x00000000ed080000)
 ParOldGen       total 87552K, used 0K [0x00000000c0000000, 0x00000000c5580000, 0x00000000eab00000)
  object space 87552K, 0% used [0x00000000c0000000,0x00000000c0000000,0x00000000c5580000)
 Metaspace       used 5946K, capacity 6836K, committed 7040K, reserved 1056768K
  class space    used 604K, capacity 620K, committed 640K, reserved 1048576K
Event: 1.925 GC heap after
Heap after GC invocations=1 (full 0):
 PSYoungGen      total 38400K, used 5106K [0x00000000eab00000, 0x00000000ef600000, 0x0000000100000000)
  eden space 33280K, 0% used [0x00000000eab00000,0x00000000eab00000,0x00000000ecb80000)
  from space 5120K, 99% used [0x00000000ecb80000,0x00000000ed07ca78,0x00000000ed080000)
  to   space 5120K, 0% used [0x00000000ef100000,0x00000000ef100000,0x00000000ef600000)
 ParOldGen       total 87552K, used 232K [0x00000000c0000000, 0x00000000c5580000, 0x00000000eab00000)
  object space 87552K, 0% used [0x00000000c0000000,0x00000000c003a070,0x00000000c5580000)
 Metaspace       used 5946K, capacity 6836K, committed 7040K, reserved 1056768K
  class space    used 604K, capacity 620K, committed 640K, reserved 1048576K
}

Deoptimization events (10 events):
Event: 0.571 Thread 0x00000000020bd800 Uncommon trap: reason=unstable_if action=reinterpret pc=0x000000000221a254 method=java.lang.String.compareTo(Ljava/lang/String;)I @ 38
Event: 1.136 Thread 0x00000000163e7800 Uncommon trap: reason=unstable_if action=reinterpret pc=0x00000000022de100 method=java.util.HashMap.getNode(ILjava/lang/Object;)Ljava/util/HashMap$Node; @ 62
Event: 1.498 Thread 0x00000000020bd800 Uncommon trap: reason=null_check action=make_not_entrant pc=0x00000000023e02f8 method=com.android.dx.rop.type.Type.equals(Ljava/lang/Object;)Z @ 8
Event: 1.501 Thread 0x00000000020bd800 Uncommon trap: reason=unstable_if action=reinterpret pc=0x00000000022f83b0 method=java.util.BitSet.nextSetBit(I)I @ 87
Event: 2.035 Thread 0x00000000163e7800 Uncommon trap: reason=unstable_if action=reinterpret pc=0x00000000024e4938 method=com.android.dx.cf.code.Ropper.labelToResultIndex(I)I @ 34
Event: 2.041 Thread 0x00000000163e7800 Uncommon trap: reason=class_check action=maybe_recompile pc=0x00000000023d2268 method=com.android.dx.rop.type.Type.equals(Ljava/lang/Object;)Z @ 8
Event: 2.041 Thread 0x00000000163e7800 Uncommon trap: reason=class_check action=maybe_recompile pc=0x00000000023d2268 method=com.android.dx.rop.type.Type.equals(Ljava/lang/Object;)Z @ 8
Event: 2.042 Thread 0x00000000163e7800 Uncommon trap: reason=class_check action=maybe_recompile pc=0x00000000023d2268 method=com.android.dx.rop.type.Type.equals(Ljava/lang/Object;)Z @ 8
Event: 2.042 Thread 0x00000000163e7800 Uncommon trap: reason=class_check action=maybe_recompile pc=0x00000000023d2268 method=com.android.dx.rop.type.Type.equals(Ljava/lang/Object;)Z @ 8
Event: 2.151 Thread 0x00000000020bd800 Uncommon trap: reason=unstable_if action=reinterpret pc=0x000000000242899c method=com.android.dx.rop.cst.Constant.compareTo(Lcom/android/dx/rop/cst/Constant;)I @ 12

Internal exceptions (3 events):
Event: 0.088 Thread 0x00000000020bd800 Exception <a 'java/lang/NoSuchMethodError': Method sun.misc.Unsafe.defineClass(Ljava/lang/String;[BII)Ljava/lang/Class; name or signature does not match> (0x00000000eab130b8) thrown at [D:\re\puppet\workspace\8-2-build-windows-amd64-cygwin\jdk8u73\6086\hot“—Å∫0Ü∂?
Event: 0.088 Thread 0x00000000020bd800 Exception <a 'java/lang/NoSuchMethodError': Method sun.misc.Unsafe.prefetchRead(Ljava/lang/Object;J)V name or signature does not match> (0x00000000eab133a0) thrown at [D:\re\puppet\workspace\8-2-build-windows-amd64-cygwin\jdk8u73\6086\hotspot\src\share\vm\≥≈JSK¯˜?
Event: 1.498 Thread 0x00000000020bd800 Implicit null exception at 0x00000000023e01e2 to 0x00000000023e02e9

Events (10 events):
Event: 2.041 Thread 0x00000000163e7800 DEOPT UNPACKING pc=0x000000000210582a sp=0x0000000016e5db30 mode 2
Event: 2.042 Thread 0x00000000163e7800 Uncommon trap: trap_request=0xffffffde fr.pc=0x00000000023d2268
Event: 2.042 Thread 0x00000000163e7800 DEOPT PACKING pc=0x00000000023d2268 sp=0x0000000016e5e9f0
Event: 2.042 Thread 0x00000000163e7800 DEOPT UNPACKING pc=0x000000000210582a sp=0x0000000016e5e7d0 mode 2
Event: 2.042 Thread 0x00000000163e7800 Uncommon trap: trap_request=0xffffffde fr.pc=0x00000000023d2268
Event: 2.042 Thread 0x00000000163e7800 DEOPT PACKING pc=0x00000000023d2268 sp=0x0000000016e5e930
Event: 2.042 Thread 0x00000000163e7800 DEOPT UNPACKING pc=0x000000000210582a sp=0x0000000016e5e710 mode 2
Event: 2.151 Thread 0x00000000020bd800 Uncommon trap: trap_request=0xffffff65 fr.pc=0x000000000242899c
Event: 2.151 Thread 0x00000000020bd800 DEOPT PACKING pc=0x000000000242899c sp=0x000000000053de30
Event: 2.151 Thread 0x00000000020bd800 DEOPT UNPACKING pc=0x000000000210582a sp=0x000000000053ddd0 mode 2


Dynamic libraries:
0x00007ff73b670000 - 0x00007ff73b6a7000 	C:\Program Files\Java\jdk1.8.0_73\bin\java.exe
0x00007fffb8540000 - 0x00007fffb86ed000 	C:\windows\SYSTEM32\ntdll.dll
0x00007fffb5c20000 - 0x00007fffb5d5e000 	C:\windows\system32\KERNEL32.DLL
0x00007fffb5760000 - 0x00007fffb5875000 	C:\windows\system32\KERNELBASE.dll
0x00007fffb4210000 - 0x00007fffb429e000 	C:\windows\system32\apphelp.dll
0x00007fff9a580000 - 0x00007fff9a5d3000 	C:\windows\AppPatch\AppPatch64\AcGenral.DLL
0x00007fffb6080000 - 0x00007fffb612a000 	C:\windows\system32\msvcrt.dll
0x00007fffb52c0000 - 0x00007fffb52ee000 	C:\windows\SYSTEM32\SspiCli.dll
0x00007fffb62e0000 - 0x00007fffb6334000 	C:\windows\system32\SHLWAPI.dll
0x00007fffb8200000 - 0x00007fffb8377000 	C:\windows\system32\USER32.dll
0x00007fffb7f00000 - 0x00007fffb8094000 	C:\windows\system32\ole32.dll
0x00007fffb6410000 - 0x00007fffb7928000 	C:\windows\system32\SHELL32.dll
0x00007fffb4c10000 - 0x00007fffb4c31000 	C:\windows\SYSTEM32\USERENV.dll
0x00007fffb5d80000 - 0x00007fffb5e2a000 	C:\windows\system32\ADVAPI32.dll
0x00007fffab440000 - 0x00007fffab45e000 	C:\windows\SYSTEM32\MPR.dll
0x00007fffb5e50000 - 0x00007fffb5f91000 	C:\windows\system32\RPCRT4.dll
0x00007fffb6130000 - 0x00007fffb6189000 	C:\windows\SYSTEM32\sechost.dll
0x00007fffb7930000 - 0x00007fffb7b41000 	C:\windows\SYSTEM32\combase.dll
0x00007fffb6190000 - 0x00007fffb62df000 	C:\windows\system32\GDI32.dll
0x00007fffb5690000 - 0x00007fffb56a5000 	C:\windows\SYSTEM32\profapi.dll
0x00007fffb3be0000 - 0x00007fffb3c92000 	C:\windows\SYSTEM32\SHCORE.dll
0x00007fffb7b50000 - 0x00007fffb7b86000 	C:\windows\system32\IMM32.DLL
0x00007fffb80a0000 - 0x00007fffb81f2000 	C:\windows\system32\MSCTF.dll
0x00007fffb3760000 - 0x00007fffb39db000 	C:\windows\WinSxS\amd64_microsoft.windows.common-controls_6595b64144ccf1df_6.0.9600.17415_none_6240486fecbd8abb\COMCTL32.dll
0x000000005d680000 - 0x000000005d752000 	C:\Program Files\Java\jdk1.8.0_73\jre\bin\msvcr100.dll
0x000000005def0000 - 0x000000005e780000 	C:\Program Files\Java\jdk1.8.0_73\jre\bin\server\jvm.dll
0x00007fffad1a0000 - 0x00007fffad1a9000 	C:\windows\SYSTEM32\WSOCK32.dll
0x00007fffad9a0000 - 0x00007fffad9c2000 	C:\windows\SYSTEM32\WINMM.dll
0x00007fffad1b0000 - 0x00007fffad1ba000 	C:\windows\SYSTEM32\VERSION.dll
0x00007fffb6400000 - 0x00007fffb6407000 	C:\windows\system32\PSAPI.DLL
0x00007fffb5bc0000 - 0x00007fffb5c1a000 	C:\windows\system32\WS2_32.dll
0x00007fffad970000 - 0x00007fffad99a000 	C:\windows\SYSTEM32\WINMMBASE.dll
0x00007fffb5d70000 - 0x00007fffb5d79000 	C:\windows\system32\NSI.dll
0x00007fffb5b10000 - 0x00007fffb5b5f000 	C:\windows\SYSTEM32\cfgmgr32.dll
0x00007fffb4490000 - 0x00007fffb44b8000 	C:\windows\SYSTEM32\DEVOBJ.dll
0x000000005ed20000 - 0x000000005ed2f000 	C:\Program Files\Java\jdk1.8.0_73\jre\bin\verify.dll
0x000000005ecf0000 - 0x000000005ed19000 	C:\Program Files\Java\jdk1.8.0_73\jre\bin\java.dll
0x000000005ddf0000 - 0x000000005de06000 	C:\Program Files\Java\jdk1.8.0_73\jre\bin\zip.dll

VM Arguments:
jvm_args: -Djava.awt.headless=true -Xmx1024M -Dfile.encoding=GBK -Duser.country=CN -Duser.language=zh -Duser.variant 
java_command: com.android.dx.command.Main --dex --force-jumbo --num-threads=4 --multi-dex --output E:\AndroidStudioProjects\TF_49\demo_06\build\intermediates\transforms\dex\debug\folders\1000\10\com.android.support-support-v4-23.3.0_8cbb0b0912b8836e4f60d57a9875c45fec237faf E:\AndroidStudioProjects\TF_49\demo_06\build\intermediates\exploded-aar\com.android.support\support-v4\23.3.0\jars\classes.jar
java_class_path (initial): E:\Android\sdk\build-tools\23.0.3\lib\dx.jar
Launcher Type: SUN_STANDARD

Environment Variables:
JAVA_HOME=C:\Program Files\Java\jdk1.8.0_73
PATH=C:\ProgramData\Oracle\Java\javapath;C:\Program Files (x86)\Lenovo\FusionEngine;C:\Program Files (x86)\Intel\iCLS Client\;C:\Program Files\Intel\iCLS Client\;C:\windows\system32;C:\windows;C:\windows\System32\Wbem;C:\windows\System32\WindowsPowerShell\v1.0\;C:\Program Files\Intel\Intel(R) Management Engine Components\DAL;C:\Program Files (x86)\Intel\Intel(R) Management Engine Components\DAL;C:\Program Files\Intel\Intel(R) Management Engine Components\IPT;C:\Program Files (x86)\Intel\Intel(R) Management Engine Components\IPT;C:\Program Files (x86)\ATI Technologies\ATI.ACE\Core-Static;c:\Program Files (x86)\Microsoft SQL Server\100\Tools\Binn\;c:\Program Files\Microsoft SQL Server\100\Tools\Binn\;c:\Program Files\Microsoft SQL Server\100\DTS\Binn\;c:\Program Files (x86)\Microsoft SQL Server\100\Tools\Binn\VSShell\Common7\IDE\;c:\Program Files (x86)\Microsoft Visual Studio 9.0\Common7\IDE\PrivateAssemblies\;c:\Program Files (x86)\Microsoft SQL Server\100\DTS\Binn\;C:\Program Files\Java\jdk1.8.0_73\bin\;C:\Program Files\Intel\WiFi\bin\;C:\Program Files\Common Files\Intel\WirelessCommon\;C:\Program Files\Java\jdk1.8.0_73\bin;E:\UltraEdit\;C:\Program Files\Intel\WiFi\bin\;C:\Program Files\Common Files\Intel\WirelessCommon\
USERNAME=lenovo
OS=Windows_NT
PROCESSOR_IDENTIFIER=Intel64 Family 6 Model 61 Stepping 4, GenuineIntel



---------------  S Y S T E M  ---------------

OS: Windows 8.1 , 64 bit Build 9600 (6.3.9600.17415)

CPU:total 4 (2 cores per cpu, 2 threads per core) family 6 model 61 stepping 4, cmov, cx8, fxsr, mmx, sse, sse2, sse3, ssse3, sse4.1, sse4.2, popcnt, avx, avx2, aes, clmul, erms, 3dnowpref, lzcnt, ht, tsc, tscinvbit, bmi1, bmi2, adx

Memory: 4k page, physical 8300380k(960216k free), swap 11446108k(6088k free)

vm_info: Java HotSpot(TM) 64-Bit Server VM (25.73-b02) for windows-amd64 JRE (1.8.0_73-b02), built on Jan 29 2016 17:38:49 by "java_re" with MS VC++ 10.0 (VS2010)

time: Thu Jul 12 21:09:18 2018
elapsed time: 2 seconds (0d 0h 0m 2s)

