#
# There is insufficient memory for the Java Runtime Environment to continue.
# Native memory allocation (malloc) failed to allocate 1154064 bytes for Chunk::new
# Possible reasons:
#   The system is out of physical RAM or swap space
#   In 32 bit mode, the process size limit was hit
# Possible solutions:
#   Reduce memory load on the system
#   Increase physical memory or swap space
#   Check if swap backing store is full
#   Use 64 bit Java on a 64 bit OS
#   Decrease Java heap size (-Xmx/-Xms)
#   Decrease number of Java threads
#   Decrease Java thread stack sizes (-Xss)
#   Set larger code cache with -XX:ReservedCodeCacheSize=
# This output file may be truncated or incomplete.
#
#  Out of Memory Error (allocation.cpp:390), pid=17616, tid=1708
#
# JRE version: Java(TM) SE Runtime Environment (8.0_73-b02) (build 1.8.0_73-b02)
# Java VM: Java HotSpot(TM) 64-Bit Server VM (25.73-b02 mixed mode windows-amd64 compressed oops)
# Failed to write core dump. Minidumps are not enabled by default on client versions of Windows
#

---------------  T H R E A D  ---------------

Current thread (0x000000001515c000):  JavaThread "C2 CompilerThread0" daemon [_thread_in_native, id=1708, stack(0x00000000169d0000,0x0000000016ad0000)]

Stack: [0x00000000169d0000,0x0000000016ad0000]
[error occurred during error reporting (printing stack bounds), id 0xc0000005]

Native frames: (J=compiled Java code, j=interpreted, Vv=VM code, C=native code)


Current CompileTask:
C2:   2541 1246   !   4       com.android.dx.cf.code.BytecodeArray::parseInstruction (2764 bytes)


---------------  P R O C E S S  ---------------

Java Threads: ( => current thread )
  0x0000000016df0000 JavaThread "pool-2-thread-4" [_thread_blocked, id=17928, stack(0x00000000176d0000,0x00000000177d0000)]
  0x0000000016d4e800 JavaThread "pool-2-thread-3" [_thread_blocked, id=3276, stack(0x00000000175d0000,0x00000000176d0000)]
  0x0000000016d4d800 JavaThread "pool-2-thread-2" [_thread_blocked, id=14288, stack(0x00000000174d0000,0x00000000175d0000)]
  0x0000000016e13000 JavaThread "pool-3-thread-1" [_thread_blocked, id=16836, stack(0x00000000173d0000,0x00000000174d0000)]
  0x0000000016e12000 JavaThread "pool-2-thread-1" [_thread_in_Java, id=12992, stack(0x00000000172d0000,0x00000000173d0000)]
  0x0000000016b33000 JavaThread "Service Thread" daemon [_thread_blocked, id=13060, stack(0x00000000170d0000,0x00000000171d0000)]
  0x0000000016b29800 JavaThread "C1 CompilerThread2" daemon [_thread_in_native, id=18884, stack(0x0000000016fd0000,0x00000000170d0000)]
  0x0000000016b26800 JavaThread "C2 CompilerThread1" daemon [_thread_blocked, id=11720, stack(0x0000000016ed0000,0x0000000016fd0000)]
=>0x000000001515c000 JavaThread "C2 CompilerThread0" daemon [_thread_in_native, id=1708, stack(0x00000000169d0000,0x0000000016ad0000)]
  0x000000001515a800 JavaThread "Attach Listener" daemon [_thread_blocked, id=13868, stack(0x00000000168d0000,0x00000000169d0000)]
  0x000000001510e800 JavaThread "Signal Dispatcher" daemon [_thread_blocked, id=13780, stack(0x00000000167d0000,0x00000000168d0000)]
  0x00000000029f6000 JavaThread "Finalizer" daemon [_thread_blocked, id=2100, stack(0x0000000016360000,0x0000000016460000)]
  0x00000000029ed800 JavaThread "Reference Handler" daemon [_thread_blocked, id=17484, stack(0x0000000016260000,0x0000000016360000)]
  0x00000000027dd800 JavaThread "main" [_thread_in_vm, id=15140, stack(0x00000000027e0000,0x00000000028e0000)]

Other Threads:
  0x00000000150c8000 VMThread [stack: 0x0000000016160000,0x0000000016260000] [id=3576]
  0x0000000016bb6800 WatcherThread [stack: 0x00000000171d0000,0x00000000172d0000] [id=11156]

VM state:not at safepoint (normal execution)

VM Mutex/Monitor currently owned by a thread: None

Heap:
 PSYoungGen      total 38400K, used 12550K [0x00000000eab00000, 0x00000000ed580000, 0x0000000100000000)
  eden space 33280K, 22% used [0x00000000eab00000,0x00000000eb242b18,0x00000000ecb80000)
  from space 5120K, 99% used [0x00000000ecb80000,0x00000000ed07ee90,0x00000000ed080000)
  to   space 5120K, 0% used [0x00000000ed080000,0x00000000ed080000,0x00000000ed580000)
 ParOldGen       total 87552K, used 1305K [0x00000000c0000000, 0x00000000c5580000, 0x00000000eab00000)
  object space 87552K, 1% used [0x00000000c0000000,0x00000000c0146740,0x00000000c5580000)
 Metaspace       used 6058K, capacity 6902K, committed 7040K, reserved 1056768K
  class space    used 606K, capacity 622K, committed 640K, reserved 1048576K

Card table byte_map: [0x0000000011dd0000,0x0000000011fe0000] byte_map_base: 0x00000000117d0000

Marking Bits: (ParMarkBitMap*) 0x000000005e700600
 Begin Bits: [0x0000000012540000, 0x0000000013540000)
 End Bits:   [0x0000000013540000, 0x0000000014540000)

Polling page: 0x00000000028e0000

CodeCache: size=245760Kb used=4940Kb max_used=4940Kb free=240819Kb
 bounds [0x0000000002a10000, 0x0000000002ef0000, 0x0000000011a10000]
 total_blobs=1533 nmethods=1262 adapters=184
 compilation: enabled

Compilation events (10 events):
Event: 2.531 Thread 0x0000000016b26800 nmethod 1259 0x0000000002ed9110 code [0x0000000002ed9260, 0x0000000002ed9378]
Event: 2.532 Thread 0x0000000016b29800 1260       3       com.android.dx.cf.code.LocalVariableList::<init> (6 bytes)
Event: 2.532 Thread 0x0000000016b29800 nmethod 1260 0x0000000002ed4250 code [0x0000000002ed43c0, 0x0000000002ed4548]
Event: 2.532 Thread 0x0000000016b29800 1261       3       com.android.dx.cf.code.LineNumberList::<init> (6 bytes)
Event: 2.532 Thread 0x0000000016b29800 nmethod 1261 0x0000000002ed3ed0 code [0x0000000002ed4040, 0x0000000002ed41c8]
Event: 2.532 Thread 0x0000000016b29800 1262       3       com.android.dx.cf.code.BytecodeArray::<init> (43 bytes)
Event: 2.533 Thread 0x0000000016b29800 nmethod 1262 0x0000000002ed3810 code [0x0000000002ed39a0, 0x0000000002ed3d58]
Event: 2.533 Thread 0x0000000016b29800 1263   !   3       com.android.dx.cf.attrib.AttLineNumberTable::<init> (43 bytes)
Event: 2.533 Thread 0x0000000016b29800 nmethod 1263 0x0000000002eda350 code [0x0000000002eda500, 0x0000000002eda9f8]
Event: 2.537 Thread 0x0000000016b29800 1264   !   3       com.android.dx.cf.direct.StdAttributeFactory::parseLocalVariables (274 bytes)

GC Heap History (2 events):
Event: 2.063 GC heap before
{Heap before GC invocations=1 (full 0):
 PSYoungGen      total 38400K, used 33280K [0x00000000eab00000, 0x00000000ed580000, 0x0000000100000000)
  eden space 33280K, 100% used [0x00000000eab00000,0x00000000ecb80000,0x00000000ecb80000)
  from space 5120K, 0% used [0x00000000ed080000,0x00000000ed080000,0x00000000ed580000)
  to   space 5120K, 0% used [0x00000000ecb80000,0x00000000ecb80000,0x00000000ed080000)
 ParOldGen       total 87552K, used 0K [0x00000000c0000000, 0x00000000c5580000, 0x00000000eab00000)
  object space 87552K, 0% used [0x00000000c0000000,0x00000000c0000000,0x00000000c5580000)
 Metaspace       used 6018K, capacity 6902K, committed 7040K, reserved 1056768K
  class space    used 606K, capacity 622K, committed 640K, reserved 1048576K
Event: 2.341 GC heap after
Heap after GC invocations=1 (full 0):
 PSYoungGen      total 38400K, used 5115K [0x00000000eab00000, 0x00000000ed580000, 0x0000000100000000)
  eden space 33280K, 0% used [0x00000000eab00000,0x00000000eab00000,0x00000000ecb80000)
  from space 5120K, 99% used [0x00000000ecb80000,0x00000000ed07ee90,0x00000000ed080000)
  to   space 5120K, 0% used [0x00000000ed080000,0x00000000ed080000,0x00000000ed580000)
 ParOldGen       total 87552K, used 1305K [0x00000000c0000000, 0x00000000c5580000, 0x00000000eab00000)
  object space 87552K, 1% used [0x00000000c0000000,0x00000000c0146740,0x00000000c5580000)
 Metaspace       used 6018K, capacity 6902K, committed 7040K, reserved 1056768K
  class space    used 606K, capacity 622K, committed 640K, reserved 1048576K
}

Deoptimization events (3 events):
Event: 0.573 Thread 0x00000000027dd800 Uncommon trap: reason=unstable_if action=reinterpret pc=0x0000000002b61114 method=java.lang.String.compareTo(Ljava/lang/String;)I @ 38
Event: 1.195 Thread 0x0000000016d4d800 Uncommon trap: reason=unstable_if action=reinterpret pc=0x0000000002c3a038 method=java.util.HashMap.getNode(ILjava/lang/Object;)Ljava/util/HashMap$Node; @ 62
Event: 1.848 Thread 0x0000000016d4d800 Uncommon trap: reason=unstable_if action=reinterpret pc=0x0000000002cccb04 method=com.android.dx.rop.code.RegisterSpec.equals(ILcom/android/dx/rop/type/TypeBearer;Lcom/android/dx/rop/code/LocalItem;)Z @ 42

Internal exceptions (2 events):
Event: 0.143 Thread 0x00000000027dd800 Exception <a 'java/lang/NoSuchMethodError': Method sun.misc.Unsafe.defineClass(Ljava/lang/String;[BII)Ljava/lang/Class; name or signature does not match> (0x00000000eab12d68) thrown at [D:\re\puppet\workspace\8-2-build-windows-amd64-cygwin\jdk8u73\6086\hotÓæ™l£HÂ?
Event: 0.143 Thread 0x00000000027dd800 Exception <a 'java/lang/NoSuchMethodError': Method sun.misc.Unsafe.prefetchRead(Ljava/lang/Object;J)V name or signature does not match> (0x00000000eab13050) thrown at [D:\re\puppet\workspace\8-2-build-windows-amd64-cygwin\jdk8u73\6086\hotspot\src\share\vm\

Events (10 events):
Event: 1.348 loading class com/android/dx/dex/file/FieldAnnotationStruct done
Event: 1.351 loading class com/android/dx/cf/code/SwitchList
Event: 1.351 loading class com/android/dx/cf/code/SwitchList done
Event: 1.593 loading class java/util/DualPivotQuicksort
Event: 1.593 loading class java/util/DualPivotQuicksort done
Event: 1.848 Thread 0x0000000016d4d800 Uncommon trap: trap_request=0xffffff65 fr.pc=0x0000000002cccb04
Event: 1.848 Thread 0x0000000016d4d800 DEOPT PACKING pc=0x0000000002cccb04 sp=0x00000000175cee10
Event: 1.848 Thread 0x0000000016d4d800 DEOPT UNPACKING pc=0x0000000002a5582a sp=0x00000000175ced98 mode 2
Event: 1.897 Executing VM operation: ParallelGCFailedAllocation
Event: 2.341 Executing VM operation: ParallelGCFailedAllocation done


Dynamic libraries:
0x00007ff73b670000 - 0x00007ff73b6a7000 	C:\Program Files\Java\jdk1.8.0_73\bin\java.exe
0x00007fffb8540000 - 0x00007fffb86ed000 	C:\windows\SYSTEM32\ntdll.dll
0x00007fffb5c20000 - 0x00007fffb5d5e000 	C:\windows\system32\KERNEL32.DLL
0x00007fffb5760000 - 0x00007fffb5875000 	C:\windows\system32\KERNELBASE.dll
0x00007fffb4210000 - 0x00007fffb429e000 	C:\windows\system32\apphelp.dll
0x00007fff9a580000 - 0x00007fff9a5d3000 	C:\windows\AppPatch\AppPatch64\AcGenral.DLL
0x00007fffb6080000 - 0x00007fffb612a000 	C:\windows\system32\msvcrt.dll
0x00007fffb52c0000 - 0x00007fffb52ee000 	C:\windows\SYSTEM32\SspiCli.dll
0x00007fffb62e0000 - 0x00007fffb6334000 	C:\windows\system32\SHLWAPI.dll
0x00007fffb8200000 - 0x00007fffb8377000 	C:\windows\system32\USER32.dll
0x00007fffb7f00000 - 0x00007fffb8094000 	C:\windows\system32\ole32.dll
0x00007fffb6410000 - 0x00007fffb7928000 	C:\windows\system32\SHELL32.dll
0x00007fffb4c10000 - 0x00007fffb4c31000 	C:\windows\SYSTEM32\USERENV.dll
0x00007fffb5d80000 - 0x00007fffb5e2a000 	C:\windows\system32\ADVAPI32.dll
0x00007fffab440000 - 0x00007fffab45e000 	C:\windows\SYSTEM32\MPR.dll
0x00007fffb5e50000 - 0x00007fffb5f91000 	C:\windows\system32\RPCRT4.dll
0x00007fffb6130000 - 0x00007fffb6189000 	C:\windows\SYSTEM32\sechost.dll
0x00007fffb7930000 - 0x00007fffb7b41000 	C:\windows\SYSTEM32\combase.dll
0x00007fffb6190000 - 0x00007fffb62df000 	C:\windows\system32\GDI32.dll
0x00007fffb5690000 - 0x00007fffb56a5000 	C:\windows\SYSTEM32\profapi.dll
0x00007fffb3be0000 - 0x00007fffb3c92000 	C:\windows\SYSTEM32\SHCORE.dll
0x00007fffb7b50000 - 0x00007fffb7b86000 	C:\windows\system32\IMM32.DLL
0x00007fffb80a0000 - 0x00007fffb81f2000 	C:\windows\system32\MSCTF.dll
0x00007fffb3760000 - 0x00007fffb39db000 	C:\windows\WinSxS\amd64_microsoft.windows.common-controls_6595b64144ccf1df_6.0.9600.17415_none_6240486fecbd8abb\COMCTL32.dll
0x000000005d680000 - 0x000000005d752000 	C:\Program Files\Java\jdk1.8.0_73\jre\bin\msvcr100.dll
0x000000005def0000 - 0x000000005e780000 	C:\Program Files\Java\jdk1.8.0_73\jre\bin\server\jvm.dll
0x00007fffad1a0000 - 0x00007fffad1a9000 	C:\windows\SYSTEM32\WSOCK32.dll
0x00007fffad9a0000 - 0x00007fffad9c2000 	C:\windows\SYSTEM32\WINMM.dll
0x00007fffad1b0000 - 0x00007fffad1ba000 	C:\windows\SYSTEM32\VERSION.dll
0x00007fffb6400000 - 0x00007fffb6407000 	C:\windows\system32\PSAPI.DLL
0x00007fffb5bc0000 - 0x00007fffb5c1a000 	C:\windows\system32\WS2_32.dll
0x00007fffad970000 - 0x00007fffad99a000 	C:\windows\SYSTEM32\WINMMBASE.dll
0x00007fffb5d70000 - 0x00007fffb5d79000 	C:\windows\system32\NSI.dll
0x00007fffb5b10000 - 0x00007fffb5b5f000 	C:\windows\SYSTEM32\cfgmgr32.dll
0x00007fffb4490000 - 0x00007fffb44b8000 	C:\windows\SYSTEM32\DEVOBJ.dll
0x000000005ed20000 - 0x000000005ed2f000 	C:\Program Files\Java\jdk1.8.0_73\jre\bin\verify.dll
0x000000005ecf0000 - 0x000000005ed19000 	C:\Program Files\Java\jdk1.8.0_73\jre\bin\java.dll
0x000000005ddf0000 - 0x000000005de06000 	C:\Program Files\Java\jdk1.8.0_73\jre\bin\zip.dll

VM Arguments:
jvm_args: -Djava.awt.headless=true -Xmx1024M -Dfile.encoding=GBK -Duser.country=CN -Duser.language=zh -Duser.variant 
java_command: com.android.dx.command.Main --dex --force-jumbo --num-threads=4 --multi-dex --output E:\AndroidStudioProjects\TF_49\demo_06\build\intermediates\transforms\dex\debug\folders\1000\10\com.android.support-appcompat-v7-23.3.0_c140f7a83e414698768747dac1e6ffb2baf52299 E:\AndroidStudioProjects\TF_49\demo_06\build\intermediates\exploded-aar\com.android.support\appcompat-v7\23.3.0\jars\classes.jar
java_class_path (initial): E:\Android\sdk\build-tools\23.0.3\lib\dx.jar
Launcher Type: SUN_STANDARD

Environment Variables:
JAVA_HOME=C:\Program Files\Java\jdk1.8.0_73
PATH=C:\ProgramData\Oracle\Java\javapath;C:\Program Files (x86)\Lenovo\FusionEngine;C:\Program Files (x86)\Intel\iCLS Client\;C:\Program Files\Intel\iCLS Client\;C:\windows\system32;C:\windows;C:\windows\System32\Wbem;C:\windows\System32\WindowsPowerShell\v1.0\;C:\Program Files\Intel\Intel(R) Management Engine Components\DAL;C:\Program Files (x86)\Intel\Intel(R) Management Engine Components\DAL;C:\Program Files\Intel\Intel(R) Management Engine Components\IPT;C:\Program Files (x86)\Intel\Intel(R) Management Engine Components\IPT;C:\Program Files (x86)\ATI Technologies\ATI.ACE\Core-Static;c:\Program Files (x86)\Microsoft SQL Server\100\Tools\Binn\;c:\Program Files\Microsoft SQL Server\100\Tools\Binn\;c:\Program Files\Microsoft SQL Server\100\DTS\Binn\;c:\Program Files (x86)\Microsoft SQL Server\100\Tools\Binn\VSShell\Common7\IDE\;c:\Program Files (x86)\Microsoft Visual Studio 9.0\Common7\IDE\PrivateAssemblies\;c:\Program Files (x86)\Microsoft SQL Server\100\DTS\Binn\;C:\Program Files\Java\jdk1.8.0_73\bin\;C:\Program Files\Intel\WiFi\bin\;C:\Program Files\Common Files\Intel\WirelessCommon\;C:\Program Files\Java\jdk1.8.0_73\bin;E:\UltraEdit\;C:\Program Files\Intel\WiFi\bin\;C:\Program Files\Common Files\Intel\WirelessCommon\
USERNAME=lenovo
OS=Windows_NT
PROCESSOR_IDENTIFIER=Intel64 Family 6 Model 61 Stepping 4, GenuineIntel



---------------  S Y S T E M  ---------------

OS: Windows 8.1 , 64 bit Build 9600 (6.3.9600.17415)

CPU:total 4 (2 cores per cpu, 2 threads per core) family 6 model 61 stepping 4, cmov, cx8, fxsr, mmx, sse, sse2, sse3, ssse3, sse4.1, sse4.2, popcnt, avx, avx2, aes, clmul, erms, 3dnowpref, lzcnt, ht, tsc, tscinvbit, bmi1, bmi2, adx

Memory: 4k page, physical 8300380k(957608k free), swap 11446108k(5596k free)

vm_info: Java HotSpot(TM) 64-Bit Server VM (25.73-b02) for windows-amd64 JRE (1.8.0_73-b02), built on Jan 29 2016 17:38:49 by "java_re" with MS VC++ 10.0 (VS2010)

time: Thu Jul 12 21:09:18 2018
elapsed time: 2 seconds (0d 0h 0m 2s)

